2025-07-28 03:48:29 INFO  Loginpage:33 - ***** Starting Scenario: Checking login functionality should work with single user *****
2025-07-28 03:48:29 INFO  Loginpage:36 - Launching browser: chrome
2025-07-28 03:48:31 INFO  BaseClass:22 - WebDriver instance set for thread: 1
2025-07-28 03:48:31 INFO  Login:34 - Navigating to login page: https://www.saucedemo.com
2025-07-28 03:48:32 INFO  Loginpage:29 - Loginpage initialized
2025-07-28 03:48:32 INFO  Homepage:23 - Homepage initialized for driver thread: 1
2025-07-28 03:48:32 INFO  Login:47 - Entering username and password from config
2025-07-28 03:48:32 INFO  Loginpage:34 - Entering username: standard_user
2025-07-28 03:48:32 INFO  Loginpage:40 - Entering password
2025-07-28 03:48:32 INFO  Login:61 - Clicking on Login button
2025-07-28 03:48:32 INFO  Loginpage:46 - Clicking on login button
2025-07-28 03:48:32 INFO  Homepage:29 - Shopping cart link displayed: true
2025-07-28 03:48:32 INFO  Loginpage:62 - Scenario Passed: Checking login functionality should work with single user
2025-07-28 03:48:32 INFO  Loginpage:66 - Closing browser and quitting WebDriver
2025-07-28 03:48:32 INFO  BaseClass:29 - Quitting WebDriver for thread: 1
2025-07-28 03:48:33 INFO  Loginpage:33 - ***** Starting Scenario: Checking login functionality should work with multiple users *****
2025-07-28 03:48:33 INFO  Loginpage:36 - Launching browser: chrome
2025-07-28 03:48:33 INFO  BaseClass:22 - WebDriver instance set for thread: 1
2025-07-28 03:48:33 INFO  Login:34 - Navigating to login page: https://www.saucedemo.com
2025-07-28 03:48:34 INFO  Loginpage:29 - Loginpage initialized
2025-07-28 03:48:34 INFO  Homepage:23 - Homepage initialized for driver thread: 1
2025-07-28 03:48:34 INFO  Login:54 - Entering credentials from scenario: Username = standard_user
2025-07-28 03:48:34 INFO  Loginpage:34 - Entering username: standard_user
2025-07-28 03:48:34 INFO  Loginpage:40 - Entering password
2025-07-28 03:48:34 INFO  Login:61 - Clicking on Login button
2025-07-28 03:48:34 INFO  Loginpage:46 - Clicking on login button
2025-07-28 03:48:34 INFO  Homepage:29 - Shopping cart link displayed: true
2025-07-28 03:48:34 INFO  Loginpage:62 - Scenario Passed: Checking login functionality should work with multiple users
2025-07-28 03:48:34 INFO  Loginpage:66 - Closing browser and quitting WebDriver
2025-07-28 03:48:34 INFO  BaseClass:29 - Quitting WebDriver for thread: 1
2025-07-28 03:48:35 INFO  Loginpage:33 - ***** Starting Scenario: Checking login functionality should work with multiple users *****
2025-07-28 03:48:35 INFO  Loginpage:36 - Launching browser: chrome
2025-07-28 03:48:35 INFO  BaseClass:22 - WebDriver instance set for thread: 1
2025-07-28 03:48:35 INFO  Login:34 - Navigating to login page: https://www.saucedemo.com
2025-07-28 03:48:36 INFO  Loginpage:29 - Loginpage initialized
2025-07-28 03:48:36 INFO  Homepage:23 - Homepage initialized for driver thread: 1
2025-07-28 03:48:36 INFO  Login:54 - Entering credentials from scenario: Username = problem_user
2025-07-28 03:48:36 INFO  Loginpage:34 - Entering username: problem_user
2025-07-28 03:48:36 INFO  Loginpage:40 - Entering password
2025-07-28 03:48:36 INFO  Login:61 - Clicking on Login button
2025-07-28 03:48:36 INFO  Loginpage:46 - Clicking on login button
2025-07-28 03:48:36 INFO  Homepage:29 - Shopping cart link displayed: true
2025-07-28 03:48:36 INFO  Loginpage:62 - Scenario Passed: Checking login functionality should work with multiple users
2025-07-28 03:48:36 INFO  Loginpage:66 - Closing browser and quitting WebDriver
2025-07-28 03:48:36 INFO  BaseClass:29 - Quitting WebDriver for thread: 1
2025-07-28 03:48:36 INFO  Loginpage:33 - ***** Starting Scenario: Checking login functionality should work with multiple users *****
2025-07-28 03:48:36 INFO  Loginpage:36 - Launching browser: chrome
2025-07-28 03:48:37 INFO  BaseClass:22 - WebDriver instance set for thread: 1
2025-07-28 03:48:37 INFO  Login:34 - Navigating to login page: https://www.saucedemo.com
2025-07-28 03:48:38 INFO  Loginpage:29 - Loginpage initialized
2025-07-28 03:48:38 INFO  Homepage:23 - Homepage initialized for driver thread: 1
2025-07-28 03:48:38 INFO  Login:54 - Entering credentials from scenario: Username = performance_glitch_user
2025-07-28 03:48:38 INFO  Loginpage:34 - Entering username: performance_glitch_user
2025-07-28 03:48:38 INFO  Loginpage:40 - Entering password
2025-07-28 03:48:38 INFO  Login:61 - Clicking on Login button
2025-07-28 03:48:38 INFO  Loginpage:46 - Clicking on login button
2025-07-28 03:48:43 INFO  Homepage:29 - Shopping cart link displayed: true
2025-07-28 03:48:43 INFO  Loginpage:62 - Scenario Passed: Checking login functionality should work with multiple users
2025-07-28 03:48:43 INFO  Loginpage:66 - Closing browser and quitting WebDriver
2025-07-28 03:48:43 INFO  BaseClass:29 - Quitting WebDriver for thread: 1
2025-07-28 03:48:43 INFO  Loginpage:33 - ***** Starting Scenario: Checking login functionality should work with multiple users *****
2025-07-28 03:48:43 INFO  Loginpage:36 - Launching browser: chrome
2025-07-28 03:48:44 INFO  BaseClass:22 - WebDriver instance set for thread: 1
2025-07-28 03:48:44 INFO  Login:34 - Navigating to login page: https://www.saucedemo.com
2025-07-28 03:48:45 INFO  Loginpage:29 - Loginpage initialized
2025-07-28 03:48:45 INFO  Homepage:23 - Homepage initialized for driver thread: 1
2025-07-28 03:48:45 INFO  Login:54 - Entering credentials from scenario: Username = error_user
2025-07-28 03:48:45 INFO  Loginpage:34 - Entering username: error_user
2025-07-28 03:48:45 INFO  Loginpage:40 - Entering password
2025-07-28 03:48:45 INFO  Login:61 - Clicking on Login button
2025-07-28 03:48:45 INFO  Loginpage:46 - Clicking on login button
2025-07-28 03:48:45 INFO  Homepage:29 - Shopping cart link displayed: true
2025-07-28 03:48:45 INFO  Loginpage:62 - Scenario Passed: Checking login functionality should work with multiple users
2025-07-28 03:48:45 INFO  Loginpage:66 - Closing browser and quitting WebDriver
2025-07-28 03:48:45 INFO  BaseClass:29 - Quitting WebDriver for thread: 1
2025-07-28 03:48:45 INFO  Loginpage:33 - ***** Starting Scenario: Checking login functionality should work with multiple users *****
2025-07-28 03:48:45 INFO  Loginpage:36 - Launching browser: chrome
2025-07-28 03:48:46 INFO  BaseClass:22 - WebDriver instance set for thread: 1
2025-07-28 03:48:46 INFO  Login:34 - Navigating to login page: https://www.saucedemo.com
2025-07-28 03:48:46 INFO  Loginpage:29 - Loginpage initialized
2025-07-28 03:48:46 INFO  Homepage:23 - Homepage initialized for driver thread: 1
2025-07-28 03:48:46 INFO  Login:54 - Entering credentials from scenario: Username = visual_user
2025-07-28 03:48:46 INFO  Loginpage:34 - Entering username: visual_user
2025-07-28 03:48:46 INFO  Loginpage:40 - Entering password
2025-07-28 03:48:47 INFO  Login:61 - Clicking on Login button
2025-07-28 03:48:47 INFO  Loginpage:46 - Clicking on login button
2025-07-28 03:48:47 INFO  Homepage:29 - Shopping cart link displayed: true
2025-07-28 03:48:47 INFO  Loginpage:62 - Scenario Passed: Checking login functionality should work with multiple users
2025-07-28 03:48:47 INFO  Loginpage:66 - Closing browser and quitting WebDriver
2025-07-28 03:48:47 INFO  BaseClass:29 - Quitting WebDriver for thread: 1
2025-07-28 03:48:47 INFO  Loginpage:33 - ***** Starting Scenario: Checking login functionality should not work with this user *****
2025-07-28 03:48:47 INFO  Loginpage:36 - Launching browser: chrome
2025-07-28 03:48:48 INFO  BaseClass:22 - WebDriver instance set for thread: 1
2025-07-28 03:48:48 INFO  Login:34 - Navigating to login page: https://www.saucedemo.com
2025-07-28 03:48:48 INFO  Loginpage:29 - Loginpage initialized
2025-07-28 03:48:48 INFO  Homepage:23 - Homepage initialized for driver thread: 1
2025-07-28 03:48:48 INFO  Login:54 - Entering credentials from scenario: Username = locked_out_user
2025-07-28 03:48:48 INFO  Loginpage:34 - Entering username: locked_out_user
2025-07-28 03:48:48 INFO  Loginpage:40 - Entering password
2025-07-28 03:48:48 INFO  Login:61 - Clicking on Login button
2025-07-28 03:48:48 INFO  Loginpage:46 - Clicking on login button
2025-07-28 03:48:48 WARN  Login:73 - Verifying failed login attempt
2025-07-28 03:48:59 ERROR Homepage:32 - Shopping cart link not found
org.openqa.selenium.NoSuchElementException: no such element: Unable to locate element: {"method":"xpath","selector":"//a[@class='shopping_cart_link']"}
  (Session info: chrome=138.0.7204.169)
For documentation on this error, please visit: https://www.selenium.dev/documentation/webdriver/troubleshooting/errors#no-such-element-exception
Build info: version: '4.34.0', revision: '707dcb4246*'
System info: os.name: 'Windows 10', os.arch: 'amd64', os.version: '10.0', java.version: '11.0.26'
Driver info: org.openqa.selenium.chrome.ChromeDriver
Command: [6d79b91832000f8596c8a52c6d4fd7ab, findElement {value=//a[@class='shopping_cart_link'], using=xpath}]
Capabilities {acceptInsecureCerts: false, browserName: chrome, browserVersion: 138.0.7204.169, chrome: {chromedriverVersion: 138.0.7204.168 (3e8d82e86e9..., userDataDir: C:\Users\MYPC~1\AppData\Loc...}, fedcm:accounts: true, goog:chromeOptions: {debuggerAddress: localhost:62335}, networkConnectionEnabled: false, pageLoadStrategy: normal, platformName: windows, proxy: Proxy(), se:cdp: ws://localhost:62335/devtoo..., se:cdpVersion: 138.0.7204.169, setWindowRect: true, strictFileInteractability: false, timeouts: {implicit: 0, pageLoad: 300000, script: 30000}, unhandledPromptBehavior: dismiss and notify, webauthn:extension:credBlob: true, webauthn:extension:largeBlob: true, webauthn:extension:minPinLength: true, webauthn:extension:prf: true, webauthn:virtualAuthenticators: true}
Session ID: 6d79b91832000f8596c8a52c6d4fd7ab
	at jdk.internal.reflect.NativeConstructorAccessorImpl.newInstance0(Native Method) ~[?:?]
	at jdk.internal.reflect.NativeConstructorAccessorImpl.newInstance(NativeConstructorAccessorImpl.java:62) ~[?:?]
	at jdk.internal.reflect.DelegatingConstructorAccessorImpl.newInstance(DelegatingConstructorAccessorImpl.java:45) ~[?:?]
	at java.lang.reflect.Constructor.newInstance(Constructor.java:490) ~[?:?]
	at org.openqa.selenium.remote.ErrorCodec.decode(ErrorCodec.java:167) ~[selenium-remote-driver-4.34.0.jar:?]
	at org.openqa.selenium.remote.codec.w3c.W3CHttpResponseCodec.decode(W3CHttpResponseCodec.java:138) ~[selenium-remote-driver-4.34.0.jar:?]
	at org.openqa.selenium.remote.codec.w3c.W3CHttpResponseCodec.decode(W3CHttpResponseCodec.java:50) ~[selenium-remote-driver-4.34.0.jar:?]
	at org.openqa.selenium.remote.HttpCommandExecutor.execute(HttpCommandExecutor.java:215) ~[selenium-remote-driver-4.34.0.jar:?]
	at org.openqa.selenium.remote.service.DriverCommandExecutor.invokeExecute(DriverCommandExecutor.java:216) ~[selenium-remote-driver-4.34.0.jar:?]
	at org.openqa.selenium.remote.service.DriverCommandExecutor.execute(DriverCommandExecutor.java:174) ~[selenium-remote-driver-4.34.0.jar:?]
	at org.openqa.selenium.remote.RemoteWebDriver.execute(RemoteWebDriver.java:544) ~[selenium-remote-driver-4.34.0.jar:?]
	at org.openqa.selenium.remote.ElementLocation$ElementFinder$2.findElement(ElementLocation.java:165) ~[selenium-remote-driver-4.34.0.jar:?]
	at org.openqa.selenium.remote.ElementLocation.findElement(ElementLocation.java:59) ~[selenium-remote-driver-4.34.0.jar:?]
	at org.openqa.selenium.remote.RemoteWebDriver.findElement(RemoteWebDriver.java:367) ~[selenium-remote-driver-4.34.0.jar:?]
	at org.openqa.selenium.remote.RemoteWebDriver.findElement(RemoteWebDriver.java:361) ~[selenium-remote-driver-4.34.0.jar:?]
	at org.openqa.selenium.support.pagefactory.DefaultElementLocator.findElement(DefaultElementLocator.java:68) ~[selenium-support-4.34.0.jar:?]
	at org.openqa.selenium.support.pagefactory.internal.LocatingElementHandler.invoke(LocatingElementHandler.java:38) ~[selenium-support-4.34.0.jar:?]
	at com.sun.proxy.$Proxy36.isDisplayed(Unknown Source) ~[?:?]
	at basepackage.Homepage.verifyShoppingCartLink(Homepage.java:28) ~[classes/:?]
	at stepdefinitions.Login.user_should_not_navigate_to_home_page(Login.java:75) ~[test-classes/:?]
	at jdk.internal.reflect.NativeMethodAccessorImpl.invoke0(Native Method) ~[?:?]
	at jdk.internal.reflect.NativeMethodAccessorImpl.invoke(NativeMethodAccessorImpl.java:62) ~[?:?]
	at jdk.internal.reflect.DelegatingMethodAccessorImpl.invoke(DelegatingMethodAccessorImpl.java:43) ~[?:?]
	at java.lang.reflect.Method.invoke(Method.java:566) ~[?:?]
	at io.cucumber.java.Invoker.doInvoke(Invoker.java:66) ~[cucumber-java-7.22.0.jar:7.22.0]
	at io.cucumber.java.Invoker.invoke(Invoker.java:24) ~[cucumber-java-7.22.0.jar:7.22.0]
	at io.cucumber.java.AbstractGlueDefinition.invokeMethod(AbstractGlueDefinition.java:47) ~[cucumber-java-7.22.0.jar:7.22.0]
	at io.cucumber.java.JavaStepDefinition.execute(JavaStepDefinition.java:29) ~[cucumber-java-7.22.0.jar:7.22.0]
	at io.cucumber.core.runner.CoreStepDefinition.execute(CoreStepDefinition.java:66) ~[cucumber-core-7.22.0.jar:7.22.0]
	at io.cucumber.core.runner.PickleStepDefinitionMatch.runStep(PickleStepDefinitionMatch.java:62) ~[cucumber-core-7.22.0.jar:7.22.0]
	at io.cucumber.core.runner.ExecutionMode$1.execute(ExecutionMode.java:10) ~[cucumber-core-7.22.0.jar:7.22.0]
	at io.cucumber.core.runner.TestStep.executeStep(TestStep.java:81) ~[cucumber-core-7.22.0.jar:7.22.0]
	at io.cucumber.core.runner.TestStep.run(TestStep.java:53) ~[cucumber-core-7.22.0.jar:7.22.0]
	at io.cucumber.core.runner.PickleStepTestStep.run(PickleStepTestStep.java:51) ~[cucumber-core-7.22.0.jar:7.22.0]
	at io.cucumber.core.runner.TestCase.run(TestCase.java:86) ~[cucumber-core-7.22.0.jar:7.22.0]
	at io.cucumber.core.runner.Runner.runPickle(Runner.java:77) ~[cucumber-core-7.22.0.jar:7.22.0]
	at io.cucumber.junit.PickleRunners$NoStepDescriptions.lambda$run$0(PickleRunners.java:151) ~[cucumber-junit-7.22.1.jar:7.22.1]
	at io.cucumber.core.runtime.CucumberExecutionContext.lambda$runTestCase$5(CucumberExecutionContext.java:136) ~[cucumber-core-7.22.0.jar:7.22.0]
	at io.cucumber.core.runtime.RethrowingThrowableCollector.executeAndThrow(RethrowingThrowableCollector.java:23) ~[cucumber-core-7.22.0.jar:7.22.0]
	at io.cucumber.core.runtime.CucumberExecutionContext.runTestCase(CucumberExecutionContext.java:136) ~[cucumber-core-7.22.0.jar:7.22.0]
	at io.cucumber.junit.PickleRunners$NoStepDescriptions.run(PickleRunners.java:148) ~[cucumber-junit-7.22.1.jar:7.22.1]
	at io.cucumber.junit.FeatureRunner.runChild(FeatureRunner.java:144) ~[cucumber-junit-7.22.1.jar:7.22.1]
	at io.cucumber.junit.FeatureRunner.runChild(FeatureRunner.java:28) ~[cucumber-junit-7.22.1.jar:7.22.1]
	at org.junit.runners.ParentRunner$4.run(ParentRunner.java:331) ~[junit-4.13.2.jar:4.13.2]
	at org.junit.runners.ParentRunner$1.schedule(ParentRunner.java:79) ~[junit-4.13.2.jar:4.13.2]
	at org.junit.runners.ParentRunner.runChildren(ParentRunner.java:329) ~[junit-4.13.2.jar:4.13.2]
	at org.junit.runners.ParentRunner.access$100(ParentRunner.java:66) ~[junit-4.13.2.jar:4.13.2]
	at org.junit.runners.ParentRunner$2.evaluate(ParentRunner.java:293) ~[junit-4.13.2.jar:4.13.2]
	at org.junit.runners.ParentRunner$3.evaluate(ParentRunner.java:306) ~[junit-4.13.2.jar:4.13.2]
	at org.junit.runners.ParentRunner.run(ParentRunner.java:413) ~[junit-4.13.2.jar:4.13.2]
	at io.cucumber.junit.FeatureRunner.run(FeatureRunner.java:137) ~[cucumber-junit-7.22.1.jar:7.22.1]
	at io.cucumber.junit.Cucumber.runChild(Cucumber.java:199) ~[cucumber-junit-7.22.1.jar:7.22.1]
	at io.cucumber.junit.Cucumber.runChild(Cucumber.java:89) ~[cucumber-junit-7.22.1.jar:7.22.1]
	at org.junit.runners.ParentRunner$4.run(ParentRunner.java:331) ~[junit-4.13.2.jar:4.13.2]
	at org.junit.runners.ParentRunner$1.schedule(ParentRunner.java:79) ~[junit-4.13.2.jar:4.13.2]
	at org.junit.runners.ParentRunner.runChildren(ParentRunner.java:329) ~[junit-4.13.2.jar:4.13.2]
	at org.junit.runners.ParentRunner.access$100(ParentRunner.java:66) ~[junit-4.13.2.jar:4.13.2]
	at org.junit.runners.ParentRunner$2.evaluate(ParentRunner.java:293) ~[junit-4.13.2.jar:4.13.2]
	at io.cucumber.core.runtime.CucumberExecutionContext.lambda$runFeatures$6(CucumberExecutionContext.java:147) ~[cucumber-core-7.22.0.jar:7.22.0]
	at io.cucumber.core.runtime.CucumberExecutionContext.execute(CucumberExecutionContext.java:162) [cucumber-core-7.22.0.jar:7.22.0]
	at io.cucumber.core.runtime.CucumberExecutionContext.runFeatures(CucumberExecutionContext.java:145) [cucumber-core-7.22.0.jar:7.22.0]
	at io.cucumber.junit.Cucumber$StartAndFinishTestRun.evaluate(Cucumber.java:229) [cucumber-junit-7.22.1.jar:7.22.1]
	at org.junit.runners.ParentRunner$3.evaluate(ParentRunner.java:306) [junit-4.13.2.jar:4.13.2]
	at org.junit.runners.ParentRunner.run(ParentRunner.java:413) [junit-4.13.2.jar:4.13.2]
	at org.junit.runner.JUnitCore.run(JUnitCore.java:137) [junit-4.13.2.jar:4.13.2]
	at com.intellij.junit4.JUnit4IdeaTestRunner.startRunnerWithArgs(JUnit4IdeaTestRunner.java:69) [junit-rt.jar:?]
	at com.intellij.rt.junit.IdeaTestRunner$Repeater$1.execute(IdeaTestRunner.java:38) [junit-rt.jar:?]
	at com.intellij.rt.execution.junit.TestsRepeater.repeat(TestsRepeater.java:11) [idea_rt.jar:?]
	at com.intellij.rt.junit.IdeaTestRunner$Repeater.startRunnerWithArgs(IdeaTestRunner.java:35) [junit-rt.jar:?]
	at com.intellij.rt.junit.JUnitStarter.prepareStreamsAndStart(JUnitStarter.java:231) [junit-rt.jar:?]
	at com.intellij.rt.junit.JUnitStarter.main(JUnitStarter.java:55) [junit-rt.jar:?]
2025-07-28 03:48:59 WARN  Login:76 - Login failed - Home page not loaded
2025-07-28 03:48:59 INFO  Loginpage:62 - Scenario Passed: Checking login functionality should not work with this user
2025-07-28 03:48:59 INFO  Loginpage:66 - Closing browser and quitting WebDriver
2025-07-28 03:48:59 INFO  BaseClass:29 - Quitting WebDriver for thread: 1
2025-07-28 03:48:59 INFO  Loginpage:33 - ***** Starting Scenario: User should be able to login using data from Excel *****
2025-07-28 03:48:59 INFO  Loginpage:36 - Launching browser: chrome
2025-07-28 03:48:59 INFO  BaseClass:22 - WebDriver instance set for thread: 1
2025-07-28 03:48:59 INFO  Login:82 - Reading login data from Excel file: testdata/LoginData.xlsx
2025-07-28 03:49:00 INFO  Login:89 - Logging in with username: standard_user
2025-07-28 03:49:00 INFO  BaseClass:22 - WebDriver instance set for thread: 1
2025-07-28 03:49:01 INFO  Loginpage:29 - Loginpage initialized
2025-07-28 03:49:01 INFO  Loginpage:34 - Entering username: standard_user
2025-07-28 03:49:01 INFO  Loginpage:40 - Entering password
2025-07-28 03:49:01 INFO  Loginpage:46 - Clicking on login button
2025-07-28 03:49:01 INFO  Homepage:23 - Homepage initialized for driver thread: 1
2025-07-28 03:49:01 INFO  Homepage:29 - Shopping cart link displayed: true
2025-07-28 03:49:01 INFO  Homepage:29 - Shopping cart link displayed: true
2025-07-28 03:49:01 INFO  Login:107 - Login success: true
2025-07-28 03:49:02 INFO  Login:89 - Logging in with username: problem_user
2025-07-28 03:49:02 INFO  BaseClass:22 - WebDriver instance set for thread: 1
2025-07-28 03:49:03 INFO  Loginpage:29 - Loginpage initialized
2025-07-28 03:49:03 INFO  Loginpage:34 - Entering username: problem_user
2025-07-28 03:49:03 INFO  Loginpage:40 - Entering password
2025-07-28 03:49:03 INFO  Loginpage:46 - Clicking on login button
2025-07-28 03:49:03 INFO  Homepage:23 - Homepage initialized for driver thread: 1
2025-07-28 03:49:03 INFO  Homepage:29 - Shopping cart link displayed: true
2025-07-28 03:49:03 INFO  Homepage:29 - Shopping cart link displayed: true
2025-07-28 03:49:03 INFO  Login:107 - Login success: true
2025-07-28 03:49:04 INFO  Login:89 - Logging in with username: performance_glitch_user
2025-07-28 03:49:04 INFO  BaseClass:22 - WebDriver instance set for thread: 1
2025-07-28 03:49:05 INFO  Loginpage:29 - Loginpage initialized
2025-07-28 03:49:05 INFO  Loginpage:34 - Entering username: performance_glitch_user
2025-07-28 03:49:05 INFO  Loginpage:40 - Entering password
2025-07-28 03:49:05 INFO  Loginpage:46 - Clicking on login button
2025-07-28 03:49:10 INFO  Homepage:23 - Homepage initialized for driver thread: 1
2025-07-28 03:49:10 INFO  Homepage:29 - Shopping cart link displayed: true
2025-07-28 03:49:10 INFO  Homepage:29 - Shopping cart link displayed: true
2025-07-28 03:49:10 INFO  Login:107 - Login success: true
2025-07-28 03:49:10 INFO  Login:89 - Logging in with username: error_user
2025-07-28 03:49:11 INFO  BaseClass:22 - WebDriver instance set for thread: 1
2025-07-28 03:49:12 INFO  Loginpage:29 - Loginpage initialized
2025-07-28 03:49:12 INFO  Loginpage:34 - Entering username: error_user
2025-07-28 03:49:12 INFO  Loginpage:40 - Entering password
2025-07-28 03:49:12 INFO  Loginpage:46 - Clicking on login button
2025-07-28 03:49:12 INFO  Homepage:23 - Homepage initialized for driver thread: 1
2025-07-28 03:49:12 INFO  Homepage:29 - Shopping cart link displayed: true
2025-07-28 03:49:12 INFO  Homepage:29 - Shopping cart link displayed: true
2025-07-28 03:49:12 INFO  Login:107 - Login success: true
2025-07-28 03:49:12 INFO  Login:89 - Logging in with username: visual_user
2025-07-28 03:49:13 INFO  BaseClass:22 - WebDriver instance set for thread: 1
2025-07-28 03:49:14 INFO  Loginpage:29 - Loginpage initialized
2025-07-28 03:49:14 INFO  Loginpage:34 - Entering username: visual_user
2025-07-28 03:49:14 INFO  Loginpage:40 - Entering password
2025-07-28 03:49:14 INFO  Loginpage:46 - Clicking on login button
2025-07-28 03:49:14 INFO  Homepage:23 - Homepage initialized for driver thread: 1
2025-07-28 03:49:14 INFO  Homepage:29 - Shopping cart link displayed: true
2025-07-28 03:49:14 INFO  Homepage:29 - Shopping cart link displayed: true
2025-07-28 03:49:14 INFO  Login:107 - Login success: true
2025-07-28 03:49:14 INFO  Login:89 - Logging in with username: standard_user
2025-07-28 03:49:15 INFO  BaseClass:22 - WebDriver instance set for thread: 1
2025-07-28 03:49:16 INFO  Loginpage:29 - Loginpage initialized
2025-07-28 03:49:16 INFO  Loginpage:34 - Entering username: standard_user
2025-07-28 03:49:16 INFO  Loginpage:40 - Entering password
2025-07-28 03:49:16 INFO  Loginpage:46 - Clicking on login button
2025-07-28 03:49:16 INFO  Homepage:23 - Homepage initialized for driver thread: 1
2025-07-28 03:49:16 INFO  Homepage:29 - Shopping cart link displayed: true
2025-07-28 03:49:16 INFO  Homepage:29 - Shopping cart link displayed: true
2025-07-28 03:49:16 INFO  Login:107 - Login success: true
2025-07-28 03:49:16 INFO  Login:89 - Logging in with username: problem_user
2025-07-28 03:49:17 INFO  BaseClass:22 - WebDriver instance set for thread: 1
2025-07-28 03:49:17 INFO  Loginpage:29 - Loginpage initialized
2025-07-28 03:49:17 INFO  Loginpage:34 - Entering username: problem_user
2025-07-28 03:49:17 INFO  Loginpage:40 - Entering password
2025-07-28 03:49:18 INFO  Loginpage:46 - Clicking on login button
2025-07-28 03:49:18 INFO  Homepage:23 - Homepage initialized for driver thread: 1
2025-07-28 03:49:18 INFO  Homepage:29 - Shopping cart link displayed: true
2025-07-28 03:49:18 INFO  Homepage:29 - Shopping cart link displayed: true
2025-07-28 03:49:18 INFO  Login:107 - Login success: true
2025-07-28 03:49:18 INFO  Login:89 - Logging in with username: performance_glitch_user
2025-07-28 03:49:18 INFO  BaseClass:22 - WebDriver instance set for thread: 1
2025-07-28 03:49:19 INFO  Loginpage:29 - Loginpage initialized
2025-07-28 03:49:19 INFO  Loginpage:34 - Entering username: performance_glitch_user
2025-07-28 03:49:19 INFO  Loginpage:40 - Entering password
2025-07-28 03:49:19 INFO  Loginpage:46 - Clicking on login button
2025-07-28 03:49:24 INFO  Homepage:23 - Homepage initialized for driver thread: 1
2025-07-28 03:49:24 INFO  Homepage:29 - Shopping cart link displayed: true
2025-07-28 03:49:24 INFO  Homepage:29 - Shopping cart link displayed: true
2025-07-28 03:49:24 INFO  Login:107 - Login success: true
2025-07-28 03:49:25 INFO  Login:89 - Logging in with username: error_user
2025-07-28 03:49:25 INFO  BaseClass:22 - WebDriver instance set for thread: 1
2025-07-28 03:49:26 INFO  Loginpage:29 - Loginpage initialized
2025-07-28 03:49:26 INFO  Loginpage:34 - Entering username: error_user
2025-07-28 03:49:26 INFO  Loginpage:40 - Entering password
2025-07-28 03:49:26 INFO  Loginpage:46 - Clicking on login button
2025-07-28 03:49:26 INFO  Homepage:23 - Homepage initialized for driver thread: 1
2025-07-28 03:49:26 INFO  Homepage:29 - Shopping cart link displayed: true
2025-07-28 03:49:26 INFO  Homepage:29 - Shopping cart link displayed: true
2025-07-28 03:49:26 INFO  Login:107 - Login success: true
2025-07-28 03:49:26 INFO  Login:89 - Logging in with username: visual_user
2025-07-28 03:49:27 INFO  BaseClass:22 - WebDriver instance set for thread: 1
2025-07-28 03:49:28 INFO  Loginpage:29 - Loginpage initialized
2025-07-28 03:49:28 INFO  Loginpage:34 - Entering username: visual_user
2025-07-28 03:49:28 INFO  Loginpage:40 - Entering password
2025-07-28 03:49:28 INFO  Loginpage:46 - Clicking on login button
2025-07-28 03:49:28 INFO  Homepage:23 - Homepage initialized for driver thread: 1
2025-07-28 03:49:28 INFO  Homepage:29 - Shopping cart link displayed: true
2025-07-28 03:49:28 INFO  Homepage:29 - Shopping cart link displayed: true
2025-07-28 03:49:28 INFO  Login:107 - Login success: true
2025-07-28 03:49:28 INFO  Loginpage:62 - Scenario Passed: User should be able to login using data from Excel
2025-07-28 03:49:28 INFO  Loginpage:66 - Closing browser and quitting WebDriver
2025-07-28 03:49:28 INFO  BaseClass:29 - Quitting WebDriver for thread: 1
2025-07-28 15:05:45 INFO  ExtentReportManager:17 - Creating Extent Report at: D:\Ideaprojects\MyProjects\ExtentReportJavaAndCucumber/test-output/ExtentReport.html
2025-07-28 15:05:45 INFO  ExtentReportManager:21 - Extent Report initialized successfully.
2025-07-28 15:05:45 INFO  Loginpage:33 - ***** Starting Scenario: Checking login functionality should work with single user *****
2025-07-28 15:05:45 INFO  ConfigPropertiesReader:19 - Loading configuration from: src/main/java/properties/config.properties
2025-07-28 15:05:45 INFO  ConfigPropertiesReader:24 - Configuration loaded successfully.
2025-07-28 15:05:45 INFO  Loginpage:36 - Launching browser: chrome
2025-07-28 15:05:47 INFO  BaseClass:22 - WebDriver instance set for thread: 1
2025-07-28 15:05:47 INFO  Login:34 - Navigating to login page: https://www.saucedemo.com
2025-07-28 15:05:48 INFO  Loginpage:29 - Loginpage initialized
2025-07-28 15:05:48 INFO  Homepage:23 - Homepage initialized for driver thread: 1
2025-07-28 15:05:48 INFO  WaitClass:17 - WaitClass initialized for driver: ChromeDriver: chrome on windows (99ae6752dc23243d06307ded63c77192)
2025-07-28 15:05:48 INFO  Login:47 - Entering username and password from config
2025-07-28 15:05:48 INFO  Loginpage:34 - Entering username: standard_user
2025-07-28 15:05:48 INFO  Loginpage:40 - Entering password
2025-07-28 15:05:48 INFO  Login:61 - Clicking on Login button
2025-07-28 15:05:48 INFO  Loginpage:46 - Clicking on login button
2025-07-28 15:05:48 INFO  WaitClass:23 - Implicit wait applied: 10 seconds
2025-07-28 15:05:49 INFO  Homepage:29 - Shopping cart link displayed: true
2025-07-28 15:05:49 INFO  Loginpage:62 - Scenario Passed: Checking login functionality should work with single user
2025-07-28 15:05:49 INFO  Loginpage:66 - Closing browser and quitting WebDriver
2025-07-28 15:05:49 INFO  BaseClass:29 - Quitting WebDriver for thread: 1
2025-07-28 15:05:49 INFO  Loginpage:33 - ***** Starting Scenario: Checking login functionality should work with multiple users *****
2025-07-28 15:05:49 INFO  Loginpage:36 - Launching browser: chrome
2025-07-28 15:05:50 INFO  BaseClass:22 - WebDriver instance set for thread: 1
2025-07-28 15:05:50 INFO  Login:34 - Navigating to login page: https://www.saucedemo.com
2025-07-28 15:05:51 INFO  Loginpage:29 - Loginpage initialized
2025-07-28 15:05:51 INFO  Homepage:23 - Homepage initialized for driver thread: 1
2025-07-28 15:05:51 INFO  WaitClass:17 - WaitClass initialized for driver: ChromeDriver: chrome on windows (d005c425a62a9ece22d26a220d4218f3)
2025-07-28 15:05:51 INFO  Login:54 - Entering credentials from scenario: Username = standard_user
2025-07-28 15:05:51 INFO  Loginpage:34 - Entering username: standard_user
2025-07-28 15:05:51 INFO  Loginpage:40 - Entering password
2025-07-28 15:05:51 INFO  Login:61 - Clicking on Login button
2025-07-28 15:05:51 INFO  Loginpage:46 - Clicking on login button
2025-07-28 15:05:51 INFO  WaitClass:23 - Implicit wait applied: 10 seconds
2025-07-28 15:05:51 INFO  Homepage:29 - Shopping cart link displayed: true
2025-07-28 15:05:51 INFO  Loginpage:62 - Scenario Passed: Checking login functionality should work with multiple users
2025-07-28 15:05:51 INFO  Loginpage:66 - Closing browser and quitting WebDriver
2025-07-28 15:05:51 INFO  BaseClass:29 - Quitting WebDriver for thread: 1
2025-07-28 15:05:51 INFO  Loginpage:33 - ***** Starting Scenario: Checking login functionality should work with multiple users *****
2025-07-28 15:05:51 INFO  Loginpage:36 - Launching browser: chrome
2025-07-28 15:05:52 INFO  BaseClass:22 - WebDriver instance set for thread: 1
2025-07-28 15:05:52 INFO  Login:34 - Navigating to login page: https://www.saucedemo.com
2025-07-28 15:05:52 INFO  Loginpage:29 - Loginpage initialized
2025-07-28 15:05:52 INFO  Homepage:23 - Homepage initialized for driver thread: 1
2025-07-28 15:05:52 INFO  WaitClass:17 - WaitClass initialized for driver: ChromeDriver: chrome on windows (a933246fcf9fe1982163c3b83e000d93)
2025-07-28 15:05:52 INFO  Login:54 - Entering credentials from scenario: Username = problem_user
2025-07-28 15:05:52 INFO  Loginpage:34 - Entering username: problem_user
2025-07-28 15:05:53 INFO  Loginpage:40 - Entering password
2025-07-28 15:05:53 INFO  Login:61 - Clicking on Login button
2025-07-28 15:05:53 INFO  Loginpage:46 - Clicking on login button
2025-07-28 15:05:53 INFO  WaitClass:23 - Implicit wait applied: 10 seconds
2025-07-28 15:05:53 INFO  Homepage:29 - Shopping cart link displayed: true
2025-07-28 15:05:53 INFO  Loginpage:62 - Scenario Passed: Checking login functionality should work with multiple users
2025-07-28 15:05:53 INFO  Loginpage:66 - Closing browser and quitting WebDriver
2025-07-28 15:05:53 INFO  BaseClass:29 - Quitting WebDriver for thread: 1
2025-07-28 15:05:53 INFO  Loginpage:33 - ***** Starting Scenario: Checking login functionality should work with multiple users *****
2025-07-28 15:05:53 INFO  Loginpage:36 - Launching browser: chrome
2025-07-28 15:05:54 INFO  BaseClass:22 - WebDriver instance set for thread: 1
2025-07-28 15:05:54 INFO  Login:34 - Navigating to login page: https://www.saucedemo.com
2025-07-28 15:05:54 INFO  Loginpage:29 - Loginpage initialized
2025-07-28 15:05:54 INFO  Homepage:23 - Homepage initialized for driver thread: 1
2025-07-28 15:05:54 INFO  WaitClass:17 - WaitClass initialized for driver: ChromeDriver: chrome on windows (b5fdf0a436742ce2928ff3e200874b16)
2025-07-28 15:05:54 INFO  Login:54 - Entering credentials from scenario: Username = performance_glitch_user
2025-07-28 15:05:54 INFO  Loginpage:34 - Entering username: performance_glitch_user
2025-07-28 15:05:54 INFO  Loginpage:40 - Entering password
2025-07-28 15:05:54 INFO  Login:61 - Clicking on Login button
2025-07-28 15:05:54 INFO  Loginpage:46 - Clicking on login button
2025-07-28 15:06:00 INFO  WaitClass:23 - Implicit wait applied: 10 seconds
2025-07-28 15:06:00 INFO  Homepage:29 - Shopping cart link displayed: true
2025-07-28 15:06:00 INFO  Loginpage:62 - Scenario Passed: Checking login functionality should work with multiple users
2025-07-28 15:06:00 INFO  Loginpage:66 - Closing browser and quitting WebDriver
2025-07-28 15:06:00 INFO  BaseClass:29 - Quitting WebDriver for thread: 1
2025-07-28 15:06:00 INFO  Loginpage:33 - ***** Starting Scenario: Checking login functionality should work with multiple users *****
2025-07-28 15:06:00 INFO  Loginpage:36 - Launching browser: chrome
2025-07-28 15:06:01 INFO  BaseClass:22 - WebDriver instance set for thread: 1
2025-07-28 15:06:01 INFO  Login:34 - Navigating to login page: https://www.saucedemo.com
2025-07-28 15:06:01 INFO  Loginpage:29 - Loginpage initialized
2025-07-28 15:06:01 INFO  Homepage:23 - Homepage initialized for driver thread: 1
2025-07-28 15:06:01 INFO  WaitClass:17 - WaitClass initialized for driver: ChromeDriver: chrome on windows (129fdd290d9d8a50ff6bb35ddb92abd4)
2025-07-28 15:06:01 INFO  Login:54 - Entering credentials from scenario: Username = error_user
2025-07-28 15:06:01 INFO  Loginpage:34 - Entering username: error_user
2025-07-28 15:06:01 INFO  Loginpage:40 - Entering password
2025-07-28 15:06:01 INFO  Login:61 - Clicking on Login button
2025-07-28 15:06:01 INFO  Loginpage:46 - Clicking on login button
2025-07-28 15:06:02 INFO  WaitClass:23 - Implicit wait applied: 10 seconds
2025-07-28 15:06:02 INFO  Homepage:29 - Shopping cart link displayed: true
2025-07-28 15:06:02 INFO  Loginpage:62 - Scenario Passed: Checking login functionality should work with multiple users
2025-07-28 15:06:02 INFO  Loginpage:66 - Closing browser and quitting WebDriver
2025-07-28 15:06:02 INFO  BaseClass:29 - Quitting WebDriver for thread: 1
2025-07-28 15:06:02 INFO  Loginpage:33 - ***** Starting Scenario: Checking login functionality should work with multiple users *****
2025-07-28 15:06:02 INFO  Loginpage:36 - Launching browser: chrome
2025-07-28 15:06:02 INFO  BaseClass:22 - WebDriver instance set for thread: 1
2025-07-28 15:06:02 INFO  Login:34 - Navigating to login page: https://www.saucedemo.com
2025-07-28 15:06:03 INFO  Loginpage:29 - Loginpage initialized
2025-07-28 15:06:03 INFO  Homepage:23 - Homepage initialized for driver thread: 1
2025-07-28 15:06:03 INFO  WaitClass:17 - WaitClass initialized for driver: ChromeDriver: chrome on windows (2b53a9bc53def0c93eee5038b5e6be29)
2025-07-28 15:06:03 INFO  Login:54 - Entering credentials from scenario: Username = visual_user
2025-07-28 15:06:03 INFO  Loginpage:34 - Entering username: visual_user
2025-07-28 15:06:03 INFO  Loginpage:40 - Entering password
2025-07-28 15:06:03 INFO  Login:61 - Clicking on Login button
2025-07-28 15:06:03 INFO  Loginpage:46 - Clicking on login button
2025-07-28 15:06:03 INFO  WaitClass:23 - Implicit wait applied: 10 seconds
2025-07-28 15:06:03 INFO  Homepage:29 - Shopping cart link displayed: true
2025-07-28 15:06:03 INFO  Loginpage:62 - Scenario Passed: Checking login functionality should work with multiple users
2025-07-28 15:06:03 INFO  Loginpage:66 - Closing browser and quitting WebDriver
2025-07-28 15:06:03 INFO  BaseClass:29 - Quitting WebDriver for thread: 1
2025-07-28 15:06:04 INFO  Loginpage:33 - ***** Starting Scenario: Checking login functionality should not work with this user *****
2025-07-28 15:06:04 INFO  Loginpage:36 - Launching browser: chrome
2025-07-28 15:06:04 INFO  BaseClass:22 - WebDriver instance set for thread: 1
2025-07-28 15:06:04 INFO  Login:34 - Navigating to login page: https://www.saucedemo.com
2025-07-28 15:06:05 INFO  Loginpage:29 - Loginpage initialized
2025-07-28 15:06:05 INFO  Homepage:23 - Homepage initialized for driver thread: 1
2025-07-28 15:06:05 INFO  WaitClass:17 - WaitClass initialized for driver: ChromeDriver: chrome on windows (3287a9aa8d9b24027242e295220b2c87)
2025-07-28 15:06:05 INFO  Login:54 - Entering credentials from scenario: Username = locked_out_user
2025-07-28 15:06:05 INFO  Loginpage:34 - Entering username: locked_out_user
2025-07-28 15:06:05 INFO  Loginpage:40 - Entering password
2025-07-28 15:06:05 INFO  Login:61 - Clicking on Login button
2025-07-28 15:06:05 INFO  Loginpage:46 - Clicking on login button
2025-07-28 15:06:05 WARN  Login:73 - Verifying failed login attempt
2025-07-28 15:06:05 INFO  WaitClass:23 - Implicit wait applied: 10 seconds
2025-07-28 15:06:15 ERROR Homepage:32 - Shopping cart link not found
org.openqa.selenium.NoSuchElementException: no such element: Unable to locate element: {"method":"xpath","selector":"//a[@class='shopping_cart_link']"}
  (Session info: chrome=138.0.7204.169)
For documentation on this error, please visit: https://www.selenium.dev/documentation/webdriver/troubleshooting/errors#no-such-element-exception
Build info: version: '4.34.0', revision: '707dcb4246*'
System info: os.name: 'Windows 10', os.arch: 'amd64', os.version: '10.0', java.version: '11.0.26'
Driver info: org.openqa.selenium.chrome.ChromeDriver
Command: [3287a9aa8d9b24027242e295220b2c87, findElement {value=//a[@class='shopping_cart_link'], using=xpath}]
Capabilities {acceptInsecureCerts: false, browserName: chrome, browserVersion: 138.0.7204.169, chrome: {chromedriverVersion: 138.0.7204.168 (3e8d82e86e9..., userDataDir: C:\Users\MYPC~1\AppData\Loc...}, fedcm:accounts: true, goog:chromeOptions: {debuggerAddress: localhost:63558}, networkConnectionEnabled: false, pageLoadStrategy: normal, platformName: windows, proxy: Proxy(), se:cdp: ws://localhost:63558/devtoo..., se:cdpVersion: 138.0.7204.169, setWindowRect: true, strictFileInteractability: false, timeouts: {implicit: 0, pageLoad: 300000, script: 30000}, unhandledPromptBehavior: dismiss and notify, webauthn:extension:credBlob: true, webauthn:extension:largeBlob: true, webauthn:extension:minPinLength: true, webauthn:extension:prf: true, webauthn:virtualAuthenticators: true}
Session ID: 3287a9aa8d9b24027242e295220b2c87
	at jdk.internal.reflect.NativeConstructorAccessorImpl.newInstance0(Native Method) ~[?:?]
	at jdk.internal.reflect.NativeConstructorAccessorImpl.newInstance(NativeConstructorAccessorImpl.java:62) ~[?:?]
	at jdk.internal.reflect.DelegatingConstructorAccessorImpl.newInstance(DelegatingConstructorAccessorImpl.java:45) ~[?:?]
	at java.lang.reflect.Constructor.newInstance(Constructor.java:490) ~[?:?]
	at org.openqa.selenium.remote.ErrorCodec.decode(ErrorCodec.java:167) ~[selenium-remote-driver-4.34.0.jar:?]
	at org.openqa.selenium.remote.codec.w3c.W3CHttpResponseCodec.decode(W3CHttpResponseCodec.java:138) ~[selenium-remote-driver-4.34.0.jar:?]
	at org.openqa.selenium.remote.codec.w3c.W3CHttpResponseCodec.decode(W3CHttpResponseCodec.java:50) ~[selenium-remote-driver-4.34.0.jar:?]
	at org.openqa.selenium.remote.HttpCommandExecutor.execute(HttpCommandExecutor.java:215) ~[selenium-remote-driver-4.34.0.jar:?]
	at org.openqa.selenium.remote.service.DriverCommandExecutor.invokeExecute(DriverCommandExecutor.java:216) ~[selenium-remote-driver-4.34.0.jar:?]
	at org.openqa.selenium.remote.service.DriverCommandExecutor.execute(DriverCommandExecutor.java:174) ~[selenium-remote-driver-4.34.0.jar:?]
	at org.openqa.selenium.remote.RemoteWebDriver.execute(RemoteWebDriver.java:544) ~[selenium-remote-driver-4.34.0.jar:?]
	at org.openqa.selenium.remote.ElementLocation$ElementFinder$2.findElement(ElementLocation.java:165) ~[selenium-remote-driver-4.34.0.jar:?]
	at org.openqa.selenium.remote.ElementLocation.findElement(ElementLocation.java:59) ~[selenium-remote-driver-4.34.0.jar:?]
	at org.openqa.selenium.remote.RemoteWebDriver.findElement(RemoteWebDriver.java:367) ~[selenium-remote-driver-4.34.0.jar:?]
	at org.openqa.selenium.remote.RemoteWebDriver.findElement(RemoteWebDriver.java:361) ~[selenium-remote-driver-4.34.0.jar:?]
	at org.openqa.selenium.support.pagefactory.DefaultElementLocator.findElement(DefaultElementLocator.java:68) ~[selenium-support-4.34.0.jar:?]
	at org.openqa.selenium.support.pagefactory.internal.LocatingElementHandler.invoke(LocatingElementHandler.java:38) ~[selenium-support-4.34.0.jar:?]
	at com.sun.proxy.$Proxy36.isDisplayed(Unknown Source) ~[?:?]
	at basepackage.Homepage.verifyShoppingCartLink(Homepage.java:28) ~[classes/:?]
	at stepdefinitions.Login.user_should_not_navigate_to_home_page(Login.java:75) ~[test-classes/:?]
	at jdk.internal.reflect.NativeMethodAccessorImpl.invoke0(Native Method) ~[?:?]
	at jdk.internal.reflect.NativeMethodAccessorImpl.invoke(NativeMethodAccessorImpl.java:62) ~[?:?]
	at jdk.internal.reflect.DelegatingMethodAccessorImpl.invoke(DelegatingMethodAccessorImpl.java:43) ~[?:?]
	at java.lang.reflect.Method.invoke(Method.java:566) ~[?:?]
	at io.cucumber.java.Invoker.doInvoke(Invoker.java:66) ~[cucumber-java-7.22.0.jar:7.22.0]
	at io.cucumber.java.Invoker.invoke(Invoker.java:24) ~[cucumber-java-7.22.0.jar:7.22.0]
	at io.cucumber.java.AbstractGlueDefinition.invokeMethod(AbstractGlueDefinition.java:47) ~[cucumber-java-7.22.0.jar:7.22.0]
	at io.cucumber.java.JavaStepDefinition.execute(JavaStepDefinition.java:29) ~[cucumber-java-7.22.0.jar:7.22.0]
	at io.cucumber.core.runner.CoreStepDefinition.execute(CoreStepDefinition.java:66) ~[cucumber-core-7.22.0.jar:7.22.0]
	at io.cucumber.core.runner.PickleStepDefinitionMatch.runStep(PickleStepDefinitionMatch.java:62) ~[cucumber-core-7.22.0.jar:7.22.0]
	at io.cucumber.core.runner.ExecutionMode$1.execute(ExecutionMode.java:10) ~[cucumber-core-7.22.0.jar:7.22.0]
	at io.cucumber.core.runner.TestStep.executeStep(TestStep.java:81) ~[cucumber-core-7.22.0.jar:7.22.0]
	at io.cucumber.core.runner.TestStep.run(TestStep.java:53) ~[cucumber-core-7.22.0.jar:7.22.0]
	at io.cucumber.core.runner.PickleStepTestStep.run(PickleStepTestStep.java:51) ~[cucumber-core-7.22.0.jar:7.22.0]
	at io.cucumber.core.runner.TestCase.run(TestCase.java:86) ~[cucumber-core-7.22.0.jar:7.22.0]
	at io.cucumber.core.runner.Runner.runPickle(Runner.java:77) ~[cucumber-core-7.22.0.jar:7.22.0]
	at io.cucumber.junit.PickleRunners$NoStepDescriptions.lambda$run$0(PickleRunners.java:151) ~[cucumber-junit-7.22.1.jar:7.22.1]
	at io.cucumber.core.runtime.CucumberExecutionContext.lambda$runTestCase$5(CucumberExecutionContext.java:136) ~[cucumber-core-7.22.0.jar:7.22.0]
	at io.cucumber.core.runtime.RethrowingThrowableCollector.executeAndThrow(RethrowingThrowableCollector.java:23) ~[cucumber-core-7.22.0.jar:7.22.0]
	at io.cucumber.core.runtime.CucumberExecutionContext.runTestCase(CucumberExecutionContext.java:136) ~[cucumber-core-7.22.0.jar:7.22.0]
	at io.cucumber.junit.PickleRunners$NoStepDescriptions.run(PickleRunners.java:148) ~[cucumber-junit-7.22.1.jar:7.22.1]
	at io.cucumber.junit.FeatureRunner.runChild(FeatureRunner.java:144) ~[cucumber-junit-7.22.1.jar:7.22.1]
	at io.cucumber.junit.FeatureRunner.runChild(FeatureRunner.java:28) ~[cucumber-junit-7.22.1.jar:7.22.1]
	at org.junit.runners.ParentRunner$4.run(ParentRunner.java:331) ~[junit-4.13.2.jar:4.13.2]
	at org.junit.runners.ParentRunner$1.schedule(ParentRunner.java:79) ~[junit-4.13.2.jar:4.13.2]
	at org.junit.runners.ParentRunner.runChildren(ParentRunner.java:329) ~[junit-4.13.2.jar:4.13.2]
	at org.junit.runners.ParentRunner.access$100(ParentRunner.java:66) ~[junit-4.13.2.jar:4.13.2]
	at org.junit.runners.ParentRunner$2.evaluate(ParentRunner.java:293) ~[junit-4.13.2.jar:4.13.2]
	at org.junit.runners.ParentRunner$3.evaluate(ParentRunner.java:306) ~[junit-4.13.2.jar:4.13.2]
	at org.junit.runners.ParentRunner.run(ParentRunner.java:413) ~[junit-4.13.2.jar:4.13.2]
	at io.cucumber.junit.FeatureRunner.run(FeatureRunner.java:137) ~[cucumber-junit-7.22.1.jar:7.22.1]
	at io.cucumber.junit.Cucumber.runChild(Cucumber.java:199) ~[cucumber-junit-7.22.1.jar:7.22.1]
	at io.cucumber.junit.Cucumber.runChild(Cucumber.java:89) ~[cucumber-junit-7.22.1.jar:7.22.1]
	at org.junit.runners.ParentRunner$4.run(ParentRunner.java:331) ~[junit-4.13.2.jar:4.13.2]
	at org.junit.runners.ParentRunner$1.schedule(ParentRunner.java:79) ~[junit-4.13.2.jar:4.13.2]
	at org.junit.runners.ParentRunner.runChildren(ParentRunner.java:329) ~[junit-4.13.2.jar:4.13.2]
	at org.junit.runners.ParentRunner.access$100(ParentRunner.java:66) ~[junit-4.13.2.jar:4.13.2]
	at org.junit.runners.ParentRunner$2.evaluate(ParentRunner.java:293) ~[junit-4.13.2.jar:4.13.2]
	at io.cucumber.core.runtime.CucumberExecutionContext.lambda$runFeatures$6(CucumberExecutionContext.java:147) ~[cucumber-core-7.22.0.jar:7.22.0]
	at io.cucumber.core.runtime.CucumberExecutionContext.execute(CucumberExecutionContext.java:162) [cucumber-core-7.22.0.jar:7.22.0]
	at io.cucumber.core.runtime.CucumberExecutionContext.runFeatures(CucumberExecutionContext.java:145) [cucumber-core-7.22.0.jar:7.22.0]
	at io.cucumber.junit.Cucumber$StartAndFinishTestRun.evaluate(Cucumber.java:229) [cucumber-junit-7.22.1.jar:7.22.1]
	at org.junit.runners.ParentRunner$3.evaluate(ParentRunner.java:306) [junit-4.13.2.jar:4.13.2]
	at org.junit.runners.ParentRunner.run(ParentRunner.java:413) [junit-4.13.2.jar:4.13.2]
	at org.junit.runner.JUnitCore.run(JUnitCore.java:137) [junit-4.13.2.jar:4.13.2]
	at com.intellij.junit4.JUnit4IdeaTestRunner.startRunnerWithArgs(JUnit4IdeaTestRunner.java:69) [junit-rt.jar:?]
	at com.intellij.rt.junit.IdeaTestRunner$Repeater$1.execute(IdeaTestRunner.java:38) [junit-rt.jar:?]
	at com.intellij.rt.execution.junit.TestsRepeater.repeat(TestsRepeater.java:11) [idea_rt.jar:?]
	at com.intellij.rt.junit.IdeaTestRunner$Repeater.startRunnerWithArgs(IdeaTestRunner.java:35) [junit-rt.jar:?]
	at com.intellij.rt.junit.JUnitStarter.prepareStreamsAndStart(JUnitStarter.java:231) [junit-rt.jar:?]
	at com.intellij.rt.junit.JUnitStarter.main(JUnitStarter.java:55) [junit-rt.jar:?]
2025-07-28 15:06:15 WARN  Login:76 - Login failed - Home page not loaded
2025-07-28 15:06:15 INFO  Loginpage:62 - Scenario Passed: Checking login functionality should not work with this user
2025-07-28 15:06:15 INFO  Loginpage:66 - Closing browser and quitting WebDriver
2025-07-28 15:06:15 INFO  BaseClass:29 - Quitting WebDriver for thread: 1
2025-07-28 15:06:16 INFO  Loginpage:33 - ***** Starting Scenario: User should be able to login using data from Excel *****
2025-07-28 15:06:16 INFO  Loginpage:36 - Launching browser: chrome
2025-07-28 15:06:16 INFO  BaseClass:22 - WebDriver instance set for thread: 1
2025-07-28 15:06:16 INFO  Login:82 - Reading login data from Excel file: testdata/LoginData.xlsx
2025-07-28 15:06:16 INFO  ExcelReader:19 - Reading Excel file from path: testdata/LoginData.xlsx, sheet: Sheet1
2025-07-28 15:06:17 INFO  ExcelReader:26 - Total rows found (including header): 11
2025-07-28 15:06:17 INFO  Login:89 - Logging in with username: standard_user
2025-07-28 15:06:17 INFO  BaseClass:22 - WebDriver instance set for thread: 1
2025-07-28 15:06:18 INFO  Loginpage:29 - Loginpage initialized
2025-07-28 15:06:18 INFO  Loginpage:34 - Entering username: standard_user
2025-07-28 15:06:18 INFO  Loginpage:40 - Entering password
2025-07-28 15:06:18 INFO  Loginpage:46 - Clicking on login button
2025-07-28 15:06:18 INFO  Homepage:23 - Homepage initialized for driver thread: 1
2025-07-28 15:06:18 INFO  Homepage:29 - Shopping cart link displayed: true
2025-07-28 15:06:18 INFO  Homepage:29 - Shopping cart link displayed: true
2025-07-28 15:06:18 INFO  Login:107 - Login success: true
2025-07-28 15:06:19 INFO  Login:89 - Logging in with username: problem_user
2025-07-28 15:06:19 INFO  BaseClass:22 - WebDriver instance set for thread: 1
2025-07-28 15:06:20 INFO  Loginpage:29 - Loginpage initialized
2025-07-28 15:06:20 INFO  Loginpage:34 - Entering username: problem_user
2025-07-28 15:06:20 INFO  Loginpage:40 - Entering password
2025-07-28 15:06:20 INFO  Loginpage:46 - Clicking on login button
2025-07-28 15:06:20 INFO  Homepage:23 - Homepage initialized for driver thread: 1
2025-07-28 15:06:20 INFO  Homepage:29 - Shopping cart link displayed: true
2025-07-28 15:06:20 INFO  Homepage:29 - Shopping cart link displayed: true
2025-07-28 15:06:20 INFO  Login:107 - Login success: true
2025-07-28 15:06:20 INFO  Login:89 - Logging in with username: performance_glitch_user
2025-07-28 15:06:21 INFO  BaseClass:22 - WebDriver instance set for thread: 1
2025-07-28 15:06:22 INFO  Loginpage:29 - Loginpage initialized
2025-07-28 15:06:22 INFO  Loginpage:34 - Entering username: performance_glitch_user
2025-07-28 15:06:22 INFO  Loginpage:40 - Entering password
2025-07-28 15:06:22 INFO  Loginpage:46 - Clicking on login button
2025-07-28 15:06:27 INFO  Homepage:23 - Homepage initialized for driver thread: 1
2025-07-28 15:06:27 INFO  Homepage:29 - Shopping cart link displayed: true
2025-07-28 15:06:27 INFO  Homepage:29 - Shopping cart link displayed: true
2025-07-28 15:06:27 INFO  Login:107 - Login success: true
2025-07-28 15:06:27 INFO  Login:89 - Logging in with username: error_user
2025-07-28 15:06:28 INFO  BaseClass:22 - WebDriver instance set for thread: 1
2025-07-28 15:06:29 INFO  Loginpage:29 - Loginpage initialized
2025-07-28 15:06:29 INFO  Loginpage:34 - Entering username: error_user
2025-07-28 15:06:29 INFO  Loginpage:40 - Entering password
2025-07-28 15:06:29 INFO  Loginpage:46 - Clicking on login button
2025-07-28 15:06:29 INFO  Homepage:23 - Homepage initialized for driver thread: 1
2025-07-28 15:06:29 INFO  Homepage:29 - Shopping cart link displayed: true
2025-07-28 15:06:29 INFO  Homepage:29 - Shopping cart link displayed: true
2025-07-28 15:06:29 INFO  Login:107 - Login success: true
2025-07-28 15:06:30 INFO  Login:89 - Logging in with username: visual_user
2025-07-28 15:06:30 INFO  BaseClass:22 - WebDriver instance set for thread: 1
2025-07-28 15:06:31 INFO  Loginpage:29 - Loginpage initialized
2025-07-28 15:06:31 INFO  Loginpage:34 - Entering username: visual_user
2025-07-28 15:06:31 INFO  Loginpage:40 - Entering password
2025-07-28 15:06:31 INFO  Loginpage:46 - Clicking on login button
2025-07-28 15:06:31 INFO  Homepage:23 - Homepage initialized for driver thread: 1
2025-07-28 15:06:31 INFO  Homepage:29 - Shopping cart link displayed: true
2025-07-28 15:06:31 INFO  Homepage:29 - Shopping cart link displayed: true
2025-07-28 15:06:31 INFO  Login:107 - Login success: true
2025-07-28 15:06:31 INFO  Login:89 - Logging in with username: standard_user
2025-07-28 15:06:32 INFO  BaseClass:22 - WebDriver instance set for thread: 1
2025-07-28 15:06:33 INFO  Loginpage:29 - Loginpage initialized
2025-07-28 15:06:33 INFO  Loginpage:34 - Entering username: standard_user
2025-07-28 15:06:33 INFO  Loginpage:40 - Entering password
2025-07-28 15:06:33 INFO  Loginpage:46 - Clicking on login button
2025-07-28 15:06:33 INFO  Homepage:23 - Homepage initialized for driver thread: 1
2025-07-28 15:06:33 INFO  Homepage:29 - Shopping cart link displayed: true
2025-07-28 15:06:33 INFO  Homepage:29 - Shopping cart link displayed: true
2025-07-28 15:06:33 INFO  Login:107 - Login success: true
2025-07-28 15:06:33 INFO  Login:89 - Logging in with username: problem_user
2025-07-28 15:06:34 INFO  BaseClass:22 - WebDriver instance set for thread: 1
2025-07-28 15:06:35 INFO  Loginpage:29 - Loginpage initialized
2025-07-28 15:06:35 INFO  Loginpage:34 - Entering username: problem_user
2025-07-28 15:06:35 INFO  Loginpage:40 - Entering password
2025-07-28 15:06:35 INFO  Loginpage:46 - Clicking on login button
2025-07-28 15:06:35 INFO  Homepage:23 - Homepage initialized for driver thread: 1
2025-07-28 15:06:35 INFO  Homepage:29 - Shopping cart link displayed: true
2025-07-28 15:06:35 INFO  Homepage:29 - Shopping cart link displayed: true
2025-07-28 15:06:35 INFO  Login:107 - Login success: true
2025-07-28 15:06:35 INFO  Login:89 - Logging in with username: performance_glitch_user
2025-07-28 15:06:36 INFO  BaseClass:22 - WebDriver instance set for thread: 1
2025-07-28 15:06:37 INFO  Loginpage:29 - Loginpage initialized
2025-07-28 15:06:37 INFO  Loginpage:34 - Entering username: performance_glitch_user
2025-07-28 15:06:37 INFO  Loginpage:40 - Entering password
2025-07-28 15:06:37 INFO  Loginpage:46 - Clicking on login button
2025-07-28 15:06:42 INFO  Homepage:23 - Homepage initialized for driver thread: 1
2025-07-28 15:06:42 INFO  Homepage:29 - Shopping cart link displayed: true
2025-07-28 15:06:42 INFO  Homepage:29 - Shopping cart link displayed: true
2025-07-28 15:06:42 INFO  Login:107 - Login success: true
2025-07-28 15:06:42 INFO  Login:89 - Logging in with username: error_user
2025-07-28 15:06:43 INFO  BaseClass:22 - WebDriver instance set for thread: 1
2025-07-28 15:06:44 INFO  Loginpage:29 - Loginpage initialized
2025-07-28 15:06:44 INFO  Loginpage:34 - Entering username: error_user
2025-07-28 15:06:44 INFO  Loginpage:40 - Entering password
2025-07-28 15:06:44 INFO  Loginpage:46 - Clicking on login button
2025-07-28 15:06:44 INFO  Homepage:23 - Homepage initialized for driver thread: 1
2025-07-28 15:06:44 INFO  Homepage:29 - Shopping cart link displayed: true
2025-07-28 15:06:44 INFO  Homepage:29 - Shopping cart link displayed: true
2025-07-28 15:06:44 INFO  Login:107 - Login success: true
2025-07-28 15:06:44 INFO  Login:89 - Logging in with username: visual_user
2025-07-28 15:06:45 INFO  BaseClass:22 - WebDriver instance set for thread: 1
2025-07-28 15:06:46 INFO  Loginpage:29 - Loginpage initialized
2025-07-28 15:06:46 INFO  Loginpage:34 - Entering username: visual_user
2025-07-28 15:06:46 INFO  Loginpage:40 - Entering password
2025-07-28 15:06:46 INFO  Loginpage:46 - Clicking on login button
2025-07-28 15:06:46 INFO  Homepage:23 - Homepage initialized for driver thread: 1
2025-07-28 15:06:46 INFO  Homepage:29 - Shopping cart link displayed: true
2025-07-28 15:06:46 INFO  Homepage:29 - Shopping cart link displayed: true
2025-07-28 15:06:46 INFO  Login:107 - Login success: true
2025-07-28 15:06:46 INFO  Loginpage:62 - Scenario Passed: User should be able to login using data from Excel
2025-07-28 15:06:46 INFO  Loginpage:66 - Closing browser and quitting WebDriver
2025-07-28 15:06:46 INFO  BaseClass:29 - Quitting WebDriver for thread: 1
2025-08-02 21:41:59 INFO  ExtentReportManager:17 - Creating Extent Report at: D:\Ideaprojects\MyProjects\POMJavaSeleniumCucumber/test-output/ExtentReport.html
2025-08-02 21:41:59 INFO  ExtentReportManager:21 - Extent Report initialized successfully.
2025-08-02 21:41:59 INFO  Loginpage:33 - ***** Starting Scenario: Checking login functionality should work with single user *****
2025-08-02 21:41:59 INFO  ConfigPropertiesReader:19 - Loading configuration from: src/main/java/properties/config.properties
2025-08-02 21:41:59 INFO  ConfigPropertiesReader:24 - Configuration loaded successfully.
2025-08-02 21:41:59 INFO  Loginpage:36 - Launching browser: chrome
2025-08-02 21:42:02 INFO  BaseClass:21 - WebDriver instance set for thread: 1
2025-08-02 21:42:02 INFO  Login:34 - Navigating to login page: https://www.saucedemo.com
2025-08-02 21:42:06 INFO  Loginpage:29 - Loginpage initialized
2025-08-02 21:42:06 INFO  Homepage:23 - Homepage initialized for driver thread: 1
2025-08-02 21:42:06 INFO  WaitClass:17 - WaitClass initialized for driver: ChromeDriver: chrome on windows (7ca74c361748f1c4061c15dcf6a1962c)
2025-08-02 21:42:06 INFO  Login:47 - Entering username and password from config
2025-08-02 21:42:06 INFO  Loginpage:34 - Entering username: standard_user
2025-08-02 21:42:06 INFO  Loginpage:40 - Entering password
2025-08-02 21:42:06 INFO  Login:61 - Clicking on Login button
2025-08-02 21:42:06 INFO  Loginpage:46 - Clicking on login button
2025-08-02 21:42:06 INFO  WaitClass:23 - Implicit wait applied: 10 seconds
2025-08-02 21:42:06 INFO  Homepage:29 - Shopping cart link displayed: true
2025-08-02 21:42:06 INFO  Loginpage:62 - Scenario Passed: Checking login functionality should work with single user
2025-08-02 21:42:06 INFO  Loginpage:66 - Closing browser and quitting WebDriver
2025-08-02 21:42:06 INFO  BaseClass:28 - Quitting WebDriver for thread: 1
2025-08-02 21:42:06 INFO  Loginpage:33 - ***** Starting Scenario: Checking login functionality should work with multiple users *****
2025-08-02 21:42:06 INFO  Loginpage:36 - Launching browser: chrome
2025-08-02 21:42:07 INFO  BaseClass:21 - WebDriver instance set for thread: 1
2025-08-02 21:42:07 INFO  Login:34 - Navigating to login page: https://www.saucedemo.com
2025-08-02 21:42:10 INFO  Loginpage:29 - Loginpage initialized
2025-08-02 21:42:10 INFO  Homepage:23 - Homepage initialized for driver thread: 1
2025-08-02 21:42:10 INFO  WaitClass:17 - WaitClass initialized for driver: ChromeDriver: chrome on windows (5c7cd8d88f66f860654ade93d9451a71)
2025-08-02 21:42:10 INFO  Login:54 - Entering credentials from scenario: Username = standard_user
2025-08-02 21:42:10 INFO  Loginpage:34 - Entering username: standard_user
2025-08-02 21:42:10 INFO  Loginpage:40 - Entering password
2025-08-02 21:42:10 INFO  Login:61 - Clicking on Login button
2025-08-02 21:42:10 INFO  Loginpage:46 - Clicking on login button
2025-08-02 21:42:10 INFO  WaitClass:23 - Implicit wait applied: 10 seconds
2025-08-02 21:42:10 INFO  Homepage:29 - Shopping cart link displayed: true
2025-08-02 21:42:10 INFO  Loginpage:62 - Scenario Passed: Checking login functionality should work with multiple users
2025-08-02 21:42:10 INFO  Loginpage:66 - Closing browser and quitting WebDriver
2025-08-02 21:42:10 INFO  BaseClass:28 - Quitting WebDriver for thread: 1
2025-08-02 21:42:10 INFO  Loginpage:33 - ***** Starting Scenario: Checking login functionality should work with multiple users *****
2025-08-02 21:42:10 INFO  Loginpage:36 - Launching browser: chrome
2025-08-02 21:42:11 INFO  BaseClass:21 - WebDriver instance set for thread: 1
2025-08-02 21:42:11 INFO  Login:34 - Navigating to login page: https://www.saucedemo.com
2025-08-02 21:42:14 INFO  Loginpage:29 - Loginpage initialized
2025-08-02 21:42:14 INFO  Homepage:23 - Homepage initialized for driver thread: 1
2025-08-02 21:42:14 INFO  WaitClass:17 - WaitClass initialized for driver: ChromeDriver: chrome on windows (4947c4ff194700543dd20633e2f5c6cb)
2025-08-02 21:42:14 INFO  Login:54 - Entering credentials from scenario: Username = problem_user
2025-08-02 21:42:14 INFO  Loginpage:34 - Entering username: problem_user
2025-08-02 21:42:14 INFO  Loginpage:40 - Entering password
2025-08-02 21:42:14 INFO  Login:61 - Clicking on Login button
2025-08-02 21:42:14 INFO  Loginpage:46 - Clicking on login button
2025-08-02 21:42:14 INFO  WaitClass:23 - Implicit wait applied: 10 seconds
2025-08-02 21:42:14 INFO  Homepage:29 - Shopping cart link displayed: true
2025-08-02 21:42:14 INFO  Loginpage:62 - Scenario Passed: Checking login functionality should work with multiple users
2025-08-02 21:42:14 INFO  Loginpage:66 - Closing browser and quitting WebDriver
2025-08-02 21:42:14 INFO  BaseClass:28 - Quitting WebDriver for thread: 1
2025-08-02 21:42:14 INFO  Loginpage:33 - ***** Starting Scenario: Checking login functionality should work with multiple users *****
2025-08-02 21:42:14 INFO  Loginpage:36 - Launching browser: chrome
2025-08-02 21:42:15 INFO  BaseClass:21 - WebDriver instance set for thread: 1
2025-08-02 21:42:15 INFO  Login:34 - Navigating to login page: https://www.saucedemo.com
2025-08-02 21:42:17 INFO  Loginpage:29 - Loginpage initialized
2025-08-02 21:42:17 INFO  Homepage:23 - Homepage initialized for driver thread: 1
2025-08-02 21:42:17 INFO  WaitClass:17 - WaitClass initialized for driver: ChromeDriver: chrome on windows (00060da521dec60e05d625618940af3b)
2025-08-02 21:42:17 INFO  Login:54 - Entering credentials from scenario: Username = performance_glitch_user
2025-08-02 21:42:17 INFO  Loginpage:34 - Entering username: performance_glitch_user
2025-08-02 21:42:17 INFO  Loginpage:40 - Entering password
2025-08-02 21:42:17 INFO  Login:61 - Clicking on Login button
2025-08-02 21:42:17 INFO  Loginpage:46 - Clicking on login button
2025-08-02 21:42:23 INFO  WaitClass:23 - Implicit wait applied: 10 seconds
2025-08-02 21:42:23 INFO  Homepage:29 - Shopping cart link displayed: true
2025-08-02 21:42:23 INFO  Loginpage:62 - Scenario Passed: Checking login functionality should work with multiple users
2025-08-02 21:42:23 INFO  Loginpage:66 - Closing browser and quitting WebDriver
2025-08-02 21:42:23 INFO  BaseClass:28 - Quitting WebDriver for thread: 1
2025-08-02 21:42:23 INFO  Loginpage:33 - ***** Starting Scenario: Checking login functionality should work with multiple users *****
2025-08-02 21:42:23 INFO  Loginpage:36 - Launching browser: chrome
2025-08-02 21:42:23 INFO  BaseClass:21 - WebDriver instance set for thread: 1
2025-08-02 21:42:23 INFO  Login:34 - Navigating to login page: https://www.saucedemo.com
2025-08-02 21:42:26 INFO  Loginpage:29 - Loginpage initialized
2025-08-02 21:42:26 INFO  Homepage:23 - Homepage initialized for driver thread: 1
2025-08-02 21:42:26 INFO  WaitClass:17 - WaitClass initialized for driver: ChromeDriver: chrome on windows (211707c1beb736ffe9709fc5e5348b97)
2025-08-02 21:42:26 INFO  Login:54 - Entering credentials from scenario: Username = error_user
2025-08-02 21:42:26 INFO  Loginpage:34 - Entering username: error_user
2025-08-02 21:42:26 INFO  Loginpage:40 - Entering password
2025-08-02 21:42:26 INFO  Login:61 - Clicking on Login button
2025-08-02 21:42:26 INFO  Loginpage:46 - Clicking on login button
2025-08-02 21:42:26 INFO  WaitClass:23 - Implicit wait applied: 10 seconds
2025-08-02 21:42:27 INFO  Homepage:29 - Shopping cart link displayed: true
2025-08-02 21:42:27 INFO  Loginpage:62 - Scenario Passed: Checking login functionality should work with multiple users
2025-08-02 21:42:27 INFO  Loginpage:66 - Closing browser and quitting WebDriver
2025-08-02 21:42:27 INFO  BaseClass:28 - Quitting WebDriver for thread: 1
2025-08-02 21:42:27 INFO  Loginpage:33 - ***** Starting Scenario: Checking login functionality should work with multiple users *****
2025-08-02 21:42:27 INFO  Loginpage:36 - Launching browser: chrome
2025-08-02 21:42:27 INFO  BaseClass:21 - WebDriver instance set for thread: 1
2025-08-02 21:42:27 INFO  Login:34 - Navigating to login page: https://www.saucedemo.com
2025-08-02 21:42:30 INFO  Loginpage:29 - Loginpage initialized
2025-08-02 21:42:30 INFO  Homepage:23 - Homepage initialized for driver thread: 1
2025-08-02 21:42:30 INFO  WaitClass:17 - WaitClass initialized for driver: ChromeDriver: chrome on windows (5a017ca4a2b7ea914bf0836b1d7b093a)
2025-08-02 21:42:30 INFO  Login:54 - Entering credentials from scenario: Username = visual_user
2025-08-02 21:42:30 INFO  Loginpage:34 - Entering username: visual_user
2025-08-02 21:42:30 INFO  Loginpage:40 - Entering password
2025-08-02 21:42:30 INFO  Login:61 - Clicking on Login button
2025-08-02 21:42:30 INFO  Loginpage:46 - Clicking on login button
2025-08-02 21:42:30 INFO  WaitClass:23 - Implicit wait applied: 10 seconds
2025-08-02 21:42:30 INFO  Homepage:29 - Shopping cart link displayed: true
2025-08-02 21:42:30 INFO  Loginpage:62 - Scenario Passed: Checking login functionality should work with multiple users
2025-08-02 21:42:30 INFO  Loginpage:66 - Closing browser and quitting WebDriver
2025-08-02 21:42:30 INFO  BaseClass:28 - Quitting WebDriver for thread: 1
2025-08-02 21:42:30 INFO  Loginpage:33 - ***** Starting Scenario: Checking login functionality should not work with this user *****
2025-08-02 21:42:30 INFO  Loginpage:36 - Launching browser: chrome
2025-08-02 21:42:31 INFO  BaseClass:21 - WebDriver instance set for thread: 1
2025-08-02 21:42:31 INFO  Login:34 - Navigating to login page: https://www.saucedemo.com
2025-08-02 21:42:33 INFO  Loginpage:29 - Loginpage initialized
2025-08-02 21:42:33 INFO  Homepage:23 - Homepage initialized for driver thread: 1
2025-08-02 21:42:33 INFO  WaitClass:17 - WaitClass initialized for driver: ChromeDriver: chrome on windows (da597ccbdb433b688b5e72c83338aa55)
2025-08-02 21:42:33 INFO  Login:54 - Entering credentials from scenario: Username = locked_out_user
2025-08-02 21:42:33 INFO  Loginpage:34 - Entering username: locked_out_user
2025-08-02 21:42:34 INFO  Loginpage:40 - Entering password
2025-08-02 21:42:34 INFO  Login:61 - Clicking on Login button
2025-08-02 21:42:34 INFO  Loginpage:46 - Clicking on login button
2025-08-02 21:42:34 WARN  Login:73 - Verifying failed login attempt
2025-08-02 21:42:34 INFO  WaitClass:23 - Implicit wait applied: 10 seconds
2025-08-02 21:42:44 ERROR Homepage:32 - Shopping cart link not found
org.openqa.selenium.NoSuchElementException: no such element: Unable to locate element: {"method":"xpath","selector":"//a[@class='shopping_cart_link']"}
  (Session info: chrome=138.0.7204.184)
For documentation on this error, please visit: https://www.selenium.dev/documentation/webdriver/troubleshooting/errors#no-such-element-exception
Build info: version: '4.34.0', revision: '707dcb4246*'
System info: os.name: 'Windows 11', os.arch: 'amd64', os.version: '10.0', java.version: '11.0.26'
Driver info: org.openqa.selenium.chrome.ChromeDriver
Command: [da597ccbdb433b688b5e72c83338aa55, findElement {using=xpath, value=//a[@class='shopping_cart_link']}]
Capabilities {acceptInsecureCerts: false, browserName: chrome, browserVersion: 138.0.7204.184, chrome: {chromedriverVersion: 138.0.7204.183 (e90faf484dd..., userDataDir: C:\Users\MYPC~1\AppData\Loc...}, fedcm:accounts: true, goog:chromeOptions: {debuggerAddress: localhost:62268}, networkConnectionEnabled: false, pageLoadStrategy: normal, platformName: windows, proxy: Proxy(), se:cdp: ws://localhost:62268/devtoo..., se:cdpVersion: 138.0.7204.184, setWindowRect: true, strictFileInteractability: false, timeouts: {implicit: 0, pageLoad: 300000, script: 30000}, unhandledPromptBehavior: dismiss and notify, webauthn:extension:credBlob: true, webauthn:extension:largeBlob: true, webauthn:extension:minPinLength: true, webauthn:extension:prf: true, webauthn:virtualAuthenticators: true}
Session ID: da597ccbdb433b688b5e72c83338aa55
	at jdk.internal.reflect.NativeConstructorAccessorImpl.newInstance0(Native Method) ~[?:?]
	at jdk.internal.reflect.NativeConstructorAccessorImpl.newInstance(NativeConstructorAccessorImpl.java:62) ~[?:?]
	at jdk.internal.reflect.DelegatingConstructorAccessorImpl.newInstance(DelegatingConstructorAccessorImpl.java:45) ~[?:?]
	at java.lang.reflect.Constructor.newInstance(Constructor.java:490) ~[?:?]
	at org.openqa.selenium.remote.ErrorCodec.decode(ErrorCodec.java:167) ~[selenium-remote-driver-4.34.0.jar:?]
	at org.openqa.selenium.remote.codec.w3c.W3CHttpResponseCodec.decode(W3CHttpResponseCodec.java:138) ~[selenium-remote-driver-4.34.0.jar:?]
	at org.openqa.selenium.remote.codec.w3c.W3CHttpResponseCodec.decode(W3CHttpResponseCodec.java:50) ~[selenium-remote-driver-4.34.0.jar:?]
	at org.openqa.selenium.remote.HttpCommandExecutor.execute(HttpCommandExecutor.java:215) ~[selenium-remote-driver-4.34.0.jar:?]
	at org.openqa.selenium.remote.service.DriverCommandExecutor.invokeExecute(DriverCommandExecutor.java:216) ~[selenium-remote-driver-4.34.0.jar:?]
	at org.openqa.selenium.remote.service.DriverCommandExecutor.execute(DriverCommandExecutor.java:174) ~[selenium-remote-driver-4.34.0.jar:?]
	at org.openqa.selenium.remote.RemoteWebDriver.execute(RemoteWebDriver.java:544) ~[selenium-remote-driver-4.34.0.jar:?]
	at org.openqa.selenium.remote.ElementLocation$ElementFinder$2.findElement(ElementLocation.java:165) ~[selenium-remote-driver-4.34.0.jar:?]
	at org.openqa.selenium.remote.ElementLocation.findElement(ElementLocation.java:59) ~[selenium-remote-driver-4.34.0.jar:?]
	at org.openqa.selenium.remote.RemoteWebDriver.findElement(RemoteWebDriver.java:367) ~[selenium-remote-driver-4.34.0.jar:?]
	at org.openqa.selenium.remote.RemoteWebDriver.findElement(RemoteWebDriver.java:361) ~[selenium-remote-driver-4.34.0.jar:?]
	at org.openqa.selenium.support.pagefactory.DefaultElementLocator.findElement(DefaultElementLocator.java:68) ~[selenium-support-4.34.0.jar:?]
	at org.openqa.selenium.support.pagefactory.internal.LocatingElementHandler.invoke(LocatingElementHandler.java:38) ~[selenium-support-4.34.0.jar:?]
	at com.sun.proxy.$Proxy36.isDisplayed(Unknown Source) ~[?:?]
	at basepackage.Homepage.verifyShoppingCartLink(Homepage.java:28) ~[classes/:?]
	at stepdefinitions.Login.user_should_not_navigate_to_home_page(Login.java:75) ~[test-classes/:?]
	at jdk.internal.reflect.NativeMethodAccessorImpl.invoke0(Native Method) ~[?:?]
	at jdk.internal.reflect.NativeMethodAccessorImpl.invoke(NativeMethodAccessorImpl.java:62) ~[?:?]
	at jdk.internal.reflect.DelegatingMethodAccessorImpl.invoke(DelegatingMethodAccessorImpl.java:43) ~[?:?]
	at java.lang.reflect.Method.invoke(Method.java:566) ~[?:?]
	at io.cucumber.java.Invoker.doInvoke(Invoker.java:66) ~[cucumber-java-7.22.0.jar:7.22.0]
	at io.cucumber.java.Invoker.invoke(Invoker.java:24) ~[cucumber-java-7.22.0.jar:7.22.0]
	at io.cucumber.java.AbstractGlueDefinition.invokeMethod(AbstractGlueDefinition.java:47) ~[cucumber-java-7.22.0.jar:7.22.0]
	at io.cucumber.java.JavaStepDefinition.execute(JavaStepDefinition.java:29) ~[cucumber-java-7.22.0.jar:7.22.0]
	at io.cucumber.core.runner.CoreStepDefinition.execute(CoreStepDefinition.java:66) ~[cucumber-core-7.22.0.jar:7.22.0]
	at io.cucumber.core.runner.PickleStepDefinitionMatch.runStep(PickleStepDefinitionMatch.java:62) ~[cucumber-core-7.22.0.jar:7.22.0]
	at io.cucumber.core.runner.ExecutionMode$1.execute(ExecutionMode.java:10) ~[cucumber-core-7.22.0.jar:7.22.0]
	at io.cucumber.core.runner.TestStep.executeStep(TestStep.java:81) ~[cucumber-core-7.22.0.jar:7.22.0]
	at io.cucumber.core.runner.TestStep.run(TestStep.java:53) ~[cucumber-core-7.22.0.jar:7.22.0]
	at io.cucumber.core.runner.PickleStepTestStep.run(PickleStepTestStep.java:51) ~[cucumber-core-7.22.0.jar:7.22.0]
	at io.cucumber.core.runner.TestCase.run(TestCase.java:86) ~[cucumber-core-7.22.0.jar:7.22.0]
	at io.cucumber.core.runner.Runner.runPickle(Runner.java:77) ~[cucumber-core-7.22.0.jar:7.22.0]
	at io.cucumber.junit.PickleRunners$NoStepDescriptions.lambda$run$0(PickleRunners.java:151) ~[cucumber-junit-7.22.1.jar:7.22.1]
	at io.cucumber.core.runtime.CucumberExecutionContext.lambda$runTestCase$5(CucumberExecutionContext.java:136) ~[cucumber-core-7.22.0.jar:7.22.0]
	at io.cucumber.core.runtime.RethrowingThrowableCollector.executeAndThrow(RethrowingThrowableCollector.java:23) ~[cucumber-core-7.22.0.jar:7.22.0]
	at io.cucumber.core.runtime.CucumberExecutionContext.runTestCase(CucumberExecutionContext.java:136) ~[cucumber-core-7.22.0.jar:7.22.0]
	at io.cucumber.junit.PickleRunners$NoStepDescriptions.run(PickleRunners.java:148) ~[cucumber-junit-7.22.1.jar:7.22.1]
	at io.cucumber.junit.FeatureRunner.runChild(FeatureRunner.java:144) ~[cucumber-junit-7.22.1.jar:7.22.1]
	at io.cucumber.junit.FeatureRunner.runChild(FeatureRunner.java:28) ~[cucumber-junit-7.22.1.jar:7.22.1]
	at org.junit.runners.ParentRunner$4.run(ParentRunner.java:331) ~[junit-4.13.2.jar:4.13.2]
	at org.junit.runners.ParentRunner$1.schedule(ParentRunner.java:79) ~[junit-4.13.2.jar:4.13.2]
	at org.junit.runners.ParentRunner.runChildren(ParentRunner.java:329) ~[junit-4.13.2.jar:4.13.2]
	at org.junit.runners.ParentRunner.access$100(ParentRunner.java:66) ~[junit-4.13.2.jar:4.13.2]
	at org.junit.runners.ParentRunner$2.evaluate(ParentRunner.java:293) ~[junit-4.13.2.jar:4.13.2]
	at org.junit.runners.ParentRunner$3.evaluate(ParentRunner.java:306) ~[junit-4.13.2.jar:4.13.2]
	at org.junit.runners.ParentRunner.run(ParentRunner.java:413) ~[junit-4.13.2.jar:4.13.2]
	at io.cucumber.junit.FeatureRunner.run(FeatureRunner.java:137) ~[cucumber-junit-7.22.1.jar:7.22.1]
	at io.cucumber.junit.Cucumber.runChild(Cucumber.java:199) ~[cucumber-junit-7.22.1.jar:7.22.1]
	at io.cucumber.junit.Cucumber.runChild(Cucumber.java:89) ~[cucumber-junit-7.22.1.jar:7.22.1]
	at org.junit.runners.ParentRunner$4.run(ParentRunner.java:331) ~[junit-4.13.2.jar:4.13.2]
	at org.junit.runners.ParentRunner$1.schedule(ParentRunner.java:79) ~[junit-4.13.2.jar:4.13.2]
	at org.junit.runners.ParentRunner.runChildren(ParentRunner.java:329) ~[junit-4.13.2.jar:4.13.2]
	at org.junit.runners.ParentRunner.access$100(ParentRunner.java:66) ~[junit-4.13.2.jar:4.13.2]
	at org.junit.runners.ParentRunner$2.evaluate(ParentRunner.java:293) ~[junit-4.13.2.jar:4.13.2]
	at io.cucumber.core.runtime.CucumberExecutionContext.lambda$runFeatures$6(CucumberExecutionContext.java:147) ~[cucumber-core-7.22.0.jar:7.22.0]
	at io.cucumber.core.runtime.CucumberExecutionContext.execute(CucumberExecutionContext.java:162) [cucumber-core-7.22.0.jar:7.22.0]
	at io.cucumber.core.runtime.CucumberExecutionContext.runFeatures(CucumberExecutionContext.java:145) [cucumber-core-7.22.0.jar:7.22.0]
	at io.cucumber.junit.Cucumber$StartAndFinishTestRun.evaluate(Cucumber.java:229) [cucumber-junit-7.22.1.jar:7.22.1]
	at org.junit.runners.ParentRunner$3.evaluate(ParentRunner.java:306) [junit-4.13.2.jar:4.13.2]
	at org.junit.runners.ParentRunner.run(ParentRunner.java:413) [junit-4.13.2.jar:4.13.2]
	at org.junit.runner.JUnitCore.run(JUnitCore.java:137) [junit-4.13.2.jar:4.13.2]
	at com.intellij.junit4.JUnit4IdeaTestRunner.startRunnerWithArgs(JUnit4IdeaTestRunner.java:69) [junit-rt.jar:?]
	at com.intellij.rt.junit.IdeaTestRunner$Repeater$1.execute(IdeaTestRunner.java:38) [junit-rt.jar:?]
	at com.intellij.rt.execution.junit.TestsRepeater.repeat(TestsRepeater.java:11) [idea_rt.jar:?]
	at com.intellij.rt.junit.IdeaTestRunner$Repeater.startRunnerWithArgs(IdeaTestRunner.java:35) [junit-rt.jar:?]
	at com.intellij.rt.junit.JUnitStarter.prepareStreamsAndStart(JUnitStarter.java:231) [junit-rt.jar:?]
	at com.intellij.rt.junit.JUnitStarter.main(JUnitStarter.java:55) [junit-rt.jar:?]
2025-08-02 21:42:44 WARN  Login:76 - Login failed - Home page not loaded
2025-08-02 21:42:44 INFO  Loginpage:62 - Scenario Passed: Checking login functionality should not work with this user
2025-08-02 21:42:44 INFO  Loginpage:66 - Closing browser and quitting WebDriver
2025-08-02 21:42:44 INFO  BaseClass:28 - Quitting WebDriver for thread: 1
2025-08-02 21:42:44 INFO  Loginpage:33 - ***** Starting Scenario: User should be able to login using data from Excel *****
2025-08-02 21:42:44 INFO  Loginpage:36 - Launching browser: chrome
2025-08-02 21:42:45 INFO  BaseClass:21 - WebDriver instance set for thread: 1
2025-08-02 21:42:45 INFO  Login:82 - Reading login data from Excel file: testdata/LoginData.xlsx
2025-08-02 21:42:45 INFO  ExcelReader:19 - Reading Excel file from path: testdata/LoginData.xlsx, sheet: Sheet1
2025-08-02 21:42:45 INFO  ExcelReader:26 - Total rows found (including header): 11
2025-08-02 21:42:45 INFO  Login:89 - Logging in with username: standard_user
2025-08-02 21:42:46 INFO  BaseClass:21 - WebDriver instance set for thread: 1
2025-08-02 21:42:48 INFO  Loginpage:29 - Loginpage initialized
2025-08-02 21:42:48 INFO  Loginpage:34 - Entering username: standard_user
2025-08-02 21:42:48 INFO  Loginpage:40 - Entering password
2025-08-02 21:42:48 INFO  Loginpage:46 - Clicking on login button
2025-08-02 21:42:48 INFO  Homepage:23 - Homepage initialized for driver thread: 1
2025-08-02 21:42:48 INFO  Homepage:29 - Shopping cart link displayed: true
2025-08-02 21:42:49 INFO  Homepage:29 - Shopping cart link displayed: true
2025-08-02 21:42:49 INFO  Login:107 - Login success: true
2025-08-02 21:42:49 INFO  Login:89 - Logging in with username: problem_user
2025-08-02 21:42:49 INFO  BaseClass:21 - WebDriver instance set for thread: 1
2025-08-02 21:42:52 INFO  Loginpage:29 - Loginpage initialized
2025-08-02 21:42:52 INFO  Loginpage:34 - Entering username: problem_user
2025-08-02 21:42:52 INFO  Loginpage:40 - Entering password
2025-08-02 21:42:52 INFO  Loginpage:46 - Clicking on login button
2025-08-02 21:42:52 INFO  Homepage:23 - Homepage initialized for driver thread: 1
2025-08-02 21:42:52 INFO  Homepage:29 - Shopping cart link displayed: true
2025-08-02 21:42:52 INFO  Homepage:29 - Shopping cart link displayed: true
2025-08-02 21:42:52 INFO  Login:107 - Login success: true
2025-08-02 21:42:53 INFO  Login:89 - Logging in with username: performance_glitch_user
2025-08-02 21:42:53 INFO  BaseClass:21 - WebDriver instance set for thread: 1
2025-08-02 21:42:56 INFO  Loginpage:29 - Loginpage initialized
2025-08-02 21:42:56 INFO  Loginpage:34 - Entering username: performance_glitch_user
2025-08-02 21:42:56 INFO  Loginpage:40 - Entering password
2025-08-02 21:42:56 INFO  Loginpage:46 - Clicking on login button
2025-08-02 21:43:01 INFO  Homepage:23 - Homepage initialized for driver thread: 1
2025-08-02 21:43:01 INFO  Homepage:29 - Shopping cart link displayed: true
2025-08-02 21:43:01 INFO  Homepage:29 - Shopping cart link displayed: true
2025-08-02 21:43:01 INFO  Login:107 - Login success: true
2025-08-02 21:43:02 INFO  Login:89 - Logging in with username: error_user
2025-08-02 21:43:02 INFO  BaseClass:21 - WebDriver instance set for thread: 1
2025-08-02 21:43:05 INFO  Loginpage:29 - Loginpage initialized
2025-08-02 21:43:05 INFO  Loginpage:34 - Entering username: error_user
2025-08-02 21:43:05 INFO  Loginpage:40 - Entering password
2025-08-02 21:43:05 INFO  Loginpage:46 - Clicking on login button
2025-08-02 21:43:05 INFO  Homepage:23 - Homepage initialized for driver thread: 1
2025-08-02 21:43:05 INFO  Homepage:29 - Shopping cart link displayed: true
2025-08-02 21:43:06 INFO  Homepage:29 - Shopping cart link displayed: true
2025-08-02 21:43:06 INFO  Login:107 - Login success: true
2025-08-02 21:43:06 INFO  Login:89 - Logging in with username: visual_user
2025-08-02 21:43:06 INFO  BaseClass:21 - WebDriver instance set for thread: 1
2025-08-02 21:43:09 INFO  Loginpage:29 - Loginpage initialized
2025-08-02 21:43:09 INFO  Loginpage:34 - Entering username: visual_user
2025-08-02 21:43:09 INFO  Loginpage:40 - Entering password
2025-08-02 21:43:09 INFO  Loginpage:46 - Clicking on login button
2025-08-02 21:43:09 INFO  Homepage:23 - Homepage initialized for driver thread: 1
2025-08-02 21:43:09 INFO  Homepage:29 - Shopping cart link displayed: true
2025-08-02 21:43:09 INFO  Homepage:29 - Shopping cart link displayed: true
2025-08-02 21:43:09 INFO  Login:107 - Login success: true
2025-08-02 21:43:09 INFO  Login:89 - Logging in with username: standard_user
2025-08-02 21:43:10 INFO  BaseClass:21 - WebDriver instance set for thread: 1
2025-08-02 21:43:13 INFO  Loginpage:29 - Loginpage initialized
2025-08-02 21:43:13 INFO  Loginpage:34 - Entering username: standard_user
2025-08-02 21:43:13 INFO  Loginpage:40 - Entering password
2025-08-02 21:43:13 INFO  Loginpage:46 - Clicking on login button
2025-08-02 21:43:13 INFO  Homepage:23 - Homepage initialized for driver thread: 1
2025-08-02 21:43:13 INFO  Homepage:29 - Shopping cart link displayed: true
2025-08-02 21:43:13 INFO  Homepage:29 - Shopping cart link displayed: true
2025-08-02 21:43:13 INFO  Login:107 - Login success: true
2025-08-02 21:43:13 INFO  Login:89 - Logging in with username: problem_user
2025-08-02 21:43:14 INFO  BaseClass:21 - WebDriver instance set for thread: 1
2025-08-02 21:43:16 INFO  Loginpage:29 - Loginpage initialized
2025-08-02 21:43:16 INFO  Loginpage:34 - Entering username: problem_user
2025-08-02 21:43:17 INFO  Loginpage:40 - Entering password
2025-08-02 21:43:17 INFO  Loginpage:46 - Clicking on login button
2025-08-02 21:43:17 INFO  Homepage:23 - Homepage initialized for driver thread: 1
2025-08-02 21:43:17 INFO  Homepage:29 - Shopping cart link displayed: true
2025-08-02 21:43:17 INFO  Homepage:29 - Shopping cart link displayed: true
2025-08-02 21:43:17 INFO  Login:107 - Login success: true
2025-08-02 21:43:17 INFO  Login:89 - Logging in with username: performance_glitch_user
2025-08-02 21:43:18 INFO  BaseClass:21 - WebDriver instance set for thread: 1
2025-08-02 21:43:20 INFO  Loginpage:29 - Loginpage initialized
2025-08-02 21:43:20 INFO  Loginpage:34 - Entering username: performance_glitch_user
2025-08-02 21:43:20 INFO  Loginpage:40 - Entering password
2025-08-02 21:43:20 INFO  Loginpage:46 - Clicking on login button
2025-08-02 21:43:26 INFO  Homepage:23 - Homepage initialized for driver thread: 1
2025-08-02 21:43:26 INFO  Homepage:29 - Shopping cart link displayed: true
2025-08-02 21:43:26 INFO  Homepage:29 - Shopping cart link displayed: true
2025-08-02 21:43:26 INFO  Login:107 - Login success: true
2025-08-02 21:43:26 INFO  Login:89 - Logging in with username: error_user
2025-08-02 21:43:26 INFO  BaseClass:21 - WebDriver instance set for thread: 1
2025-08-02 21:43:29 INFO  Loginpage:29 - Loginpage initialized
2025-08-02 21:43:29 INFO  Loginpage:34 - Entering username: error_user
2025-08-02 21:43:29 INFO  Loginpage:40 - Entering password
2025-08-02 21:43:29 INFO  Loginpage:46 - Clicking on login button
2025-08-02 21:43:29 INFO  Homepage:23 - Homepage initialized for driver thread: 1
2025-08-02 21:43:29 INFO  Homepage:29 - Shopping cart link displayed: true
2025-08-02 21:43:29 INFO  Homepage:29 - Shopping cart link displayed: true
2025-08-02 21:43:29 INFO  Login:107 - Login success: true
2025-08-02 21:43:29 INFO  Login:89 - Logging in with username: visual_user
2025-08-02 21:43:30 INFO  BaseClass:21 - WebDriver instance set for thread: 1
2025-08-02 21:43:33 INFO  Loginpage:29 - Loginpage initialized
2025-08-02 21:43:33 INFO  Loginpage:34 - Entering username: visual_user
2025-08-02 21:43:33 INFO  Loginpage:40 - Entering password
2025-08-02 21:43:33 INFO  Loginpage:46 - Clicking on login button
2025-08-02 21:43:33 INFO  Homepage:23 - Homepage initialized for driver thread: 1
2025-08-02 21:43:33 INFO  Homepage:29 - Shopping cart link displayed: true
2025-08-02 21:43:33 INFO  Homepage:29 - Shopping cart link displayed: true
2025-08-02 21:43:33 INFO  Login:107 - Login success: true
2025-08-02 21:43:33 INFO  Loginpage:62 - Scenario Passed: User should be able to login using data from Excel
2025-08-02 21:43:33 INFO  Loginpage:66 - Closing browser and quitting WebDriver
2025-08-02 21:43:33 INFO  BaseClass:28 - Quitting WebDriver for thread: 1
2025-08-02 22:15:26 INFO  ExtentReportManager:17 - Creating Extent Report at: D:\Ideaprojects\MyProjects\POMJavaSeleniumCucumber/test-output/ExtentReport.html
2025-08-02 22:15:26 INFO  ExtentReportManager:21 - Extent Report initialized successfully.
2025-08-02 22:15:26 INFO  Loginpage:33 - ***** Starting Scenario: Checking login functionality should work with single user *****
2025-08-02 22:15:26 INFO  ConfigPropertiesReader:19 - Loading configuration from: src/main/java/properties/config.properties
2025-08-02 22:15:26 INFO  ConfigPropertiesReader:24 - Configuration loaded successfully.
2025-08-02 22:15:26 INFO  Loginpage:36 - Launching browser: firefox
2025-08-02 22:15:30 INFO  BaseClass:21 - WebDriver instance set for thread: 1
2025-08-02 22:15:30 INFO  Login:34 - Navigating to login page: https://www.saucedemo.com
2025-08-02 22:15:32 INFO  Loginpage:29 - Loginpage initialized
2025-08-02 22:15:32 INFO  Homepage:23 - Homepage initialized for driver thread: 1
2025-08-02 22:15:32 INFO  WaitClass:17 - WaitClass initialized for driver: FirefoxDriver: firefox on windows (b17a89e8-6e31-4c7c-8fb2-849b640576ff)
2025-08-02 22:15:32 INFO  Login:47 - Entering username and password from config
2025-08-02 22:15:32 INFO  Loginpage:34 - Entering username: standard_user
2025-08-02 22:15:32 INFO  Loginpage:40 - Entering password
2025-08-02 22:15:32 INFO  Login:61 - Clicking on Login button
2025-08-02 22:15:32 INFO  Loginpage:46 - Clicking on login button
2025-08-02 22:15:32 INFO  WaitClass:23 - Implicit wait applied: 10 seconds
2025-08-02 22:15:32 INFO  Homepage:29 - Shopping cart link displayed: true
2025-08-02 22:15:32 INFO  Loginpage:62 - Scenario Passed: Checking login functionality should work with single user
2025-08-02 22:15:32 INFO  Loginpage:66 - Closing browser and quitting WebDriver
2025-08-02 22:15:32 INFO  BaseClass:28 - Quitting WebDriver for thread: 1
2025-08-02 22:15:33 INFO  Loginpage:33 - ***** Starting Scenario: Checking login functionality should work with multiple users *****
2025-08-02 22:15:33 INFO  Loginpage:36 - Launching browser: firefox
2025-08-02 22:15:35 INFO  BaseClass:21 - WebDriver instance set for thread: 1
2025-08-02 22:15:35 INFO  Login:34 - Navigating to login page: https://www.saucedemo.com
2025-08-02 22:15:37 INFO  Loginpage:29 - Loginpage initialized
2025-08-02 22:15:37 INFO  Homepage:23 - Homepage initialized for driver thread: 1
2025-08-02 22:15:37 INFO  WaitClass:17 - WaitClass initialized for driver: FirefoxDriver: firefox on windows (64c07561-c2e5-4753-89e5-1eaa7251a3b8)
2025-08-02 22:15:37 INFO  Login:54 - Entering credentials from scenario: Username = standard_user
2025-08-02 22:15:37 INFO  Loginpage:34 - Entering username: standard_user
2025-08-02 22:15:37 INFO  Loginpage:40 - Entering password
2025-08-02 22:15:37 INFO  Login:61 - Clicking on Login button
2025-08-02 22:15:37 INFO  Loginpage:46 - Clicking on login button
2025-08-02 22:15:37 INFO  WaitClass:23 - Implicit wait applied: 10 seconds
2025-08-02 22:15:37 INFO  Homepage:29 - Shopping cart link displayed: true
2025-08-02 22:15:37 INFO  Loginpage:62 - Scenario Passed: Checking login functionality should work with multiple users
2025-08-02 22:15:37 INFO  Loginpage:66 - Closing browser and quitting WebDriver
2025-08-02 22:15:37 INFO  BaseClass:28 - Quitting WebDriver for thread: 1
2025-08-02 22:15:38 INFO  Loginpage:33 - ***** Starting Scenario: Checking login functionality should work with multiple users *****
2025-08-02 22:15:38 INFO  Loginpage:36 - Launching browser: firefox
2025-08-02 22:15:40 INFO  BaseClass:21 - WebDriver instance set for thread: 1
2025-08-02 22:15:40 INFO  Login:34 - Navigating to login page: https://www.saucedemo.com
2025-08-02 22:15:41 INFO  Loginpage:29 - Loginpage initialized
2025-08-02 22:15:41 INFO  Homepage:23 - Homepage initialized for driver thread: 1
2025-08-02 22:15:41 INFO  WaitClass:17 - WaitClass initialized for driver: FirefoxDriver: firefox on windows (fcd04466-7887-4643-9f10-85e2ea949c87)
2025-08-02 22:15:41 INFO  Login:54 - Entering credentials from scenario: Username = problem_user
2025-08-02 22:15:41 INFO  Loginpage:34 - Entering username: problem_user
2025-08-02 22:15:41 INFO  Loginpage:40 - Entering password
2025-08-02 22:15:41 INFO  Login:61 - Clicking on Login button
2025-08-02 22:15:41 INFO  Loginpage:46 - Clicking on login button
2025-08-02 22:15:41 INFO  WaitClass:23 - Implicit wait applied: 10 seconds
2025-08-02 22:15:41 INFO  Homepage:29 - Shopping cart link displayed: true
2025-08-02 22:15:41 INFO  Loginpage:62 - Scenario Passed: Checking login functionality should work with multiple users
2025-08-02 22:15:41 INFO  Loginpage:66 - Closing browser and quitting WebDriver
2025-08-02 22:15:41 INFO  BaseClass:28 - Quitting WebDriver for thread: 1
2025-08-02 22:15:42 INFO  Loginpage:33 - ***** Starting Scenario: Checking login functionality should work with multiple users *****
2025-08-02 22:15:42 INFO  Loginpage:36 - Launching browser: firefox
2025-08-02 22:15:45 INFO  BaseClass:21 - WebDriver instance set for thread: 1
2025-08-02 22:15:45 INFO  Login:34 - Navigating to login page: https://www.saucedemo.com
2025-08-02 22:15:47 INFO  Loginpage:29 - Loginpage initialized
2025-08-02 22:15:47 INFO  Homepage:23 - Homepage initialized for driver thread: 1
2025-08-02 22:15:47 INFO  WaitClass:17 - WaitClass initialized for driver: FirefoxDriver: firefox on windows (c1b3c96a-624a-4ff2-9588-dc6a4eda35bd)
2025-08-02 22:15:47 INFO  Login:54 - Entering credentials from scenario: Username = performance_glitch_user
2025-08-02 22:15:47 INFO  Loginpage:34 - Entering username: performance_glitch_user
2025-08-02 22:15:47 INFO  Loginpage:40 - Entering password
2025-08-02 22:15:47 INFO  Login:61 - Clicking on Login button
2025-08-02 22:15:47 INFO  Loginpage:46 - Clicking on login button
2025-08-02 22:15:52 INFO  WaitClass:23 - Implicit wait applied: 10 seconds
2025-08-02 22:15:52 INFO  Homepage:29 - Shopping cart link displayed: true
2025-08-02 22:15:52 INFO  Loginpage:62 - Scenario Passed: Checking login functionality should work with multiple users
2025-08-02 22:15:52 INFO  Loginpage:66 - Closing browser and quitting WebDriver
2025-08-02 22:15:52 INFO  BaseClass:28 - Quitting WebDriver for thread: 1
2025-08-02 22:15:53 INFO  Loginpage:33 - ***** Starting Scenario: Checking login functionality should work with multiple users *****
2025-08-02 22:15:53 INFO  Loginpage:36 - Launching browser: firefox
2025-08-02 22:15:55 INFO  BaseClass:21 - WebDriver instance set for thread: 1
2025-08-02 22:15:55 INFO  Login:34 - Navigating to login page: https://www.saucedemo.com
2025-08-02 22:15:56 INFO  Loginpage:29 - Loginpage initialized
2025-08-02 22:15:56 INFO  Homepage:23 - Homepage initialized for driver thread: 1
2025-08-02 22:15:56 INFO  WaitClass:17 - WaitClass initialized for driver: FirefoxDriver: firefox on windows (5755d1d8-0b2c-49ad-98d2-85712900871e)
2025-08-02 22:15:56 INFO  Login:54 - Entering credentials from scenario: Username = error_user
2025-08-02 22:15:56 INFO  Loginpage:34 - Entering username: error_user
2025-08-02 22:15:56 INFO  Loginpage:40 - Entering password
2025-08-02 22:15:56 INFO  Login:61 - Clicking on Login button
2025-08-02 22:15:56 INFO  Loginpage:46 - Clicking on login button
2025-08-02 22:15:56 INFO  WaitClass:23 - Implicit wait applied: 10 seconds
2025-08-02 22:15:56 INFO  Homepage:29 - Shopping cart link displayed: true
2025-08-02 22:15:56 INFO  Loginpage:62 - Scenario Passed: Checking login functionality should work with multiple users
2025-08-02 22:15:56 INFO  Loginpage:66 - Closing browser and quitting WebDriver
2025-08-02 22:15:56 INFO  BaseClass:28 - Quitting WebDriver for thread: 1
2025-08-02 22:15:57 INFO  Loginpage:33 - ***** Starting Scenario: Checking login functionality should work with multiple users *****
2025-08-02 22:15:57 INFO  Loginpage:36 - Launching browser: firefox
2025-08-02 22:15:59 INFO  BaseClass:21 - WebDriver instance set for thread: 1
2025-08-02 22:15:59 INFO  Login:34 - Navigating to login page: https://www.saucedemo.com
2025-08-02 22:16:01 INFO  Loginpage:29 - Loginpage initialized
2025-08-02 22:16:01 INFO  Homepage:23 - Homepage initialized for driver thread: 1
2025-08-02 22:16:01 INFO  WaitClass:17 - WaitClass initialized for driver: FirefoxDriver: firefox on windows (49d0d17c-a4c8-46d9-80c7-b71e0be66fe7)
2025-08-02 22:16:01 INFO  Login:54 - Entering credentials from scenario: Username = visual_user
2025-08-02 22:16:01 INFO  Loginpage:34 - Entering username: visual_user
2025-08-02 22:16:01 INFO  Loginpage:40 - Entering password
2025-08-02 22:16:01 INFO  Login:61 - Clicking on Login button
2025-08-02 22:16:01 INFO  Loginpage:46 - Clicking on login button
2025-08-02 22:16:01 INFO  WaitClass:23 - Implicit wait applied: 10 seconds
2025-08-02 22:16:01 INFO  Homepage:29 - Shopping cart link displayed: true
2025-08-02 22:16:01 INFO  Loginpage:62 - Scenario Passed: Checking login functionality should work with multiple users
2025-08-02 22:16:01 INFO  Loginpage:66 - Closing browser and quitting WebDriver
2025-08-02 22:16:01 INFO  BaseClass:28 - Quitting WebDriver for thread: 1
2025-08-02 22:16:02 INFO  Loginpage:33 - ***** Starting Scenario: Checking login functionality should not work with this user *****
2025-08-02 22:16:02 INFO  Loginpage:36 - Launching browser: firefox
2025-08-02 22:16:04 INFO  BaseClass:21 - WebDriver instance set for thread: 1
2025-08-02 22:16:04 INFO  Login:34 - Navigating to login page: https://www.saucedemo.com
2025-08-02 22:16:06 INFO  Loginpage:29 - Loginpage initialized
2025-08-02 22:16:06 INFO  Homepage:23 - Homepage initialized for driver thread: 1
2025-08-02 22:16:06 INFO  WaitClass:17 - WaitClass initialized for driver: FirefoxDriver: firefox on windows (5c19f8a6-13ca-4e14-876c-d370ac9ba6a4)
2025-08-02 22:16:06 INFO  Login:54 - Entering credentials from scenario: Username = locked_out_user
2025-08-02 22:16:06 INFO  Loginpage:34 - Entering username: locked_out_user
2025-08-02 22:16:06 INFO  Loginpage:40 - Entering password
2025-08-02 22:16:06 INFO  Login:61 - Clicking on Login button
2025-08-02 22:16:06 INFO  Loginpage:46 - Clicking on login button
2025-08-02 22:16:06 WARN  Login:73 - Verifying failed login attempt
2025-08-02 22:16:06 INFO  WaitClass:23 - Implicit wait applied: 10 seconds
2025-08-02 22:16:16 ERROR Homepage:32 - Shopping cart link not found
org.openqa.selenium.NoSuchElementException: Unable to locate element: //a[@class='shopping_cart_link']
For documentation on this error, please visit: https://www.selenium.dev/documentation/webdriver/troubleshooting/errors#no-such-element-exception
Build info: version: '4.34.0', revision: '707dcb4246*'
System info: os.name: 'Windows 11', os.arch: 'amd64', os.version: '10.0', java.version: '11.0.26'
Driver info: org.openqa.selenium.firefox.FirefoxDriver
Command: [5c19f8a6-13ca-4e14-876c-d370ac9ba6a4, findElement {value=//a[@class='shopping_cart_link'], using=xpath}]
Capabilities {acceptInsecureCerts: true, browserName: firefox, browserVersion: 141.0, moz:accessibilityChecks: false, moz:buildID: 20250717180000, moz:geckodriverVersion: 0.36.0, moz:headless: false, moz:platformVersion: 10.0, moz:processID: 26392, moz:profile: C:\Users\MYPC~1\AppData\Loc..., moz:shutdownTimeout: 60000, moz:webdriverClick: true, moz:windowless: false, pageLoadStrategy: normal, platformName: windows, proxy: Proxy(), setWindowRect: true, strictFileInteractability: false, timeouts: {implicit: 0, pageLoad: 300000, script: 30000}, unhandledPromptBehavior: dismiss and notify, userAgent: Mozilla/5.0 (Windows NT 10....}
Session ID: 5c19f8a6-13ca-4e14-876c-d370ac9ba6a4
	at jdk.internal.reflect.NativeConstructorAccessorImpl.newInstance0(Native Method) ~[?:?]
	at jdk.internal.reflect.NativeConstructorAccessorImpl.newInstance(NativeConstructorAccessorImpl.java:62) ~[?:?]
	at jdk.internal.reflect.DelegatingConstructorAccessorImpl.newInstance(DelegatingConstructorAccessorImpl.java:45) ~[?:?]
	at java.lang.reflect.Constructor.newInstance(Constructor.java:490) ~[?:?]
	at org.openqa.selenium.remote.ErrorCodec.decode(ErrorCodec.java:167) ~[selenium-remote-driver-4.34.0.jar:?]
	at org.openqa.selenium.remote.codec.w3c.W3CHttpResponseCodec.decode(W3CHttpResponseCodec.java:138) ~[selenium-remote-driver-4.34.0.jar:?]
	at org.openqa.selenium.remote.codec.w3c.W3CHttpResponseCodec.decode(W3CHttpResponseCodec.java:50) ~[selenium-remote-driver-4.34.0.jar:?]
	at org.openqa.selenium.remote.HttpCommandExecutor.execute(HttpCommandExecutor.java:215) ~[selenium-remote-driver-4.34.0.jar:?]
	at org.openqa.selenium.remote.service.DriverCommandExecutor.invokeExecute(DriverCommandExecutor.java:216) ~[selenium-remote-driver-4.34.0.jar:?]
	at org.openqa.selenium.remote.service.DriverCommandExecutor.execute(DriverCommandExecutor.java:174) ~[selenium-remote-driver-4.34.0.jar:?]
	at org.openqa.selenium.remote.RemoteWebDriver.execute(RemoteWebDriver.java:544) ~[selenium-remote-driver-4.34.0.jar:?]
	at org.openqa.selenium.remote.ElementLocation$ElementFinder$2.findElement(ElementLocation.java:165) ~[selenium-remote-driver-4.34.0.jar:?]
	at org.openqa.selenium.remote.ElementLocation.findElement(ElementLocation.java:59) ~[selenium-remote-driver-4.34.0.jar:?]
	at org.openqa.selenium.remote.RemoteWebDriver.findElement(RemoteWebDriver.java:367) ~[selenium-remote-driver-4.34.0.jar:?]
	at org.openqa.selenium.remote.RemoteWebDriver.findElement(RemoteWebDriver.java:361) ~[selenium-remote-driver-4.34.0.jar:?]
	at org.openqa.selenium.support.pagefactory.DefaultElementLocator.findElement(DefaultElementLocator.java:68) ~[selenium-support-4.34.0.jar:?]
	at org.openqa.selenium.support.pagefactory.internal.LocatingElementHandler.invoke(LocatingElementHandler.java:38) ~[selenium-support-4.34.0.jar:?]
	at com.sun.proxy.$Proxy36.isDisplayed(Unknown Source) ~[?:?]
	at basepackage.Homepage.verifyShoppingCartLink(Homepage.java:28) ~[classes/:?]
	at stepdefinitions.Login.user_should_not_navigate_to_home_page(Login.java:75) ~[test-classes/:?]
	at jdk.internal.reflect.NativeMethodAccessorImpl.invoke0(Native Method) ~[?:?]
	at jdk.internal.reflect.NativeMethodAccessorImpl.invoke(NativeMethodAccessorImpl.java:62) ~[?:?]
	at jdk.internal.reflect.DelegatingMethodAccessorImpl.invoke(DelegatingMethodAccessorImpl.java:43) ~[?:?]
	at java.lang.reflect.Method.invoke(Method.java:566) ~[?:?]
	at io.cucumber.java.Invoker.doInvoke(Invoker.java:66) ~[cucumber-java-7.22.0.jar:7.22.0]
	at io.cucumber.java.Invoker.invoke(Invoker.java:24) ~[cucumber-java-7.22.0.jar:7.22.0]
	at io.cucumber.java.AbstractGlueDefinition.invokeMethod(AbstractGlueDefinition.java:47) ~[cucumber-java-7.22.0.jar:7.22.0]
	at io.cucumber.java.JavaStepDefinition.execute(JavaStepDefinition.java:29) ~[cucumber-java-7.22.0.jar:7.22.0]
	at io.cucumber.core.runner.CoreStepDefinition.execute(CoreStepDefinition.java:66) ~[cucumber-core-7.22.0.jar:7.22.0]
	at io.cucumber.core.runner.PickleStepDefinitionMatch.runStep(PickleStepDefinitionMatch.java:62) ~[cucumber-core-7.22.0.jar:7.22.0]
	at io.cucumber.core.runner.ExecutionMode$1.execute(ExecutionMode.java:10) ~[cucumber-core-7.22.0.jar:7.22.0]
	at io.cucumber.core.runner.TestStep.executeStep(TestStep.java:81) ~[cucumber-core-7.22.0.jar:7.22.0]
	at io.cucumber.core.runner.TestStep.run(TestStep.java:53) ~[cucumber-core-7.22.0.jar:7.22.0]
	at io.cucumber.core.runner.PickleStepTestStep.run(PickleStepTestStep.java:51) ~[cucumber-core-7.22.0.jar:7.22.0]
	at io.cucumber.core.runner.TestCase.run(TestCase.java:86) ~[cucumber-core-7.22.0.jar:7.22.0]
	at io.cucumber.core.runner.Runner.runPickle(Runner.java:77) ~[cucumber-core-7.22.0.jar:7.22.0]
	at io.cucumber.junit.PickleRunners$NoStepDescriptions.lambda$run$0(PickleRunners.java:151) ~[cucumber-junit-7.22.1.jar:7.22.1]
	at io.cucumber.core.runtime.CucumberExecutionContext.lambda$runTestCase$5(CucumberExecutionContext.java:136) ~[cucumber-core-7.22.0.jar:7.22.0]
	at io.cucumber.core.runtime.RethrowingThrowableCollector.executeAndThrow(RethrowingThrowableCollector.java:23) ~[cucumber-core-7.22.0.jar:7.22.0]
	at io.cucumber.core.runtime.CucumberExecutionContext.runTestCase(CucumberExecutionContext.java:136) ~[cucumber-core-7.22.0.jar:7.22.0]
	at io.cucumber.junit.PickleRunners$NoStepDescriptions.run(PickleRunners.java:148) ~[cucumber-junit-7.22.1.jar:7.22.1]
	at io.cucumber.junit.FeatureRunner.runChild(FeatureRunner.java:144) ~[cucumber-junit-7.22.1.jar:7.22.1]
	at io.cucumber.junit.FeatureRunner.runChild(FeatureRunner.java:28) ~[cucumber-junit-7.22.1.jar:7.22.1]
	at org.junit.runners.ParentRunner$4.run(ParentRunner.java:331) ~[junit-4.13.2.jar:4.13.2]
	at org.junit.runners.ParentRunner$1.schedule(ParentRunner.java:79) ~[junit-4.13.2.jar:4.13.2]
	at org.junit.runners.ParentRunner.runChildren(ParentRunner.java:329) ~[junit-4.13.2.jar:4.13.2]
	at org.junit.runners.ParentRunner.access$100(ParentRunner.java:66) ~[junit-4.13.2.jar:4.13.2]
	at org.junit.runners.ParentRunner$2.evaluate(ParentRunner.java:293) ~[junit-4.13.2.jar:4.13.2]
	at org.junit.runners.ParentRunner$3.evaluate(ParentRunner.java:306) ~[junit-4.13.2.jar:4.13.2]
	at org.junit.runners.ParentRunner.run(ParentRunner.java:413) ~[junit-4.13.2.jar:4.13.2]
	at io.cucumber.junit.FeatureRunner.run(FeatureRunner.java:137) ~[cucumber-junit-7.22.1.jar:7.22.1]
	at io.cucumber.junit.Cucumber.runChild(Cucumber.java:199) ~[cucumber-junit-7.22.1.jar:7.22.1]
	at io.cucumber.junit.Cucumber.runChild(Cucumber.java:89) ~[cucumber-junit-7.22.1.jar:7.22.1]
	at org.junit.runners.ParentRunner$4.run(ParentRunner.java:331) ~[junit-4.13.2.jar:4.13.2]
	at org.junit.runners.ParentRunner$1.schedule(ParentRunner.java:79) ~[junit-4.13.2.jar:4.13.2]
	at org.junit.runners.ParentRunner.runChildren(ParentRunner.java:329) ~[junit-4.13.2.jar:4.13.2]
	at org.junit.runners.ParentRunner.access$100(ParentRunner.java:66) ~[junit-4.13.2.jar:4.13.2]
	at org.junit.runners.ParentRunner$2.evaluate(ParentRunner.java:293) ~[junit-4.13.2.jar:4.13.2]
	at io.cucumber.core.runtime.CucumberExecutionContext.lambda$runFeatures$6(CucumberExecutionContext.java:147) ~[cucumber-core-7.22.0.jar:7.22.0]
	at io.cucumber.core.runtime.CucumberExecutionContext.execute(CucumberExecutionContext.java:162) [cucumber-core-7.22.0.jar:7.22.0]
	at io.cucumber.core.runtime.CucumberExecutionContext.runFeatures(CucumberExecutionContext.java:145) [cucumber-core-7.22.0.jar:7.22.0]
	at io.cucumber.junit.Cucumber$StartAndFinishTestRun.evaluate(Cucumber.java:229) [cucumber-junit-7.22.1.jar:7.22.1]
	at org.junit.runners.ParentRunner$3.evaluate(ParentRunner.java:306) [junit-4.13.2.jar:4.13.2]
	at org.junit.runners.ParentRunner.run(ParentRunner.java:413) [junit-4.13.2.jar:4.13.2]
	at org.junit.runner.JUnitCore.run(JUnitCore.java:137) [junit-4.13.2.jar:4.13.2]
	at com.intellij.junit4.JUnit4IdeaTestRunner.startRunnerWithArgs(JUnit4IdeaTestRunner.java:69) [junit-rt.jar:?]
	at com.intellij.rt.junit.IdeaTestRunner$Repeater$1.execute(IdeaTestRunner.java:38) [junit-rt.jar:?]
	at com.intellij.rt.execution.junit.TestsRepeater.repeat(TestsRepeater.java:11) [idea_rt.jar:?]
	at com.intellij.rt.junit.IdeaTestRunner$Repeater.startRunnerWithArgs(IdeaTestRunner.java:35) [junit-rt.jar:?]
	at com.intellij.rt.junit.JUnitStarter.prepareStreamsAndStart(JUnitStarter.java:231) [junit-rt.jar:?]
	at com.intellij.rt.junit.JUnitStarter.main(JUnitStarter.java:55) [junit-rt.jar:?]
2025-08-02 22:16:16 WARN  Login:76 - Login failed - Home page not loaded
2025-08-02 22:16:16 INFO  Loginpage:62 - Scenario Passed: Checking login functionality should not work with this user
2025-08-02 22:16:16 INFO  Loginpage:66 - Closing browser and quitting WebDriver
2025-08-02 22:16:16 INFO  BaseClass:28 - Quitting WebDriver for thread: 1
2025-08-02 22:16:17 INFO  Loginpage:33 - ***** Starting Scenario: User should be able to login using data from Excel *****
2025-08-02 22:16:17 INFO  Loginpage:36 - Launching browser: firefox
2025-08-02 22:16:19 INFO  BaseClass:21 - WebDriver instance set for thread: 1
2025-08-02 22:16:19 INFO  Login:82 - Reading login data from Excel file: testdata/LoginData.xlsx
2025-08-02 22:16:19 INFO  ExcelReader:19 - Reading Excel file from path: testdata/LoginData.xlsx, sheet: Sheet1
2025-08-02 22:16:19 INFO  ExcelReader:26 - Total rows found (including header): 11
2025-08-02 22:16:19 INFO  Login:89 - Logging in with username: standard_user
2025-08-02 22:16:20 INFO  BaseClass:21 - WebDriver instance set for thread: 1
2025-08-02 22:16:21 INFO  Loginpage:29 - Loginpage initialized
2025-08-02 22:16:21 INFO  Loginpage:34 - Entering username: standard_user
2025-08-02 22:16:21 INFO  Loginpage:40 - Entering password
2025-08-02 22:16:21 INFO  Loginpage:46 - Clicking on login button
2025-08-02 22:16:21 INFO  Homepage:23 - Homepage initialized for driver thread: 1
2025-08-02 22:16:21 INFO  Homepage:29 - Shopping cart link displayed: true
2025-08-02 22:16:21 INFO  Homepage:29 - Shopping cart link displayed: true
2025-08-02 22:16:21 INFO  Login:107 - Login success: true
2025-08-02 22:16:22 INFO  Login:89 - Logging in with username: problem_user
2025-08-02 22:16:22 INFO  BaseClass:21 - WebDriver instance set for thread: 1
2025-08-02 22:16:23 INFO  Loginpage:29 - Loginpage initialized
2025-08-02 22:16:23 INFO  Loginpage:34 - Entering username: problem_user
2025-08-02 22:16:23 INFO  Loginpage:40 - Entering password
2025-08-02 22:16:23 INFO  Loginpage:46 - Clicking on login button
2025-08-02 22:16:23 INFO  Homepage:23 - Homepage initialized for driver thread: 1
2025-08-02 22:16:24 INFO  Homepage:29 - Shopping cart link displayed: true
2025-08-02 22:16:24 INFO  Homepage:29 - Shopping cart link displayed: true
2025-08-02 22:16:24 INFO  Login:107 - Login success: true
2025-08-02 22:16:24 INFO  Login:89 - Logging in with username: performance_glitch_user
2025-08-02 22:16:28 INFO  BaseClass:21 - WebDriver instance set for thread: 1
2025-08-02 22:16:30 INFO  Loginpage:29 - Loginpage initialized
2025-08-02 22:16:30 INFO  Loginpage:34 - Entering username: performance_glitch_user
2025-08-02 22:16:31 INFO  Loginpage:40 - Entering password
2025-08-02 22:16:32 INFO  Loginpage:46 - Clicking on login button
2025-08-02 22:16:38 INFO  Homepage:23 - Homepage initialized for driver thread: 1
2025-08-02 22:16:38 INFO  Homepage:29 - Shopping cart link displayed: true
2025-08-02 22:16:38 INFO  Homepage:29 - Shopping cart link displayed: true
2025-08-02 22:16:38 INFO  Login:107 - Login success: true
2025-08-02 22:16:38 INFO  Login:89 - Logging in with username: error_user
2025-08-02 22:16:40 INFO  BaseClass:21 - WebDriver instance set for thread: 1
2025-08-02 22:16:41 INFO  Loginpage:29 - Loginpage initialized
2025-08-02 22:16:41 INFO  Loginpage:34 - Entering username: error_user
2025-08-02 22:16:42 INFO  Loginpage:40 - Entering password
2025-08-02 22:16:42 INFO  Loginpage:46 - Clicking on login button
2025-08-02 22:16:43 INFO  Homepage:23 - Homepage initialized for driver thread: 1
2025-08-02 22:16:43 INFO  Homepage:29 - Shopping cart link displayed: true
2025-08-02 22:16:43 INFO  Homepage:29 - Shopping cart link displayed: true
2025-08-02 22:16:43 INFO  Login:107 - Login success: true
2025-08-02 22:16:44 INFO  Login:89 - Logging in with username: visual_user
2025-08-02 22:16:46 INFO  BaseClass:21 - WebDriver instance set for thread: 1
2025-08-02 22:16:46 INFO  Loginpage:29 - Loginpage initialized
2025-08-02 22:16:46 INFO  Loginpage:34 - Entering username: visual_user
2025-08-02 22:16:48 INFO  Loginpage:40 - Entering password
2025-08-02 22:16:48 INFO  Loginpage:46 - Clicking on login button
2025-08-02 22:16:48 INFO  Homepage:23 - Homepage initialized for driver thread: 1
2025-08-02 22:16:48 INFO  Homepage:29 - Shopping cart link displayed: true
2025-08-02 22:16:48 INFO  Homepage:29 - Shopping cart link displayed: true
2025-08-02 22:16:48 INFO  Login:107 - Login success: true
2025-08-02 22:16:49 INFO  Login:89 - Logging in with username: standard_user
2025-08-02 22:16:50 INFO  BaseClass:21 - WebDriver instance set for thread: 1
2025-08-02 22:16:50 INFO  Loginpage:29 - Loginpage initialized
2025-08-02 22:16:50 INFO  Loginpage:34 - Entering username: standard_user
2025-08-02 22:16:51 INFO  Loginpage:40 - Entering password
2025-08-02 22:16:52 INFO  Loginpage:46 - Clicking on login button
2025-08-02 22:16:52 INFO  Homepage:23 - Homepage initialized for driver thread: 1
2025-08-02 22:16:52 INFO  Homepage:29 - Shopping cart link displayed: true
2025-08-02 22:16:52 INFO  Homepage:29 - Shopping cart link displayed: true
2025-08-02 22:16:52 INFO  Login:107 - Login success: true
2025-08-02 22:16:52 INFO  Login:89 - Logging in with username: problem_user
2025-08-02 22:16:54 INFO  BaseClass:21 - WebDriver instance set for thread: 1
2025-08-02 22:16:54 INFO  Loginpage:29 - Loginpage initialized
2025-08-02 22:16:54 INFO  Loginpage:34 - Entering username: problem_user
2025-08-02 22:16:55 INFO  Loginpage:40 - Entering password
2025-08-02 22:16:55 INFO  Loginpage:46 - Clicking on login button
2025-08-02 22:16:55 INFO  Homepage:23 - Homepage initialized for driver thread: 1
2025-08-02 22:16:55 INFO  Homepage:29 - Shopping cart link displayed: true
2025-08-02 22:16:55 INFO  Homepage:29 - Shopping cart link displayed: true
2025-08-02 22:16:55 INFO  Login:107 - Login success: true
2025-08-02 22:16:55 INFO  Login:89 - Logging in with username: performance_glitch_user
2025-08-02 22:16:57 INFO  BaseClass:21 - WebDriver instance set for thread: 1
2025-08-02 22:16:57 INFO  Loginpage:29 - Loginpage initialized
2025-08-02 22:16:57 INFO  Loginpage:34 - Entering username: performance_glitch_user
2025-08-02 22:16:58 INFO  Loginpage:40 - Entering password
2025-08-02 22:16:58 INFO  Loginpage:46 - Clicking on login button
2025-08-02 22:17:03 INFO  Homepage:23 - Homepage initialized for driver thread: 1
2025-08-02 22:17:03 INFO  Homepage:29 - Shopping cart link displayed: true
2025-08-02 22:17:03 INFO  Homepage:29 - Shopping cart link displayed: true
2025-08-02 22:17:03 INFO  Login:107 - Login success: true
2025-08-02 22:17:03 INFO  Login:89 - Logging in with username: error_user
2025-08-02 22:17:04 INFO  BaseClass:21 - WebDriver instance set for thread: 1
2025-08-02 22:17:05 INFO  Loginpage:29 - Loginpage initialized
2025-08-02 22:17:05 INFO  Loginpage:34 - Entering username: error_user
2025-08-02 22:17:05 INFO  Loginpage:40 - Entering password
2025-08-02 22:17:05 INFO  Loginpage:46 - Clicking on login button
2025-08-02 22:17:06 INFO  Homepage:23 - Homepage initialized for driver thread: 1
2025-08-02 22:17:06 INFO  Homepage:29 - Shopping cart link displayed: true
2025-08-02 22:17:06 INFO  Homepage:29 - Shopping cart link displayed: true
2025-08-02 22:17:06 INFO  Login:107 - Login success: true
2025-08-02 22:17:06 INFO  Login:89 - Logging in with username: visual_user
2025-08-02 22:17:07 INFO  BaseClass:21 - WebDriver instance set for thread: 1
2025-08-02 22:17:08 INFO  Loginpage:29 - Loginpage initialized
2025-08-02 22:17:08 INFO  Loginpage:34 - Entering username: visual_user
2025-08-02 22:17:08 INFO  Loginpage:40 - Entering password
2025-08-02 22:17:08 INFO  Loginpage:46 - Clicking on login button
2025-08-02 22:17:09 INFO  Homepage:23 - Homepage initialized for driver thread: 1
2025-08-02 22:17:09 INFO  Homepage:29 - Shopping cart link displayed: true
2025-08-02 22:17:09 INFO  Homepage:29 - Shopping cart link displayed: true
2025-08-02 22:17:09 INFO  Login:107 - Login success: true
2025-08-02 22:17:09 INFO  Loginpage:62 - Scenario Passed: User should be able to login using data from Excel
2025-08-02 22:17:09 INFO  Loginpage:66 - Closing browser and quitting WebDriver
2025-08-02 22:17:09 INFO  BaseClass:28 - Quitting WebDriver for thread: 1
2025-08-02 22:36:29 INFO  ExtentReportManager:17 - Creating Extent Report at: D:\Ideaprojects\MyProjects\POMJavaSeleniumCucumber/test-output/ExtentReport.html
2025-08-02 22:36:29 INFO  ExtentReportManager:21 - Extent Report initialized successfully.
2025-08-02 22:36:29 INFO  Loginpage:34 - ***** Starting Scenario: User should be able to login using data from Excel *****
2025-08-02 22:36:29 WARN  Loginpage:64 - Scenario Failed: User should be able to login using data from Excel
2025-08-02 22:39:14 INFO  ExtentReportManager:17 - Creating Extent Report at: D:\Ideaprojects\MyProjects\POMJavaSeleniumCucumber/test-output/ExtentReport.html
2025-08-02 22:39:14 INFO  ExtentReportManager:21 - Extent Report initialized successfully.
2025-08-02 22:39:14 INFO  Loginpage:34 - ***** Starting Scenario: User should be able to login using data from Excel *****
2025-08-02 22:39:14 WARN  Loginpage:62 - Scenario Failed: User should be able to login using data from Excel
2025-08-02 22:43:49 INFO  Utils:112 - [TestNG] Running:
  C:\Users\MY PC\AppData\Local\JetBrains\IdeaIC2025.1\temp-testng-customsuite.xml

2025-08-02 22:43:49 INFO  ExtentReportManager:17 - Creating Extent Report at: D:\Ideaprojects\MyProjects\POMJavaSeleniumCucumber/test-output/ExtentReport.html
2025-08-02 22:43:49 INFO  ExtentReportManager:21 - Extent Report initialized successfully.
2025-08-02 22:43:49 INFO  Loginpage:34 - ***** Starting Scenario: User should be able to login using data from Excel *****
2025-08-02 22:43:49 INFO  Loginpage:40 - Launching browser: null
2025-08-02 22:43:49 WARN  Loginpage:62 - Scenario Failed: User should be able to login using data from Excel
2025-08-02 22:48:57 INFO  Utils:112 - [TestNG] Running:
  C:\Users\MY PC\AppData\Local\JetBrains\IdeaIC2025.1\temp-testng-customsuite.xml

2025-08-02 22:48:58 INFO  ExtentReportManager:17 - Creating Extent Report at: D:\Ideaprojects\MyProjects\POMJavaSeleniumCucumber/test-output/ExtentReport.html
2025-08-02 22:48:58 INFO  ExtentReportManager:21 - Extent Report initialized successfully.
2025-08-02 22:48:58 INFO  Loginpage:34 - ***** Starting Scenario: User should be able to login using data from Excel *****
2025-08-02 22:48:58 INFO  Loginpage:40 - Launching browser: null
2025-08-02 22:48:58 WARN  Loginpage:62 - Scenario Failed: User should be able to login using data from Excel
2025-08-02 23:04:51 INFO  Utils:112 - [TestNG] Running:
  C:\Users\MY PC\AppData\Local\JetBrains\IdeaIC2025.1\temp-testng-customsuite.xml

2025-08-02 23:04:52 INFO  ExtentReportManager:17 - Creating Extent Report at: D:\Ideaprojects\MyProjects\POMJavaSeleniumCucumber/test-output/ExtentReport.html
2025-08-02 23:04:52 INFO  ExtentReportManager:21 - Extent Report initialized successfully.
2025-08-02 23:04:52 INFO  Loginpage:34 - ***** Starting Scenario: User should be able to login using data from Excel *****
2025-08-02 23:04:52 INFO  Loginpage:40 - Launching browser: null
2025-08-02 23:04:52 WARN  Loginpage:62 - Scenario Failed: User should be able to login using data from Excel
2025-08-02 23:07:32 INFO  Utils:112 - [TestNG] Running:
  C:\Users\MY PC\AppData\Local\JetBrains\IdeaIC2025.1\temp-testng-customsuite.xml

2025-08-02 23:07:32 INFO  ExtentReportManager:17 - Creating Extent Report at: D:\Ideaprojects\MyProjects\POMJavaSeleniumCucumber/test-output/ExtentReport.html
2025-08-02 23:07:33 INFO  ExtentReportManager:21 - Extent Report initialized successfully.
2025-08-02 23:07:33 INFO  Loginpage:34 - ***** Starting Scenario: User should be able to login using data from Excel *****
2025-08-02 23:07:33 INFO  Loginpage:40 - Launching browser: null
2025-08-02 23:07:33 WARN  Loginpage:62 - Scenario Failed: User should be able to login using data from Excel
2025-08-02 23:09:28 INFO  Utils:112 - [TestNG] Running:
  C:\Users\MY PC\AppData\Local\JetBrains\IdeaIC2025.1\temp-testng-customsuite.xml

2025-08-02 23:09:29 INFO  ExtentReportManager:17 - Creating Extent Report at: D:\Ideaprojects\MyProjects\POMJavaSeleniumCucumber/test-output/ExtentReport.html
2025-08-02 23:09:29 INFO  ExtentReportManager:21 - Extent Report initialized successfully.
2025-08-02 23:09:29 INFO  Loginpage:34 - ***** Starting Scenario: User should be able to login using data from Excel *****
2025-08-02 23:09:29 INFO  ConfigPropertiesReader:19 - Loading configuration from: src/main/java/properties/config.properties
2025-08-02 23:09:29 INFO  ConfigPropertiesReader:24 - Configuration loaded successfully.
2025-08-02 23:09:29 INFO  Loginpage:40 - Launching browser: firefox
2025-08-02 23:09:31 INFO  BaseClass:25 - WebDriver instance set for thread: 1
2025-08-02 23:09:31 INFO  Login:82 - Reading login data from Excel file: testdata/LoginData.xlsx
2025-08-02 23:09:31 INFO  ExcelReader:19 - Reading Excel file from path: testdata/LoginData.xlsx, sheet: Sheet1
2025-08-02 23:09:32 INFO  ExcelReader:26 - Total rows found (including header): 11
2025-08-02 23:09:32 INFO  Login:89 - Logging in with username: standard_user
2025-08-02 23:09:37 INFO  Loginpage:29 - Loginpage initialized
2025-08-02 23:09:37 INFO  Loginpage:34 - Entering username: standard_user
2025-08-02 23:09:37 INFO  Loginpage:40 - Entering password
2025-08-02 23:09:37 INFO  Loginpage:46 - Clicking on login button
2025-08-02 23:09:37 INFO  Homepage:23 - Homepage initialized for driver thread: 1
2025-08-02 23:09:37 INFO  Homepage:29 - Shopping cart link displayed: true
2025-08-02 23:09:37 INFO  Homepage:29 - Shopping cart link displayed: true
2025-08-02 23:09:37 INFO  Login:106 - Login success: true
2025-08-02 23:09:38 INFO  Login:89 - Logging in with username: problem_user
2025-08-02 23:09:38 WARN  Loginpage:62 - Scenario Failed: User should be able to login using data from Excel
2025-08-02 23:22:17 INFO  Utils:112 - [TestNG] Running:
  C:\Users\MY PC\AppData\Local\JetBrains\IdeaIC2025.1\temp-testng-customsuite.xml

2025-08-02 23:22:17 INFO  ExtentReportManager:17 - Creating Extent Report at: D:\Ideaprojects\MyProjects\POMJavaSeleniumCucumber/test-output/ExtentReport.html
2025-08-02 23:22:17 INFO  ExtentReportManager:21 - Extent Report initialized successfully.
2025-08-02 23:22:17 INFO  Loginpage:27 - ***** Starting Scenario: User should be able to login using data from Excel *****
2025-08-02 23:22:17 INFO  Loginpage:37 - Launching browser: null
2025-08-02 23:22:17 WARN  Loginpage:50 - Scenario Failed: User should be able to login using data from Excel
2025-08-02 23:28:47 INFO  Utils:112 - [TestNG] Running:
  C:\Users\MY PC\AppData\Local\JetBrains\IdeaIC2025.1\temp-testng-customsuite.xml

2025-08-02 23:28:48 INFO  ExtentReportManager:17 - Creating Extent Report at: D:\Ideaprojects\MyProjects\POMJavaSeleniumCucumber/test-output/ExtentReport.html
2025-08-02 23:28:48 INFO  ExtentReportManager:21 - Extent Report initialized successfully.
2025-08-02 23:28:48 INFO  Loginpage:27 - ***** Starting Scenario: User should be able to login using data from Excel *****
2025-08-02 23:28:48 INFO  Loginpage:37 - Launching browser: null
2025-08-02 23:28:48 WARN  Loginpage:50 - Scenario Failed: User should be able to login using data from Excel
2025-08-02 23:31:31 INFO  Utils:112 - [TestNG] Running:
  C:\Users\MY PC\AppData\Local\JetBrains\IdeaIC2025.1\temp-testng-customsuite.xml

2025-08-02 23:31:31 INFO  ExtentReportManager:17 - Creating Extent Report at: D:\Ideaprojects\MyProjects\POMJavaSeleniumCucumber/test-output/ExtentReport.html
2025-08-02 23:31:31 INFO  ExtentReportManager:21 - Extent Report initialized successfully.
2025-08-02 23:31:31 INFO  Loginpage:27 - ***** Starting Scenario: User should be able to login using data from Excel *****
2025-08-02 23:31:31 INFO  Loginpage:34 - Launching browser: firefox
2025-08-02 23:31:37 INFO  BaseClass:25 - WebDriver instance set for thread: 1
2025-08-02 23:31:37 INFO  ConfigPropertiesReader:19 - Loading configuration from: src/main/java/properties/config.properties
2025-08-02 23:31:37 INFO  ConfigPropertiesReader:24 - Configuration loaded successfully.
2025-08-02 23:31:37 INFO  Login:82 - Reading login data from Excel file: testdata/LoginData.xlsx
2025-08-02 23:31:37 INFO  ExcelReader:19 - Reading Excel file from path: testdata/LoginData.xlsx, sheet: Sheet1
2025-08-02 23:31:39 INFO  ExcelReader:26 - Total rows found (including header): 11
2025-08-02 23:31:39 INFO  Login:89 - Logging in with username: standard_user
2025-08-02 23:31:44 INFO  Loginpage:29 - Loginpage initialized
2025-08-02 23:31:44 INFO  Loginpage:34 - Entering username: standard_user
2025-08-02 23:31:44 INFO  Loginpage:40 - Entering password
2025-08-02 23:31:44 INFO  Loginpage:46 - Clicking on login button
2025-08-02 23:31:44 INFO  Homepage:23 - Homepage initialized for driver thread: 1
2025-08-02 23:31:44 INFO  Homepage:29 - Shopping cart link displayed: true
2025-08-02 23:31:44 INFO  Homepage:29 - Shopping cart link displayed: true
2025-08-02 23:31:44 INFO  Login:106 - Login success: true
2025-08-02 23:31:45 INFO  Login:89 - Logging in with username: problem_user
2025-08-02 23:31:45 WARN  Loginpage:47 - Scenario Failed: User should be able to login using data from Excel
2025-08-02 23:43:08 INFO  Utils:112 - [TestNG] Running:
  C:\Users\MY PC\AppData\Local\JetBrains\IdeaIC2025.1\temp-testng-customsuite.xml

2025-08-02 23:45:12 INFO  Utils:112 - [TestNG] Running:
  C:\Users\MY PC\AppData\Local\JetBrains\IdeaIC2025.1\temp-testng-customsuite.xml

2025-08-02 23:47:43 INFO  Utils:112 - [TestNG] Running:
  C:\Users\MY PC\AppData\Local\JetBrains\IdeaIC2025.1\temp-testng-customsuite.xml

2025-08-03 01:37:10 INFO  Utils:112 - [TestNG] Running:
  D:\Ideaprojects\MyProjects\POMJavaSeleniumCucumber\testng.xml

2025-08-03 01:37:11 INFO  ExtentReportManager:17 - Creating Extent Report at: D:\Ideaprojects\MyProjects\POMJavaSeleniumCucumber/test-output/ExtentReport.html
2025-08-03 01:37:11 INFO  ExtentReportManager:21 - Extent Report initialized successfully.
2025-08-03 01:37:11 INFO  Loginpage:26 - ***** Starting Scenario: User should be able to login using data from Excel *****
2025-08-03 01:37:11 INFO  Loginpage:26 - ***** Starting Scenario: User should be able to login using data from Excel *****
2025-08-03 01:37:12 INFO  BaseClass:25 - WebDriver instance set for thread: 18
2025-08-03 01:37:12 INFO  Loginpage:31 - Launching browser: edge
2025-08-03 01:37:12 INFO  ConfigPropertiesReader:19 - Loading configuration from: src/main/java/properties/config.properties
2025-08-03 01:37:12 INFO  ConfigPropertiesReader:24 - Configuration loaded successfully.
2025-08-03 01:37:12 INFO  Login:82 - Reading login data from Excel file: testdata/LoginData.xlsx
2025-08-03 01:37:12 INFO  ExcelReader:19 - Reading Excel file from path: testdata/LoginData.xlsx, sheet: Sheet1
2025-08-03 01:37:13 INFO  ExcelReader:26 - Total rows found (including header): 11
2025-08-03 01:37:13 INFO  Login:89 - Logging in with username: standard_user
2025-08-03 01:37:14 INFO  Loginpage:29 - Loginpage initialized
2025-08-03 01:37:14 INFO  Loginpage:34 - Entering username: standard_user
2025-08-03 01:37:14 INFO  BaseClass:25 - WebDriver instance set for thread: 17
2025-08-03 01:37:14 INFO  Loginpage:31 - Launching browser: firefox
2025-08-03 01:37:14 INFO  Login:82 - Reading login data from Excel file: testdata/LoginData.xlsx
2025-08-03 01:37:14 INFO  ExcelReader:19 - Reading Excel file from path: testdata/LoginData.xlsx, sheet: Sheet1
2025-08-03 01:37:15 INFO  ExcelReader:26 - Total rows found (including header): 11
2025-08-03 01:37:15 INFO  Login:89 - Logging in with username: standard_user
2025-08-03 01:37:15 INFO  Loginpage:40 - Entering password
2025-08-03 01:37:15 INFO  Loginpage:46 - Clicking on login button
2025-08-03 01:37:15 INFO  Homepage:23 - Homepage initialized for driver thread: 18
2025-08-03 01:37:15 INFO  Homepage:29 - Shopping cart link displayed: true
2025-08-03 01:37:15 INFO  Homepage:29 - Shopping cart link displayed: true
2025-08-03 01:37:15 INFO  Login:106 - Login success: true
2025-08-03 01:37:15 INFO  Login:89 - Logging in with username: problem_user
2025-08-03 01:37:15 WARN  Loginpage:41 - Scenario Failed: User should be able to login using data from Excel
2025-08-03 01:37:16 INFO  Loginpage:29 - Loginpage initialized
2025-08-03 01:37:16 INFO  Loginpage:34 - Entering username: standard_user
2025-08-03 01:37:16 INFO  Loginpage:40 - Entering password
2025-08-03 01:37:16 INFO  Loginpage:46 - Clicking on login button
2025-08-03 01:37:16 INFO  Homepage:23 - Homepage initialized for driver thread: 17
2025-08-03 01:37:16 INFO  Homepage:29 - Shopping cart link displayed: true
2025-08-03 01:37:16 INFO  Homepage:29 - Shopping cart link displayed: true
2025-08-03 01:37:16 INFO  Login:106 - Login success: true
2025-08-03 01:37:17 INFO  Login:89 - Logging in with username: problem_user
2025-08-03 01:37:17 WARN  Loginpage:41 - Scenario Failed: User should be able to login using data from Excel
2025-08-03 01:49:32 INFO  Utils:112 - [TestNG] Running:
  D:\Ideaprojects\MyProjects\POMJavaSeleniumCucumber\testng.xml

2025-08-03 01:49:32 INFO  ExtentReportManager:17 - Creating Extent Report at: D:\Ideaprojects\MyProjects\POMJavaSeleniumCucumber/test-output/ExtentReport.html
2025-08-03 01:49:32 INFO  ExtentReportManager:21 - Extent Report initialized successfully.
2025-08-03 01:49:32 INFO  Loginpage:26 - ***** Starting Scenario: User should be able to login using data from Excel *****
2025-08-03 01:49:32 INFO  Loginpage:26 - ***** Starting Scenario: User should be able to login using data from Excel *****
2025-08-03 01:49:33 INFO  BaseClass:25 - WebDriver instance set for thread: 18
2025-08-03 01:49:33 INFO  Loginpage:31 - Launching browser: edge
2025-08-03 01:49:33 INFO  ConfigPropertiesReader:19 - Loading configuration from: src/main/java/properties/config.properties
2025-08-03 01:49:33 INFO  ConfigPropertiesReader:24 - Configuration loaded successfully.
2025-08-03 01:49:33 INFO  Login:82 - Reading login data from Excel file: testdata/LoginData.xlsx
2025-08-03 01:49:33 INFO  ExcelReader:19 - Reading Excel file from path: testdata/LoginData.xlsx, sheet: Sheet1
2025-08-03 01:49:34 INFO  ExcelReader:26 - Total rows found (including header): 11
2025-08-03 01:49:34 INFO  Login:89 - Logging in with username: standard_user
2025-08-03 01:49:35 INFO  Loginpage:29 - Loginpage initialized
2025-08-03 01:49:35 INFO  Loginpage:34 - Entering username: standard_user
2025-08-03 01:49:35 INFO  Loginpage:40 - Entering password
2025-08-03 01:49:35 INFO  Loginpage:46 - Clicking on login button
2025-08-03 01:49:35 INFO  Homepage:23 - Homepage initialized for driver thread: 18
2025-08-03 01:49:35 INFO  Homepage:29 - Shopping cart link displayed: true
2025-08-03 01:49:35 INFO  Homepage:29 - Shopping cart link displayed: true
2025-08-03 01:49:35 INFO  Login:106 - Login success: true
2025-08-03 01:49:35 INFO  BaseClass:25 - WebDriver instance set for thread: 17
2025-08-03 01:49:35 INFO  Loginpage:31 - Launching browser: firefox
2025-08-03 01:49:35 INFO  Login:82 - Reading login data from Excel file: testdata/LoginData.xlsx
2025-08-03 01:49:35 INFO  ExcelReader:19 - Reading Excel file from path: testdata/LoginData.xlsx, sheet: Sheet1
2025-08-03 01:49:35 INFO  ExcelReader:26 - Total rows found (including header): 11
2025-08-03 01:49:35 INFO  Login:89 - Logging in with username: standard_user
2025-08-03 01:49:36 INFO  Login:89 - Logging in with username: problem_user
2025-08-03 01:49:36 WARN  Loginpage:41 - Scenario Failed: User should be able to login using data from Excel
2025-08-03 01:49:37 INFO  Loginpage:29 - Loginpage initialized
2025-08-03 01:49:37 INFO  Loginpage:34 - Entering username: standard_user
2025-08-03 01:49:37 INFO  Loginpage:40 - Entering password
2025-08-03 01:49:37 INFO  Loginpage:46 - Clicking on login button
2025-08-03 01:49:37 INFO  Homepage:23 - Homepage initialized for driver thread: 17
2025-08-03 01:49:37 INFO  Homepage:29 - Shopping cart link displayed: true
2025-08-03 01:49:37 INFO  Homepage:29 - Shopping cart link displayed: true
2025-08-03 01:49:37 INFO  Login:106 - Login success: true
2025-08-03 01:49:38 INFO  Login:89 - Logging in with username: problem_user
2025-08-03 01:49:38 WARN  Loginpage:41 - Scenario Failed: User should be able to login using data from Excel
2025-08-03 01:52:13 INFO  Utils:112 - [TestNG] Running:
  D:\Ideaprojects\MyProjects\POMJavaSeleniumCucumber\testng.xml

2025-08-03 01:52:14 INFO  ExtentReportManager:17 - Creating Extent Report at: D:\Ideaprojects\MyProjects\POMJavaSeleniumCucumber/test-output/ExtentReport.html
2025-08-03 01:52:14 INFO  ExtentReportManager:21 - Extent Report initialized successfully.
2025-08-03 01:52:14 INFO  Loginpage:25 - ***** Starting Scenario: User should be able to login using data from Excel *****
2025-08-03 01:52:14 INFO  Loginpage:25 - ***** Starting Scenario: User should be able to login using data from Excel *****
2025-08-03 01:52:16 INFO  BaseClass:25 - WebDriver instance set for thread: 18
2025-08-03 01:52:16 INFO  Loginpage:30 - Launching browser: edge
2025-08-03 01:52:16 INFO  ConfigPropertiesReader:19 - Loading configuration from: src/main/java/properties/config.properties
2025-08-03 01:52:16 INFO  ConfigPropertiesReader:24 - Configuration loaded successfully.
2025-08-03 01:52:16 INFO  Login:82 - Reading login data from Excel file: testdata/LoginData.xlsx
2025-08-03 01:52:16 INFO  ExcelReader:19 - Reading Excel file from path: testdata/LoginData.xlsx, sheet: Sheet1
2025-08-03 01:52:16 INFO  ExcelReader:26 - Total rows found (including header): 11
2025-08-03 01:52:17 INFO  Login:89 - Logging in with username: standard_user
2025-08-03 01:52:17 INFO  Loginpage:29 - Loginpage initialized
2025-08-03 01:52:17 INFO  Loginpage:34 - Entering username: standard_user
2025-08-03 01:52:17 INFO  Loginpage:40 - Entering password
2025-08-03 01:52:17 INFO  Loginpage:46 - Clicking on login button
2025-08-03 01:52:18 INFO  Homepage:23 - Homepage initialized for driver thread: 18
2025-08-03 01:52:18 INFO  Homepage:29 - Shopping cart link displayed: true
2025-08-03 01:52:18 INFO  BaseClass:25 - WebDriver instance set for thread: 17
2025-08-03 01:52:18 INFO  Loginpage:30 - Launching browser: firefox
2025-08-03 01:52:18 INFO  Login:82 - Reading login data from Excel file: testdata/LoginData.xlsx
2025-08-03 01:52:18 INFO  ExcelReader:19 - Reading Excel file from path: testdata/LoginData.xlsx, sheet: Sheet1
2025-08-03 01:52:18 INFO  Homepage:29 - Shopping cart link displayed: true
2025-08-03 01:52:18 INFO  Login:106 - Login success: true
2025-08-03 01:52:18 INFO  ExcelReader:26 - Total rows found (including header): 11
2025-08-03 01:52:18 INFO  Login:89 - Logging in with username: standard_user
2025-08-03 01:52:18 INFO  Login:89 - Logging in with username: problem_user
2025-08-03 01:52:18 WARN  Loginpage:40 - Scenario Failed: User should be able to login using data from Excel
2025-08-03 01:52:19 INFO  Loginpage:29 - Loginpage initialized
2025-08-03 01:52:19 INFO  Loginpage:34 - Entering username: standard_user
2025-08-03 01:52:19 INFO  Loginpage:40 - Entering password
2025-08-03 01:52:19 INFO  Loginpage:46 - Clicking on login button
2025-08-03 01:52:19 INFO  Homepage:23 - Homepage initialized for driver thread: 17
2025-08-03 01:52:19 INFO  Homepage:29 - Shopping cart link displayed: true
2025-08-03 01:52:19 INFO  Homepage:29 - Shopping cart link displayed: true
2025-08-03 01:52:19 INFO  Login:106 - Login success: true
2025-08-03 01:52:20 INFO  Login:89 - Logging in with username: problem_user
2025-08-03 01:52:20 WARN  Loginpage:40 - Scenario Failed: User should be able to login using data from Excel
2025-08-03 02:21:06 INFO  Utils:112 - [TestNG] Running:
  D:\Ideaprojects\MyProjects\POMJavaSeleniumCucumber\testng.xml

2025-08-03 02:21:06 INFO  ExtentReportManager:17 - Creating Extent Report at: D:\Ideaprojects\MyProjects\POMJavaSeleniumCucumber/test-output/ExtentReport.html
2025-08-03 02:21:07 INFO  ExtentReportManager:21 - Extent Report initialized successfully.
2025-08-03 02:21:07 INFO  Loginpage:25 - ***** Starting Scenario: User should be able to login using data from Excel *****
2025-08-03 02:21:07 INFO  Loginpage:25 - ***** Starting Scenario: User should be able to login using data from Excel *****
2025-08-03 02:21:08 INFO  BaseClass:25 - WebDriver instance set for thread: 18
2025-08-03 02:21:08 INFO  Loginpage:30 - Launching browser: edge
2025-08-03 02:21:08 INFO  ConfigPropertiesReader:19 - Loading configuration from: src/main/java/properties/config.properties
2025-08-03 02:21:08 INFO  ConfigPropertiesReader:24 - Configuration loaded successfully.
2025-08-03 02:21:08 INFO  Login:82 - Reading login data from Excel file: testdata/LoginData.xlsx
2025-08-03 02:21:08 INFO  ExcelReader:19 - Reading Excel file from path: testdata/LoginData.xlsx, sheet: Sheet1
2025-08-03 02:21:08 INFO  ExcelReader:26 - Total rows found (including header): 11
2025-08-03 02:21:08 INFO  Login:89 - Logging in with username: standard_user
2025-08-03 02:21:09 INFO  Loginpage:29 - Loginpage initialized
2025-08-03 02:21:09 INFO  Loginpage:34 - Entering username: standard_user
2025-08-03 02:21:09 INFO  BaseClass:25 - WebDriver instance set for thread: 17
2025-08-03 02:21:09 INFO  Loginpage:30 - Launching browser: firefox
2025-08-03 02:21:09 INFO  Login:82 - Reading login data from Excel file: testdata/LoginData.xlsx
2025-08-03 02:21:09 INFO  ExcelReader:19 - Reading Excel file from path: testdata/LoginData.xlsx, sheet: Sheet1
2025-08-03 02:21:09 INFO  Loginpage:40 - Entering password
2025-08-03 02:21:10 INFO  ExcelReader:26 - Total rows found (including header): 11
2025-08-03 02:21:10 INFO  Login:89 - Logging in with username: standard_user
2025-08-03 02:21:10 INFO  Loginpage:46 - Clicking on login button
2025-08-03 02:21:10 INFO  Homepage:23 - Homepage initialized for driver thread: 18
2025-08-03 02:21:10 INFO  Homepage:29 - Shopping cart link displayed: true
2025-08-03 02:21:10 INFO  Homepage:29 - Shopping cart link displayed: true
2025-08-03 02:21:10 INFO  Login:106 - Login success: true
2025-08-03 02:21:10 INFO  Login:89 - Logging in with username: problem_user
2025-08-03 02:21:10 WARN  Loginpage:40 - Scenario Failed: User should be able to login using data from Excel
2025-08-03 02:21:11 INFO  Loginpage:29 - Loginpage initialized
2025-08-03 02:21:11 INFO  Loginpage:34 - Entering username: standard_user
2025-08-03 02:21:11 INFO  Loginpage:40 - Entering password
2025-08-03 02:21:11 INFO  Loginpage:46 - Clicking on login button
2025-08-03 02:21:11 INFO  Homepage:23 - Homepage initialized for driver thread: 17
2025-08-03 02:21:11 INFO  Homepage:29 - Shopping cart link displayed: true
2025-08-03 02:21:11 INFO  Homepage:29 - Shopping cart link displayed: true
2025-08-03 02:21:11 INFO  Login:106 - Login success: true
2025-08-03 02:21:12 INFO  Login:89 - Logging in with username: problem_user
2025-08-03 02:21:12 WARN  Loginpage:40 - Scenario Failed: User should be able to login using data from Excel
2025-08-03 02:22:12 INFO  Utils:112 - [TestNG] Running:
  D:\Ideaprojects\MyProjects\POMJavaSeleniumCucumber\testng.xml

2025-08-03 02:22:13 INFO  ExtentReportManager:17 - Creating Extent Report at: D:\Ideaprojects\MyProjects\POMJavaSeleniumCucumber/test-output/ExtentReport.html
2025-08-03 02:22:13 INFO  ExtentReportManager:21 - Extent Report initialized successfully.
2025-08-03 02:22:13 INFO  Loginpage:25 - ***** Starting Scenario: Checking login functionality should work with single user *****
2025-08-03 02:22:13 INFO  Loginpage:25 - ***** Starting Scenario: Checking login functionality should work with single user *****
2025-08-03 02:22:14 INFO  BaseClass:25 - WebDriver instance set for thread: 18
2025-08-03 02:22:14 INFO  Loginpage:30 - Launching browser: edge
2025-08-03 02:22:14 INFO  ConfigPropertiesReader:19 - Loading configuration from: src/main/java/properties/config.properties
2025-08-03 02:22:14 INFO  ConfigPropertiesReader:24 - Configuration loaded successfully.
2025-08-03 02:22:14 INFO  Login:34 - Navigating to login page: https://www.saucedemo.com
2025-08-03 02:22:14 INFO  Loginpage:29 - Loginpage initialized
2025-08-03 02:22:14 INFO  Homepage:23 - Homepage initialized for driver thread: 18
2025-08-03 02:22:14 INFO  WaitClass:17 - WaitClass initialized for driver: EdgeDriver: MicrosoftEdge on windows (8d94631043b5190d0144342baafd1b67)
2025-08-03 02:22:14 INFO  Login:47 - Entering username and password from config
2025-08-03 02:22:14 INFO  Loginpage:34 - Entering username: standard_user
2025-08-03 02:22:15 INFO  Loginpage:40 - Entering password
2025-08-03 02:22:15 INFO  Login:61 - Clicking on Login button
2025-08-03 02:22:15 INFO  Loginpage:46 - Clicking on login button
2025-08-03 02:22:15 INFO  WaitClass:23 - Implicit wait applied: 10 seconds
2025-08-03 02:22:15 INFO  Homepage:29 - Shopping cart link displayed: true
2025-08-03 02:22:15 INFO  Loginpage:44 - Scenario Passed: Checking login functionality should work with single user
2025-08-03 02:22:15 INFO  Loginpage:48 - Closing browser and quitting WebDriver
2025-08-03 02:22:15 INFO  Loginpage:25 - ***** Starting Scenario: Checking login functionality should work with multiple users *****
2025-08-03 02:22:16 INFO  BaseClass:25 - WebDriver instance set for thread: 18
2025-08-03 02:22:16 INFO  Loginpage:30 - Launching browser: edge
2025-08-03 02:22:16 INFO  Login:34 - Navigating to login page: https://www.saucedemo.com
2025-08-03 02:22:17 INFO  BaseClass:25 - WebDriver instance set for thread: 17
2025-08-03 02:22:17 INFO  Loginpage:30 - Launching browser: firefox
2025-08-03 02:22:17 INFO  Login:34 - Navigating to login page: https://www.saucedemo.com
2025-08-03 02:22:17 INFO  Loginpage:29 - Loginpage initialized
2025-08-03 02:22:17 INFO  Homepage:23 - Homepage initialized for driver thread: 18
2025-08-03 02:22:17 INFO  WaitClass:17 - WaitClass initialized for driver: EdgeDriver: MicrosoftEdge on windows (edd12bbc9136c315d925489081f3ef28)
2025-08-03 02:22:17 INFO  Login:54 - Entering credentials from scenario: Username = standard_user
2025-08-03 02:22:17 INFO  Loginpage:34 - Entering username: standard_user
2025-08-03 02:22:17 INFO  Loginpage:40 - Entering password
2025-08-03 02:22:17 INFO  Login:61 - Clicking on Login button
2025-08-03 02:22:17 INFO  Loginpage:46 - Clicking on login button
2025-08-03 02:22:17 INFO  WaitClass:23 - Implicit wait applied: 10 seconds
2025-08-03 02:22:17 INFO  Homepage:29 - Shopping cart link displayed: true
2025-08-03 02:22:17 INFO  Loginpage:44 - Scenario Passed: Checking login functionality should work with multiple users
2025-08-03 02:22:17 INFO  Loginpage:48 - Closing browser and quitting WebDriver
2025-08-03 02:22:17 INFO  Loginpage:25 - ***** Starting Scenario: Checking login functionality should not work with this user *****
2025-08-03 02:22:18 INFO  Loginpage:29 - Loginpage initialized
2025-08-03 02:22:18 INFO  Homepage:23 - Homepage initialized for driver thread: 17
2025-08-03 02:22:18 INFO  WaitClass:17 - WaitClass initialized for driver: FirefoxDriver: firefox on windows (66324c84-c05a-4ac7-961a-7f274ca8e16e)
2025-08-03 02:22:18 INFO  Login:47 - Entering username and password from config
2025-08-03 02:22:18 INFO  Loginpage:34 - Entering username: standard_user
2025-08-03 02:22:19 INFO  Loginpage:40 - Entering password
2025-08-03 02:22:19 INFO  BaseClass:25 - WebDriver instance set for thread: 18
2025-08-03 02:22:19 INFO  Loginpage:30 - Launching browser: edge
2025-08-03 02:22:19 INFO  Login:34 - Navigating to login page: https://www.saucedemo.com
2025-08-03 02:22:19 INFO  Login:61 - Clicking on Login button
2025-08-03 02:22:19 INFO  Loginpage:46 - Clicking on login button
2025-08-03 02:22:19 INFO  WaitClass:23 - Implicit wait applied: 10 seconds
2025-08-03 02:22:19 INFO  Homepage:29 - Shopping cart link displayed: true
2025-08-03 02:22:19 INFO  Loginpage:44 - Scenario Passed: Checking login functionality should work with single user
2025-08-03 02:22:19 INFO  Loginpage:48 - Closing browser and quitting WebDriver
2025-08-03 02:22:19 INFO  Loginpage:25 - ***** Starting Scenario: Checking login functionality should work with multiple users *****
2025-08-03 02:22:19 INFO  Loginpage:29 - Loginpage initialized
2025-08-03 02:22:19 INFO  Homepage:23 - Homepage initialized for driver thread: 18
2025-08-03 02:22:19 INFO  WaitClass:17 - WaitClass initialized for driver: EdgeDriver: MicrosoftEdge on windows (26bff70288650ff5fb450afbd6543074)
2025-08-03 02:22:19 INFO  Login:54 - Entering credentials from scenario: Username = locked_out_user
2025-08-03 02:22:19 INFO  Loginpage:34 - Entering username: locked_out_user
2025-08-03 02:22:20 INFO  Loginpage:40 - Entering password
2025-08-03 02:22:20 INFO  Login:61 - Clicking on Login button
2025-08-03 02:22:20 INFO  Loginpage:46 - Clicking on login button
2025-08-03 02:22:20 WARN  Login:73 - Verifying failed login attempt
2025-08-03 02:22:20 INFO  WaitClass:23 - Implicit wait applied: 10 seconds
2025-08-03 02:22:22 INFO  BaseClass:25 - WebDriver instance set for thread: 17
2025-08-03 02:22:22 INFO  Loginpage:30 - Launching browser: firefox
2025-08-03 02:22:22 INFO  Login:34 - Navigating to login page: https://www.saucedemo.com
2025-08-03 02:22:23 INFO  Loginpage:29 - Loginpage initialized
2025-08-03 02:22:23 INFO  Homepage:23 - Homepage initialized for driver thread: 17
2025-08-03 02:22:23 INFO  WaitClass:17 - WaitClass initialized for driver: FirefoxDriver: firefox on windows (e5308be8-9724-4716-89d2-a1c708c854fc)
2025-08-03 02:22:23 INFO  Login:54 - Entering credentials from scenario: Username = standard_user
2025-08-03 02:22:23 INFO  Loginpage:34 - Entering username: standard_user
2025-08-03 02:22:23 INFO  Loginpage:40 - Entering password
2025-08-03 02:22:23 INFO  Login:61 - Clicking on Login button
2025-08-03 02:22:23 INFO  Loginpage:46 - Clicking on login button
2025-08-03 02:22:24 INFO  WaitClass:23 - Implicit wait applied: 10 seconds
2025-08-03 02:22:24 INFO  Homepage:29 - Shopping cart link displayed: true
2025-08-03 02:22:24 INFO  Loginpage:44 - Scenario Passed: Checking login functionality should work with multiple users
2025-08-03 02:22:24 INFO  Loginpage:48 - Closing browser and quitting WebDriver
2025-08-03 02:22:24 INFO  Loginpage:25 - ***** Starting Scenario: Checking login functionality should not work with this user *****
2025-08-03 02:22:26 INFO  BaseClass:25 - WebDriver instance set for thread: 17
2025-08-03 02:22:26 INFO  Loginpage:30 - Launching browser: firefox
2025-08-03 02:22:26 INFO  Login:34 - Navigating to login page: https://www.saucedemo.com
2025-08-03 02:22:27 INFO  Loginpage:29 - Loginpage initialized
2025-08-03 02:22:27 INFO  Homepage:23 - Homepage initialized for driver thread: 17
2025-08-03 02:22:27 INFO  WaitClass:17 - WaitClass initialized for driver: FirefoxDriver: firefox on windows (99ab7390-83b5-4e91-81de-4df6ef80c269)
2025-08-03 02:22:27 INFO  Login:54 - Entering credentials from scenario: Username = locked_out_user
2025-08-03 02:22:27 INFO  Loginpage:34 - Entering username: locked_out_user
2025-08-03 02:22:27 INFO  Loginpage:40 - Entering password
2025-08-03 02:22:27 INFO  Login:61 - Clicking on Login button
2025-08-03 02:22:27 INFO  Loginpage:46 - Clicking on login button
2025-08-03 02:22:27 WARN  Login:73 - Verifying failed login attempt
2025-08-03 02:22:27 INFO  WaitClass:23 - Implicit wait applied: 10 seconds
2025-08-03 02:22:30 ERROR Homepage:32 - Shopping cart link not found
org.openqa.selenium.NoSuchElementException: no such element: Unable to locate element: {"method":"xpath","selector":"//a[@class='shopping_cart_link']"}
  (Session info: MicrosoftEdge=138.0.3351.121)
For documentation on this error, please visit: https://www.selenium.dev/documentation/webdriver/troubleshooting/errors#no-such-element-exception
Build info: version: '4.34.0', revision: '707dcb4246*'
System info: os.name: 'Windows 11', os.arch: 'amd64', os.version: '10.0', java.version: '11.0.26'
Driver info: org.openqa.selenium.edge.EdgeDriver
Command: [26bff70288650ff5fb450afbd6543074, findElement {value=//a[@class='shopping_cart_link'], using=xpath}]
Capabilities {acceptInsecureCerts: false, browserName: MicrosoftEdge, browserVersion: 138.0.3351.121, fedcm:accounts: true, ms:edgeOptions: {debuggerAddress: localhost:63265}, msedge: {msedgedriverVersion: 138.0.3351.77 (efaf6935b436..., userDataDir: C:\Users\MYPC~1\AppData\Loc...}, networkConnectionEnabled: false, pageLoadStrategy: normal, platformName: windows, proxy: Proxy(), se:cdp: ws://localhost:63265/devtoo..., se:cdpVersion: 138.0.3351.121, setWindowRect: true, strictFileInteractability: false, timeouts: {implicit: 0, pageLoad: 300000, script: 30000}, unhandledPromptBehavior: dismiss and notify, webauthn:extension:credBlob: true, webauthn:extension:largeBlob: true, webauthn:extension:minPinLength: true, webauthn:extension:prf: true, webauthn:virtualAuthenticators: true}
Session ID: 26bff70288650ff5fb450afbd6543074
	at jdk.internal.reflect.NativeConstructorAccessorImpl.newInstance0(Native Method) ~[?:?]
	at jdk.internal.reflect.NativeConstructorAccessorImpl.newInstance(NativeConstructorAccessorImpl.java:62) ~[?:?]
	at jdk.internal.reflect.DelegatingConstructorAccessorImpl.newInstance(DelegatingConstructorAccessorImpl.java:45) ~[?:?]
	at java.lang.reflect.Constructor.newInstance(Constructor.java:490) ~[?:?]
	at org.openqa.selenium.remote.ErrorCodec.decode(ErrorCodec.java:167) ~[selenium-remote-driver-4.34.0.jar:?]
	at org.openqa.selenium.remote.codec.w3c.W3CHttpResponseCodec.decode(W3CHttpResponseCodec.java:138) ~[selenium-remote-driver-4.34.0.jar:?]
	at org.openqa.selenium.remote.codec.w3c.W3CHttpResponseCodec.decode(W3CHttpResponseCodec.java:50) ~[selenium-remote-driver-4.34.0.jar:?]
	at org.openqa.selenium.remote.HttpCommandExecutor.execute(HttpCommandExecutor.java:215) ~[selenium-remote-driver-4.34.0.jar:?]
	at org.openqa.selenium.remote.service.DriverCommandExecutor.invokeExecute(DriverCommandExecutor.java:216) ~[selenium-remote-driver-4.34.0.jar:?]
	at org.openqa.selenium.remote.service.DriverCommandExecutor.execute(DriverCommandExecutor.java:174) ~[selenium-remote-driver-4.34.0.jar:?]
	at org.openqa.selenium.remote.RemoteWebDriver.execute(RemoteWebDriver.java:544) ~[selenium-remote-driver-4.34.0.jar:?]
	at org.openqa.selenium.remote.ElementLocation$ElementFinder$2.findElement(ElementLocation.java:165) ~[selenium-remote-driver-4.34.0.jar:?]
	at org.openqa.selenium.remote.ElementLocation.findElement(ElementLocation.java:59) ~[selenium-remote-driver-4.34.0.jar:?]
	at org.openqa.selenium.remote.RemoteWebDriver.findElement(RemoteWebDriver.java:367) ~[selenium-remote-driver-4.34.0.jar:?]
	at org.openqa.selenium.remote.RemoteWebDriver.findElement(RemoteWebDriver.java:361) ~[selenium-remote-driver-4.34.0.jar:?]
	at org.openqa.selenium.support.pagefactory.DefaultElementLocator.findElement(DefaultElementLocator.java:68) ~[selenium-support-4.34.0.jar:?]
	at org.openqa.selenium.support.pagefactory.internal.LocatingElementHandler.invoke(LocatingElementHandler.java:38) ~[selenium-support-4.34.0.jar:?]
	at com.sun.proxy.$Proxy39.isDisplayed(Unknown Source) ~[?:?]
	at basepackage.Homepage.verifyShoppingCartLink(Homepage.java:28) ~[classes/:?]
	at stepdefinitions.Login.user_should_not_navigate_to_home_page(Login.java:75) ~[test-classes/:?]
	at jdk.internal.reflect.NativeMethodAccessorImpl.invoke0(Native Method) ~[?:?]
	at jdk.internal.reflect.NativeMethodAccessorImpl.invoke(NativeMethodAccessorImpl.java:62) ~[?:?]
	at jdk.internal.reflect.DelegatingMethodAccessorImpl.invoke(DelegatingMethodAccessorImpl.java:43) ~[?:?]
	at java.lang.reflect.Method.invoke(Method.java:566) ~[?:?]
	at io.cucumber.java.Invoker.doInvoke(Invoker.java:66) ~[cucumber-java-7.27.0.jar:7.27.0]
	at io.cucumber.java.Invoker.invoke(Invoker.java:24) ~[cucumber-java-7.27.0.jar:7.27.0]
	at io.cucumber.java.AbstractGlueDefinition.invokeMethod(AbstractGlueDefinition.java:47) ~[cucumber-java-7.27.0.jar:7.27.0]
	at io.cucumber.java.JavaStepDefinition.execute(JavaStepDefinition.java:29) ~[cucumber-java-7.27.0.jar:7.27.0]
	at io.cucumber.core.runner.CoreStepDefinition.execute(CoreStepDefinition.java:66) ~[cucumber-core-7.27.0.jar:7.27.0]
	at io.cucumber.core.runner.PickleStepDefinitionMatch.runStep(PickleStepDefinitionMatch.java:62) ~[cucumber-core-7.27.0.jar:7.27.0]
	at io.cucumber.core.runner.ExecutionMode$1.execute(ExecutionMode.java:10) ~[cucumber-core-7.27.0.jar:7.27.0]
	at io.cucumber.core.runner.TestStep.executeStep(TestStep.java:81) ~[cucumber-core-7.27.0.jar:7.27.0]
	at io.cucumber.core.runner.TestStep.run(TestStep.java:53) ~[cucumber-core-7.27.0.jar:7.27.0]
	at io.cucumber.core.runner.PickleStepTestStep.run(PickleStepTestStep.java:51) ~[cucumber-core-7.27.0.jar:7.27.0]
	at io.cucumber.core.runner.TestCase.run(TestCase.java:86) ~[cucumber-core-7.27.0.jar:7.27.0]
	at io.cucumber.core.runner.Runner.runPickle(Runner.java:77) ~[cucumber-core-7.27.0.jar:7.27.0]
	at io.cucumber.testng.TestNGCucumberRunner.lambda$runScenario$1(TestNGCucumberRunner.java:135) ~[cucumber-testng-7.27.0.jar:7.27.0]
	at io.cucumber.core.runtime.CucumberExecutionContext.lambda$runTestCase$5(CucumberExecutionContext.java:136) ~[cucumber-core-7.27.0.jar:7.27.0]
	at io.cucumber.core.runtime.RethrowingThrowableCollector.executeAndThrow(RethrowingThrowableCollector.java:23) ~[cucumber-core-7.27.0.jar:7.27.0]
	at io.cucumber.core.runtime.CucumberExecutionContext.runTestCase(CucumberExecutionContext.java:136) ~[cucumber-core-7.27.0.jar:7.27.0]
	at io.cucumber.testng.TestNGCucumberRunner.runScenario(TestNGCucumberRunner.java:132) ~[cucumber-testng-7.27.0.jar:7.27.0]
	at io.cucumber.testng.AbstractTestNGCucumberTests.runScenario(AbstractTestNGCucumberTests.java:35) ~[cucumber-testng-7.27.0.jar:7.27.0]
	at jdk.internal.reflect.NativeMethodAccessorImpl.invoke0(Native Method) ~[?:?]
	at jdk.internal.reflect.NativeMethodAccessorImpl.invoke(NativeMethodAccessorImpl.java:62) ~[?:?]
	at jdk.internal.reflect.DelegatingMethodAccessorImpl.invoke(DelegatingMethodAccessorImpl.java:43) ~[?:?]
	at java.lang.reflect.Method.invoke(Method.java:566) ~[?:?]
	at org.testng.internal.invokers.MethodInvocationHelper.invokeMethod(MethodInvocationHelper.java:141) ~[testng-7.11.0.jar:7.11.0]
	at org.testng.internal.invokers.TestInvoker.invokeMethod(TestInvoker.java:687) ~[testng-7.11.0.jar:7.11.0]
	at org.testng.internal.invokers.TestInvoker.invokeTestMethod(TestInvoker.java:230) ~[testng-7.11.0.jar:7.11.0]
	at org.testng.internal.invokers.MethodRunner.runInSequence(MethodRunner.java:63) ~[testng-7.11.0.jar:7.11.0]
	at org.testng.internal.invokers.TestInvoker$MethodInvocationAgent.invoke(TestInvoker.java:995) ~[testng-7.11.0.jar:7.11.0]
	at org.testng.internal.invokers.TestInvoker.invokeTestMethods(TestInvoker.java:203) ~[testng-7.11.0.jar:7.11.0]
	at org.testng.internal.invokers.TestMethodWorker.invokeTestMethods(TestMethodWorker.java:154) ~[testng-7.11.0.jar:7.11.0]
	at org.testng.internal.invokers.TestMethodWorker.run(TestMethodWorker.java:134) ~[testng-7.11.0.jar:7.11.0]
	at java.util.ArrayList.forEach(ArrayList.java:1541) ~[?:?]
	at org.testng.TestRunner.privateRun(TestRunner.java:741) ~[testng-7.11.0.jar:7.11.0]
	at org.testng.TestRunner.run(TestRunner.java:616) ~[testng-7.11.0.jar:7.11.0]
	at org.testng.SuiteRunner.runTest(SuiteRunner.java:421) ~[testng-7.11.0.jar:7.11.0]
	at org.testng.SuiteRunner$SuiteWorker.run(SuiteRunner.java:463) ~[testng-7.11.0.jar:7.11.0]
	at org.testng.internal.thread.ThreadUtil.lambda$execute$0(ThreadUtil.java:64) ~[testng-7.11.0.jar:7.11.0]
	at java.util.concurrent.FutureTask.run$$$capture(FutureTask.java:264) [?:?]
	at java.util.concurrent.FutureTask.run(FutureTask.java) [?:?]
	at java.util.concurrent.ThreadPoolExecutor.runWorker(ThreadPoolExecutor.java:1128) [?:?]
	at java.util.concurrent.ThreadPoolExecutor$Worker.run(ThreadPoolExecutor.java:628) [?:?]
	at java.lang.Thread.run(Thread.java:834) [?:?]
2025-08-03 02:22:30 WARN  Login:76 - Login failed - Home page not loaded
2025-08-03 02:22:30 INFO  Loginpage:44 - Scenario Passed: Checking login functionality should not work with this user
2025-08-03 02:22:30 INFO  Loginpage:48 - Closing browser and quitting WebDriver
2025-08-03 02:22:38 ERROR Homepage:32 - Shopping cart link not found
org.openqa.selenium.NoSuchElementException: Unable to locate element: //a[@class='shopping_cart_link']
For documentation on this error, please visit: https://www.selenium.dev/documentation/webdriver/troubleshooting/errors#no-such-element-exception
Build info: version: '4.34.0', revision: '707dcb4246*'
System info: os.name: 'Windows 11', os.arch: 'amd64', os.version: '10.0', java.version: '11.0.26'
Driver info: org.openqa.selenium.firefox.FirefoxDriver
Command: [99ab7390-83b5-4e91-81de-4df6ef80c269, findElement {value=//a[@class='shopping_cart_link'], using=xpath}]
Capabilities {acceptInsecureCerts: true, browserName: firefox, browserVersion: 141.0, moz:accessibilityChecks: false, moz:buildID: 20250717180000, moz:geckodriverVersion: 0.36.0, moz:headless: false, moz:platformVersion: 10.0, moz:processID: 30660, moz:profile: C:\Users\MYPC~1\AppData\Loc..., moz:shutdownTimeout: 60000, moz:webdriverClick: true, moz:windowless: false, pageLoadStrategy: normal, platformName: windows, proxy: Proxy(), setWindowRect: true, strictFileInteractability: false, timeouts: {implicit: 0, pageLoad: 300000, script: 30000}, unhandledPromptBehavior: dismiss and notify, userAgent: Mozilla/5.0 (Windows NT 10....}
Session ID: 99ab7390-83b5-4e91-81de-4df6ef80c269
	at jdk.internal.reflect.NativeConstructorAccessorImpl.newInstance0(Native Method) ~[?:?]
	at jdk.internal.reflect.NativeConstructorAccessorImpl.newInstance(NativeConstructorAccessorImpl.java:62) ~[?:?]
	at jdk.internal.reflect.DelegatingConstructorAccessorImpl.newInstance(DelegatingConstructorAccessorImpl.java:45) ~[?:?]
	at java.lang.reflect.Constructor.newInstance(Constructor.java:490) ~[?:?]
	at org.openqa.selenium.remote.ErrorCodec.decode(ErrorCodec.java:167) ~[selenium-remote-driver-4.34.0.jar:?]
	at org.openqa.selenium.remote.codec.w3c.W3CHttpResponseCodec.decode(W3CHttpResponseCodec.java:138) ~[selenium-remote-driver-4.34.0.jar:?]
	at org.openqa.selenium.remote.codec.w3c.W3CHttpResponseCodec.decode(W3CHttpResponseCodec.java:50) ~[selenium-remote-driver-4.34.0.jar:?]
	at org.openqa.selenium.remote.HttpCommandExecutor.execute(HttpCommandExecutor.java:215) ~[selenium-remote-driver-4.34.0.jar:?]
	at org.openqa.selenium.remote.service.DriverCommandExecutor.invokeExecute(DriverCommandExecutor.java:216) ~[selenium-remote-driver-4.34.0.jar:?]
	at org.openqa.selenium.remote.service.DriverCommandExecutor.execute(DriverCommandExecutor.java:174) ~[selenium-remote-driver-4.34.0.jar:?]
	at org.openqa.selenium.remote.RemoteWebDriver.execute(RemoteWebDriver.java:544) ~[selenium-remote-driver-4.34.0.jar:?]
	at org.openqa.selenium.remote.ElementLocation$ElementFinder$2.findElement(ElementLocation.java:165) ~[selenium-remote-driver-4.34.0.jar:?]
	at org.openqa.selenium.remote.ElementLocation.findElement(ElementLocation.java:59) ~[selenium-remote-driver-4.34.0.jar:?]
	at org.openqa.selenium.remote.RemoteWebDriver.findElement(RemoteWebDriver.java:367) ~[selenium-remote-driver-4.34.0.jar:?]
	at org.openqa.selenium.remote.RemoteWebDriver.findElement(RemoteWebDriver.java:361) ~[selenium-remote-driver-4.34.0.jar:?]
	at org.openqa.selenium.support.pagefactory.DefaultElementLocator.findElement(DefaultElementLocator.java:68) ~[selenium-support-4.34.0.jar:?]
	at org.openqa.selenium.support.pagefactory.internal.LocatingElementHandler.invoke(LocatingElementHandler.java:38) ~[selenium-support-4.34.0.jar:?]
	at com.sun.proxy.$Proxy39.isDisplayed(Unknown Source) ~[?:?]
	at basepackage.Homepage.verifyShoppingCartLink(Homepage.java:28) ~[classes/:?]
	at stepdefinitions.Login.user_should_not_navigate_to_home_page(Login.java:75) ~[test-classes/:?]
	at jdk.internal.reflect.NativeMethodAccessorImpl.invoke0(Native Method) ~[?:?]
	at jdk.internal.reflect.NativeMethodAccessorImpl.invoke(NativeMethodAccessorImpl.java:62) ~[?:?]
	at jdk.internal.reflect.DelegatingMethodAccessorImpl.invoke(DelegatingMethodAccessorImpl.java:43) ~[?:?]
	at java.lang.reflect.Method.invoke(Method.java:566) ~[?:?]
	at io.cucumber.java.Invoker.doInvoke(Invoker.java:66) ~[cucumber-java-7.27.0.jar:7.27.0]
	at io.cucumber.java.Invoker.invoke(Invoker.java:24) ~[cucumber-java-7.27.0.jar:7.27.0]
	at io.cucumber.java.AbstractGlueDefinition.invokeMethod(AbstractGlueDefinition.java:47) ~[cucumber-java-7.27.0.jar:7.27.0]
	at io.cucumber.java.JavaStepDefinition.execute(JavaStepDefinition.java:29) ~[cucumber-java-7.27.0.jar:7.27.0]
	at io.cucumber.core.runner.CoreStepDefinition.execute(CoreStepDefinition.java:66) ~[cucumber-core-7.27.0.jar:7.27.0]
	at io.cucumber.core.runner.PickleStepDefinitionMatch.runStep(PickleStepDefinitionMatch.java:62) ~[cucumber-core-7.27.0.jar:7.27.0]
	at io.cucumber.core.runner.ExecutionMode$1.execute(ExecutionMode.java:10) ~[cucumber-core-7.27.0.jar:7.27.0]
	at io.cucumber.core.runner.TestStep.executeStep(TestStep.java:81) ~[cucumber-core-7.27.0.jar:7.27.0]
	at io.cucumber.core.runner.TestStep.run(TestStep.java:53) ~[cucumber-core-7.27.0.jar:7.27.0]
	at io.cucumber.core.runner.PickleStepTestStep.run(PickleStepTestStep.java:51) ~[cucumber-core-7.27.0.jar:7.27.0]
	at io.cucumber.core.runner.TestCase.run(TestCase.java:86) ~[cucumber-core-7.27.0.jar:7.27.0]
	at io.cucumber.core.runner.Runner.runPickle(Runner.java:77) ~[cucumber-core-7.27.0.jar:7.27.0]
	at io.cucumber.testng.TestNGCucumberRunner.lambda$runScenario$1(TestNGCucumberRunner.java:135) ~[cucumber-testng-7.27.0.jar:7.27.0]
	at io.cucumber.core.runtime.CucumberExecutionContext.lambda$runTestCase$5(CucumberExecutionContext.java:136) ~[cucumber-core-7.27.0.jar:7.27.0]
	at io.cucumber.core.runtime.RethrowingThrowableCollector.executeAndThrow(RethrowingThrowableCollector.java:23) ~[cucumber-core-7.27.0.jar:7.27.0]
	at io.cucumber.core.runtime.CucumberExecutionContext.runTestCase(CucumberExecutionContext.java:136) ~[cucumber-core-7.27.0.jar:7.27.0]
	at io.cucumber.testng.TestNGCucumberRunner.runScenario(TestNGCucumberRunner.java:132) ~[cucumber-testng-7.27.0.jar:7.27.0]
	at io.cucumber.testng.AbstractTestNGCucumberTests.runScenario(AbstractTestNGCucumberTests.java:35) ~[cucumber-testng-7.27.0.jar:7.27.0]
	at jdk.internal.reflect.NativeMethodAccessorImpl.invoke0(Native Method) ~[?:?]
	at jdk.internal.reflect.NativeMethodAccessorImpl.invoke(NativeMethodAccessorImpl.java:62) ~[?:?]
	at jdk.internal.reflect.DelegatingMethodAccessorImpl.invoke(DelegatingMethodAccessorImpl.java:43) ~[?:?]
	at java.lang.reflect.Method.invoke(Method.java:566) ~[?:?]
	at org.testng.internal.invokers.MethodInvocationHelper.invokeMethod(MethodInvocationHelper.java:141) ~[testng-7.11.0.jar:7.11.0]
	at org.testng.internal.invokers.TestInvoker.invokeMethod(TestInvoker.java:687) ~[testng-7.11.0.jar:7.11.0]
	at org.testng.internal.invokers.TestInvoker.invokeTestMethod(TestInvoker.java:230) ~[testng-7.11.0.jar:7.11.0]
	at org.testng.internal.invokers.MethodRunner.runInSequence(MethodRunner.java:63) ~[testng-7.11.0.jar:7.11.0]
	at org.testng.internal.invokers.TestInvoker$MethodInvocationAgent.invoke(TestInvoker.java:995) ~[testng-7.11.0.jar:7.11.0]
	at org.testng.internal.invokers.TestInvoker.invokeTestMethods(TestInvoker.java:203) ~[testng-7.11.0.jar:7.11.0]
	at org.testng.internal.invokers.TestMethodWorker.invokeTestMethods(TestMethodWorker.java:154) ~[testng-7.11.0.jar:7.11.0]
	at org.testng.internal.invokers.TestMethodWorker.run(TestMethodWorker.java:134) ~[testng-7.11.0.jar:7.11.0]
	at java.util.ArrayList.forEach(ArrayList.java:1541) ~[?:?]
	at org.testng.TestRunner.privateRun(TestRunner.java:741) ~[testng-7.11.0.jar:7.11.0]
	at org.testng.TestRunner.run(TestRunner.java:616) ~[testng-7.11.0.jar:7.11.0]
	at org.testng.SuiteRunner.runTest(SuiteRunner.java:421) ~[testng-7.11.0.jar:7.11.0]
	at org.testng.SuiteRunner$SuiteWorker.run(SuiteRunner.java:463) ~[testng-7.11.0.jar:7.11.0]
	at org.testng.internal.thread.ThreadUtil.lambda$execute$0(ThreadUtil.java:64) ~[testng-7.11.0.jar:7.11.0]
	at java.util.concurrent.FutureTask.run$$$capture(FutureTask.java:264) [?:?]
	at java.util.concurrent.FutureTask.run(FutureTask.java) [?:?]
	at java.util.concurrent.ThreadPoolExecutor.runWorker(ThreadPoolExecutor.java:1128) [?:?]
	at java.util.concurrent.ThreadPoolExecutor$Worker.run(ThreadPoolExecutor.java:628) [?:?]
	at java.lang.Thread.run(Thread.java:834) [?:?]
2025-08-03 02:22:38 WARN  Login:76 - Login failed - Home page not loaded
2025-08-03 02:22:38 INFO  Loginpage:44 - Scenario Passed: Checking login functionality should not work with this user
2025-08-03 02:22:38 INFO  Loginpage:48 - Closing browser and quitting WebDriver
2025-08-03 02:24:20 INFO  Utils:112 - [TestNG] Running:
  D:\Ideaprojects\MyProjects\POMJavaSeleniumCucumber\testng.xml

2025-08-03 02:24:20 INFO  ExtentReportManager:17 - Creating Extent Report at: D:\Ideaprojects\MyProjects\POMJavaSeleniumCucumber/test-output/ExtentReport.html
2025-08-03 02:24:20 INFO  ExtentReportManager:21 - Extent Report initialized successfully.
2025-08-03 02:24:20 INFO  Loginpage:25 - ***** Starting Scenario: Checking login functionality should work with single user *****
2025-08-03 02:24:20 INFO  Loginpage:25 - ***** Starting Scenario: Checking login functionality should work with single user *****
2025-08-03 02:24:22 INFO  BaseClass:25 - WebDriver instance set for thread: 18
2025-08-03 02:24:22 INFO  Loginpage:30 - Launching browser: edge
2025-08-03 02:24:22 INFO  ConfigPropertiesReader:19 - Loading configuration from: src/main/java/properties/config.properties
2025-08-03 02:24:22 INFO  ConfigPropertiesReader:24 - Configuration loaded successfully.
2025-08-03 02:24:22 INFO  Login:34 - Navigating to login page: https://www.saucedemo.com
2025-08-03 02:24:24 INFO  Loginpage:29 - Loginpage initialized
2025-08-03 02:24:24 INFO  Homepage:23 - Homepage initialized for driver thread: 18
2025-08-03 02:24:24 INFO  WaitClass:17 - WaitClass initialized for driver: EdgeDriver: MicrosoftEdge on windows (91366ec56fb457f6eb4b8fac75ca020a)
2025-08-03 02:24:24 INFO  Login:47 - Entering username and password from config
2025-08-03 02:24:24 INFO  Loginpage:34 - Entering username: standard_user
2025-08-03 02:24:24 INFO  Loginpage:40 - Entering password
2025-08-03 02:24:24 INFO  Login:61 - Clicking on Login button
2025-08-03 02:24:24 INFO  Loginpage:46 - Clicking on login button
2025-08-03 02:24:24 INFO  WaitClass:23 - Implicit wait applied: 10 seconds
2025-08-03 02:24:24 INFO  Homepage:29 - Shopping cart link displayed: true
2025-08-03 02:24:24 INFO  Loginpage:44 - Scenario Passed: Checking login functionality should work with single user
2025-08-03 02:24:24 INFO  Loginpage:48 - Closing browser and quitting WebDriver
2025-08-03 02:24:24 INFO  Loginpage:25 - ***** Starting Scenario: Checking login functionality should work with multiple users *****
2025-08-03 02:24:25 INFO  BaseClass:25 - WebDriver instance set for thread: 18
2025-08-03 02:24:25 INFO  Loginpage:30 - Launching browser: edge
2025-08-03 02:24:25 INFO  Login:34 - Navigating to login page: https://www.saucedemo.com
2025-08-03 02:24:26 INFO  BaseClass:25 - WebDriver instance set for thread: 17
2025-08-03 02:24:26 INFO  Loginpage:30 - Launching browser: firefox
2025-08-03 02:24:26 INFO  Login:34 - Navigating to login page: https://www.saucedemo.com
2025-08-03 02:24:26 INFO  Loginpage:29 - Loginpage initialized
2025-08-03 02:24:26 INFO  Homepage:23 - Homepage initialized for driver thread: 18
2025-08-03 02:24:26 INFO  WaitClass:17 - WaitClass initialized for driver: EdgeDriver: MicrosoftEdge on windows (20637ba28858390e706a840089d49bd0)
2025-08-03 02:24:26 INFO  Login:54 - Entering credentials from scenario: Username = standard_user
2025-08-03 02:24:26 INFO  Loginpage:34 - Entering username: standard_user
2025-08-03 02:24:27 INFO  Loginpage:40 - Entering password
2025-08-03 02:24:27 INFO  Login:61 - Clicking on Login button
2025-08-03 02:24:27 INFO  Loginpage:46 - Clicking on login button
2025-08-03 02:24:27 INFO  WaitClass:23 - Implicit wait applied: 10 seconds
2025-08-03 02:24:27 INFO  Homepage:29 - Shopping cart link displayed: true
2025-08-03 02:24:27 INFO  Loginpage:44 - Scenario Passed: Checking login functionality should work with multiple users
2025-08-03 02:24:27 INFO  Loginpage:48 - Closing browser and quitting WebDriver
2025-08-03 02:24:28 INFO  Loginpage:25 - ***** Starting Scenario: Checking login functionality should work with multiple users *****
2025-08-03 02:24:28 INFO  Loginpage:29 - Loginpage initialized
2025-08-03 02:24:28 INFO  Homepage:23 - Homepage initialized for driver thread: 17
2025-08-03 02:24:28 INFO  WaitClass:17 - WaitClass initialized for driver: FirefoxDriver: firefox on windows (106f343d-8a12-4217-b64b-d0993970075f)
2025-08-03 02:24:28 INFO  Login:47 - Entering username and password from config
2025-08-03 02:24:28 INFO  Loginpage:34 - Entering username: standard_user
2025-08-03 02:24:28 INFO  Loginpage:40 - Entering password
2025-08-03 02:24:28 INFO  Login:61 - Clicking on Login button
2025-08-03 02:24:28 INFO  Loginpage:46 - Clicking on login button
2025-08-03 02:24:28 INFO  WaitClass:23 - Implicit wait applied: 10 seconds
2025-08-03 02:24:28 INFO  Homepage:29 - Shopping cart link displayed: true
2025-08-03 02:24:28 INFO  Loginpage:44 - Scenario Passed: Checking login functionality should work with single user
2025-08-03 02:24:28 INFO  Loginpage:48 - Closing browser and quitting WebDriver
2025-08-03 02:24:28 INFO  Loginpage:25 - ***** Starting Scenario: Checking login functionality should work with multiple users *****
2025-08-03 02:24:30 INFO  BaseClass:25 - WebDriver instance set for thread: 18
2025-08-03 02:24:30 INFO  Loginpage:30 - Launching browser: edge
2025-08-03 02:24:30 INFO  Login:34 - Navigating to login page: https://www.saucedemo.com
2025-08-03 02:24:31 INFO  Loginpage:29 - Loginpage initialized
2025-08-03 02:24:31 INFO  Homepage:23 - Homepage initialized for driver thread: 18
2025-08-03 02:24:31 INFO  WaitClass:17 - WaitClass initialized for driver: EdgeDriver: MicrosoftEdge on windows (595eb815911a9ca5ad40dbf50c310e7c)
2025-08-03 02:24:31 INFO  Login:54 - Entering credentials from scenario: Username = problem_user
2025-08-03 02:24:31 INFO  Loginpage:34 - Entering username: problem_user
2025-08-03 02:24:31 INFO  Loginpage:40 - Entering password
2025-08-03 02:24:31 INFO  Login:61 - Clicking on Login button
2025-08-03 02:24:31 INFO  Loginpage:46 - Clicking on login button
2025-08-03 02:24:32 INFO  WaitClass:23 - Implicit wait applied: 10 seconds
2025-08-03 02:24:32 INFO  Homepage:29 - Shopping cart link displayed: true
2025-08-03 02:24:32 INFO  Loginpage:44 - Scenario Passed: Checking login functionality should work with multiple users
2025-08-03 02:24:32 INFO  Loginpage:48 - Closing browser and quitting WebDriver
2025-08-03 02:24:32 INFO  Loginpage:25 - ***** Starting Scenario: Checking login functionality should work with multiple users *****
2025-08-03 02:24:34 INFO  BaseClass:25 - WebDriver instance set for thread: 18
2025-08-03 02:24:34 INFO  Loginpage:30 - Launching browser: edge
2025-08-03 02:24:34 INFO  Login:34 - Navigating to login page: https://www.saucedemo.com
2025-08-03 02:24:34 INFO  Loginpage:29 - Loginpage initialized
2025-08-03 02:24:34 INFO  Homepage:23 - Homepage initialized for driver thread: 18
2025-08-03 02:24:34 INFO  WaitClass:17 - WaitClass initialized for driver: EdgeDriver: MicrosoftEdge on windows (7818000e0b6d49b462c939dd9d328826)
2025-08-03 02:24:34 INFO  Login:54 - Entering credentials from scenario: Username = performance_glitch_user
2025-08-03 02:24:34 INFO  Loginpage:34 - Entering username: performance_glitch_user
2025-08-03 02:24:35 INFO  Loginpage:40 - Entering password
2025-08-03 02:24:35 INFO  Login:61 - Clicking on Login button
2025-08-03 02:24:35 INFO  Loginpage:46 - Clicking on login button
2025-08-03 02:24:36 INFO  BaseClass:25 - WebDriver instance set for thread: 17
2025-08-03 02:24:36 INFO  Loginpage:30 - Launching browser: firefox
2025-08-03 02:24:36 INFO  Login:34 - Navigating to login page: https://www.saucedemo.com
2025-08-03 02:24:37 INFO  Loginpage:29 - Loginpage initialized
2025-08-03 02:24:37 INFO  Homepage:23 - Homepage initialized for driver thread: 17
2025-08-03 02:24:37 INFO  WaitClass:17 - WaitClass initialized for driver: FirefoxDriver: firefox on windows (7ba82e16-83b9-4a51-a101-7ada5ee9fe15)
2025-08-03 02:24:37 INFO  Login:54 - Entering credentials from scenario: Username = standard_user
2025-08-03 02:24:37 INFO  Loginpage:34 - Entering username: standard_user
2025-08-03 02:24:37 INFO  Loginpage:40 - Entering password
2025-08-03 02:24:37 INFO  Login:61 - Clicking on Login button
2025-08-03 02:24:37 INFO  Loginpage:46 - Clicking on login button
2025-08-03 02:24:38 INFO  WaitClass:23 - Implicit wait applied: 10 seconds
2025-08-03 02:24:38 INFO  Homepage:29 - Shopping cart link displayed: true
2025-08-03 02:24:38 INFO  Loginpage:44 - Scenario Passed: Checking login functionality should work with multiple users
2025-08-03 02:24:38 INFO  Loginpage:48 - Closing browser and quitting WebDriver
2025-08-03 02:24:38 INFO  Loginpage:25 - ***** Starting Scenario: Checking login functionality should work with multiple users *****
2025-08-03 02:24:40 INFO  WaitClass:23 - Implicit wait applied: 10 seconds
2025-08-03 02:24:40 INFO  Homepage:29 - Shopping cart link displayed: true
2025-08-03 02:24:40 INFO  Loginpage:44 - Scenario Passed: Checking login functionality should work with multiple users
2025-08-03 02:24:40 INFO  Loginpage:48 - Closing browser and quitting WebDriver
2025-08-03 02:24:40 INFO  Loginpage:25 - ***** Starting Scenario: Checking login functionality should work with multiple users *****
2025-08-03 02:24:41 INFO  BaseClass:25 - WebDriver instance set for thread: 17
2025-08-03 02:24:41 INFO  Loginpage:30 - Launching browser: firefox
2025-08-03 02:24:41 INFO  Login:34 - Navigating to login page: https://www.saucedemo.com
2025-08-03 02:24:42 INFO  BaseClass:25 - WebDriver instance set for thread: 18
2025-08-03 02:24:42 INFO  Loginpage:30 - Launching browser: edge
2025-08-03 02:24:42 INFO  Login:34 - Navigating to login page: https://www.saucedemo.com
2025-08-03 02:24:42 INFO  Loginpage:29 - Loginpage initialized
2025-08-03 02:24:42 INFO  Homepage:23 - Homepage initialized for driver thread: 18
2025-08-03 02:24:42 INFO  WaitClass:17 - WaitClass initialized for driver: EdgeDriver: MicrosoftEdge on windows (79f095e4c63a90e158b48e8fe30d6258)
2025-08-03 02:24:42 INFO  Login:54 - Entering credentials from scenario: Username = error_user
2025-08-03 02:24:42 INFO  Loginpage:34 - Entering username: error_user
2025-08-03 02:24:43 INFO  Loginpage:29 - Loginpage initialized
2025-08-03 02:24:43 INFO  Homepage:23 - Homepage initialized for driver thread: 17
2025-08-03 02:24:43 INFO  WaitClass:17 - WaitClass initialized for driver: FirefoxDriver: firefox on windows (588f95f6-1728-4626-af98-99aef6a71491)
2025-08-03 02:24:43 INFO  Login:54 - Entering credentials from scenario: Username = problem_user
2025-08-03 02:24:43 INFO  Loginpage:34 - Entering username: problem_user
2025-08-03 02:24:43 INFO  Loginpage:40 - Entering password
2025-08-03 02:24:43 INFO  Login:61 - Clicking on Login button
2025-08-03 02:24:43 INFO  Loginpage:46 - Clicking on login button
2025-08-03 02:24:43 INFO  Loginpage:40 - Entering password
2025-08-03 02:24:43 INFO  Login:61 - Clicking on Login button
2025-08-03 02:24:43 INFO  Loginpage:46 - Clicking on login button
2025-08-03 02:24:44 INFO  WaitClass:23 - Implicit wait applied: 10 seconds
2025-08-03 02:24:44 INFO  Homepage:29 - Shopping cart link displayed: true
2025-08-03 02:24:44 INFO  Loginpage:44 - Scenario Passed: Checking login functionality should work with multiple users
2025-08-03 02:24:44 INFO  Loginpage:48 - Closing browser and quitting WebDriver
2025-08-03 02:24:44 INFO  Loginpage:25 - ***** Starting Scenario: Checking login functionality should work with multiple users *****
2025-08-03 02:24:44 INFO  WaitClass:23 - Implicit wait applied: 10 seconds
2025-08-03 02:24:44 INFO  Homepage:29 - Shopping cart link displayed: true
2025-08-03 02:24:44 INFO  Loginpage:44 - Scenario Passed: Checking login functionality should work with multiple users
2025-08-03 02:24:44 INFO  Loginpage:48 - Closing browser and quitting WebDriver
2025-08-03 02:24:44 INFO  Loginpage:25 - ***** Starting Scenario: Checking login functionality should work with multiple users *****
2025-08-03 02:24:45 INFO  BaseClass:25 - WebDriver instance set for thread: 18
2025-08-03 02:24:45 INFO  Loginpage:30 - Launching browser: edge
2025-08-03 02:24:45 INFO  Login:34 - Navigating to login page: https://www.saucedemo.com
2025-08-03 02:24:46 INFO  Loginpage:29 - Loginpage initialized
2025-08-03 02:24:46 INFO  Homepage:23 - Homepage initialized for driver thread: 18
2025-08-03 02:24:46 INFO  WaitClass:17 - WaitClass initialized for driver: EdgeDriver: MicrosoftEdge on windows (3ebe930b50f46ef037052ea13e832211)
2025-08-03 02:24:46 INFO  Login:54 - Entering credentials from scenario: Username = visual_user
2025-08-03 02:24:46 INFO  Loginpage:34 - Entering username: visual_user
2025-08-03 02:24:47 INFO  Loginpage:40 - Entering password
2025-08-03 02:24:47 INFO  Login:61 - Clicking on Login button
2025-08-03 02:24:47 INFO  Loginpage:46 - Clicking on login button
2025-08-03 02:24:47 INFO  WaitClass:23 - Implicit wait applied: 10 seconds
2025-08-03 02:24:47 INFO  Homepage:29 - Shopping cart link displayed: true
2025-08-03 02:24:47 INFO  Loginpage:44 - Scenario Passed: Checking login functionality should work with multiple users
2025-08-03 02:24:47 INFO  Loginpage:48 - Closing browser and quitting WebDriver
2025-08-03 02:24:47 INFO  Loginpage:25 - ***** Starting Scenario: Checking login functionality should not work with this user *****
2025-08-03 02:24:49 INFO  BaseClass:25 - WebDriver instance set for thread: 18
2025-08-03 02:24:49 INFO  Loginpage:30 - Launching browser: edge
2025-08-03 02:24:49 INFO  Login:34 - Navigating to login page: https://www.saucedemo.com
2025-08-03 02:24:50 INFO  Loginpage:29 - Loginpage initialized
2025-08-03 02:24:50 INFO  Homepage:23 - Homepage initialized for driver thread: 18
2025-08-03 02:24:50 INFO  WaitClass:17 - WaitClass initialized for driver: EdgeDriver: MicrosoftEdge on windows (a89967a48347c2c14a2759465624d8ba)
2025-08-03 02:24:50 INFO  Login:54 - Entering credentials from scenario: Username = locked_out_user
2025-08-03 02:24:50 INFO  Loginpage:34 - Entering username: locked_out_user
2025-08-03 02:24:51 INFO  Loginpage:40 - Entering password
2025-08-03 02:24:51 INFO  Login:61 - Clicking on Login button
2025-08-03 02:24:51 INFO  Loginpage:46 - Clicking on login button
2025-08-03 02:24:52 WARN  Login:73 - Verifying failed login attempt
2025-08-03 02:24:52 INFO  WaitClass:23 - Implicit wait applied: 10 seconds
2025-08-03 02:24:52 INFO  BaseClass:25 - WebDriver instance set for thread: 17
2025-08-03 02:24:52 INFO  Loginpage:30 - Launching browser: firefox
2025-08-03 02:24:52 INFO  Login:34 - Navigating to login page: https://www.saucedemo.com
2025-08-03 02:24:53 INFO  Loginpage:29 - Loginpage initialized
2025-08-03 02:24:53 INFO  Homepage:23 - Homepage initialized for driver thread: 17
2025-08-03 02:24:53 INFO  WaitClass:17 - WaitClass initialized for driver: FirefoxDriver: firefox on windows (62707f8e-8f31-49f8-bc2b-367bdc0d9ce2)
2025-08-03 02:24:53 INFO  Login:54 - Entering credentials from scenario: Username = performance_glitch_user
2025-08-03 02:24:53 INFO  Loginpage:34 - Entering username: performance_glitch_user
2025-08-03 02:24:54 INFO  Loginpage:40 - Entering password
2025-08-03 02:24:54 INFO  Login:61 - Clicking on Login button
2025-08-03 02:24:54 INFO  Loginpage:46 - Clicking on login button
2025-08-03 02:24:59 INFO  WaitClass:23 - Implicit wait applied: 10 seconds
2025-08-03 02:24:59 INFO  Homepage:29 - Shopping cart link displayed: true
2025-08-03 02:24:59 INFO  Loginpage:44 - Scenario Passed: Checking login functionality should work with multiple users
2025-08-03 02:24:59 INFO  Loginpage:48 - Closing browser and quitting WebDriver
2025-08-03 02:24:59 INFO  Loginpage:25 - ***** Starting Scenario: Checking login functionality should work with multiple users *****
2025-08-03 02:25:02 ERROR Homepage:32 - Shopping cart link not found
org.openqa.selenium.NoSuchElementException: no such element: Unable to locate element: {"method":"xpath","selector":"//a[@class='shopping_cart_link']"}
  (Session info: MicrosoftEdge=138.0.3351.121)
For documentation on this error, please visit: https://www.selenium.dev/documentation/webdriver/troubleshooting/errors#no-such-element-exception
Build info: version: '4.34.0', revision: '707dcb4246*'
System info: os.name: 'Windows 11', os.arch: 'amd64', os.version: '10.0', java.version: '11.0.26'
Driver info: org.openqa.selenium.edge.EdgeDriver
Command: [a89967a48347c2c14a2759465624d8ba, findElement {using=xpath, value=//a[@class='shopping_cart_link']}]
Capabilities {acceptInsecureCerts: false, browserName: MicrosoftEdge, browserVersion: 138.0.3351.121, fedcm:accounts: true, ms:edgeOptions: {debuggerAddress: localhost:64281}, msedge: {msedgedriverVersion: 138.0.3351.77 (efaf6935b436..., userDataDir: C:\Users\MYPC~1\AppData\Loc...}, networkConnectionEnabled: false, pageLoadStrategy: normal, platformName: windows, proxy: Proxy(), se:cdp: ws://localhost:64281/devtoo..., se:cdpVersion: 138.0.3351.121, setWindowRect: true, strictFileInteractability: false, timeouts: {implicit: 0, pageLoad: 300000, script: 30000}, unhandledPromptBehavior: dismiss and notify, webauthn:extension:credBlob: true, webauthn:extension:largeBlob: true, webauthn:extension:minPinLength: true, webauthn:extension:prf: true, webauthn:virtualAuthenticators: true}
Session ID: a89967a48347c2c14a2759465624d8ba
	at jdk.internal.reflect.NativeConstructorAccessorImpl.newInstance0(Native Method) ~[?:?]
	at jdk.internal.reflect.NativeConstructorAccessorImpl.newInstance(NativeConstructorAccessorImpl.java:62) ~[?:?]
	at jdk.internal.reflect.DelegatingConstructorAccessorImpl.newInstance(DelegatingConstructorAccessorImpl.java:45) ~[?:?]
	at java.lang.reflect.Constructor.newInstance(Constructor.java:490) ~[?:?]
	at org.openqa.selenium.remote.ErrorCodec.decode(ErrorCodec.java:167) ~[selenium-remote-driver-4.34.0.jar:?]
	at org.openqa.selenium.remote.codec.w3c.W3CHttpResponseCodec.decode(W3CHttpResponseCodec.java:138) ~[selenium-remote-driver-4.34.0.jar:?]
	at org.openqa.selenium.remote.codec.w3c.W3CHttpResponseCodec.decode(W3CHttpResponseCodec.java:50) ~[selenium-remote-driver-4.34.0.jar:?]
	at org.openqa.selenium.remote.HttpCommandExecutor.execute(HttpCommandExecutor.java:215) ~[selenium-remote-driver-4.34.0.jar:?]
	at org.openqa.selenium.remote.service.DriverCommandExecutor.invokeExecute(DriverCommandExecutor.java:216) ~[selenium-remote-driver-4.34.0.jar:?]
	at org.openqa.selenium.remote.service.DriverCommandExecutor.execute(DriverCommandExecutor.java:174) ~[selenium-remote-driver-4.34.0.jar:?]
	at org.openqa.selenium.remote.RemoteWebDriver.execute(RemoteWebDriver.java:544) ~[selenium-remote-driver-4.34.0.jar:?]
	at org.openqa.selenium.remote.ElementLocation$ElementFinder$2.findElement(ElementLocation.java:165) ~[selenium-remote-driver-4.34.0.jar:?]
	at org.openqa.selenium.remote.ElementLocation.findElement(ElementLocation.java:59) ~[selenium-remote-driver-4.34.0.jar:?]
	at org.openqa.selenium.remote.RemoteWebDriver.findElement(RemoteWebDriver.java:367) ~[selenium-remote-driver-4.34.0.jar:?]
	at org.openqa.selenium.remote.RemoteWebDriver.findElement(RemoteWebDriver.java:361) ~[selenium-remote-driver-4.34.0.jar:?]
	at org.openqa.selenium.support.pagefactory.DefaultElementLocator.findElement(DefaultElementLocator.java:68) ~[selenium-support-4.34.0.jar:?]
	at org.openqa.selenium.support.pagefactory.internal.LocatingElementHandler.invoke(LocatingElementHandler.java:38) ~[selenium-support-4.34.0.jar:?]
	at com.sun.proxy.$Proxy39.isDisplayed(Unknown Source) ~[?:?]
	at basepackage.Homepage.verifyShoppingCartLink(Homepage.java:28) ~[classes/:?]
	at stepdefinitions.Login.user_should_not_navigate_to_home_page(Login.java:75) ~[test-classes/:?]
	at jdk.internal.reflect.NativeMethodAccessorImpl.invoke0(Native Method) ~[?:?]
	at jdk.internal.reflect.NativeMethodAccessorImpl.invoke(NativeMethodAccessorImpl.java:62) ~[?:?]
	at jdk.internal.reflect.DelegatingMethodAccessorImpl.invoke(DelegatingMethodAccessorImpl.java:43) ~[?:?]
	at java.lang.reflect.Method.invoke(Method.java:566) ~[?:?]
	at io.cucumber.java.Invoker.doInvoke(Invoker.java:66) ~[cucumber-java-7.27.0.jar:7.27.0]
	at io.cucumber.java.Invoker.invoke(Invoker.java:24) ~[cucumber-java-7.27.0.jar:7.27.0]
	at io.cucumber.java.AbstractGlueDefinition.invokeMethod(AbstractGlueDefinition.java:47) ~[cucumber-java-7.27.0.jar:7.27.0]
	at io.cucumber.java.JavaStepDefinition.execute(JavaStepDefinition.java:29) ~[cucumber-java-7.27.0.jar:7.27.0]
	at io.cucumber.core.runner.CoreStepDefinition.execute(CoreStepDefinition.java:66) ~[cucumber-core-7.27.0.jar:7.27.0]
	at io.cucumber.core.runner.PickleStepDefinitionMatch.runStep(PickleStepDefinitionMatch.java:62) ~[cucumber-core-7.27.0.jar:7.27.0]
	at io.cucumber.core.runner.ExecutionMode$1.execute(ExecutionMode.java:10) ~[cucumber-core-7.27.0.jar:7.27.0]
	at io.cucumber.core.runner.TestStep.executeStep(TestStep.java:81) ~[cucumber-core-7.27.0.jar:7.27.0]
	at io.cucumber.core.runner.TestStep.run(TestStep.java:53) ~[cucumber-core-7.27.0.jar:7.27.0]
	at io.cucumber.core.runner.PickleStepTestStep.run(PickleStepTestStep.java:51) ~[cucumber-core-7.27.0.jar:7.27.0]
	at io.cucumber.core.runner.TestCase.run(TestCase.java:86) ~[cucumber-core-7.27.0.jar:7.27.0]
	at io.cucumber.core.runner.Runner.runPickle(Runner.java:77) ~[cucumber-core-7.27.0.jar:7.27.0]
	at io.cucumber.testng.TestNGCucumberRunner.lambda$runScenario$1(TestNGCucumberRunner.java:135) ~[cucumber-testng-7.27.0.jar:7.27.0]
	at io.cucumber.core.runtime.CucumberExecutionContext.lambda$runTestCase$5(CucumberExecutionContext.java:136) ~[cucumber-core-7.27.0.jar:7.27.0]
	at io.cucumber.core.runtime.RethrowingThrowableCollector.executeAndThrow(RethrowingThrowableCollector.java:23) ~[cucumber-core-7.27.0.jar:7.27.0]
	at io.cucumber.core.runtime.CucumberExecutionContext.runTestCase(CucumberExecutionContext.java:136) ~[cucumber-core-7.27.0.jar:7.27.0]
	at io.cucumber.testng.TestNGCucumberRunner.runScenario(TestNGCucumberRunner.java:132) ~[cucumber-testng-7.27.0.jar:7.27.0]
	at io.cucumber.testng.AbstractTestNGCucumberTests.runScenario(AbstractTestNGCucumberTests.java:35) ~[cucumber-testng-7.27.0.jar:7.27.0]
	at jdk.internal.reflect.NativeMethodAccessorImpl.invoke0(Native Method) ~[?:?]
	at jdk.internal.reflect.NativeMethodAccessorImpl.invoke(NativeMethodAccessorImpl.java:62) ~[?:?]
	at jdk.internal.reflect.DelegatingMethodAccessorImpl.invoke(DelegatingMethodAccessorImpl.java:43) ~[?:?]
	at java.lang.reflect.Method.invoke(Method.java:566) ~[?:?]
	at org.testng.internal.invokers.MethodInvocationHelper.invokeMethod(MethodInvocationHelper.java:141) ~[testng-7.11.0.jar:7.11.0]
	at org.testng.internal.invokers.TestInvoker.invokeMethod(TestInvoker.java:687) ~[testng-7.11.0.jar:7.11.0]
	at org.testng.internal.invokers.TestInvoker.invokeTestMethod(TestInvoker.java:230) ~[testng-7.11.0.jar:7.11.0]
	at org.testng.internal.invokers.MethodRunner.runInSequence(MethodRunner.java:63) ~[testng-7.11.0.jar:7.11.0]
	at org.testng.internal.invokers.TestInvoker$MethodInvocationAgent.invoke(TestInvoker.java:995) ~[testng-7.11.0.jar:7.11.0]
	at org.testng.internal.invokers.TestInvoker.invokeTestMethods(TestInvoker.java:203) ~[testng-7.11.0.jar:7.11.0]
	at org.testng.internal.invokers.TestMethodWorker.invokeTestMethods(TestMethodWorker.java:154) ~[testng-7.11.0.jar:7.11.0]
	at org.testng.internal.invokers.TestMethodWorker.run(TestMethodWorker.java:134) ~[testng-7.11.0.jar:7.11.0]
	at java.util.ArrayList.forEach(ArrayList.java:1541) ~[?:?]
	at org.testng.TestRunner.privateRun(TestRunner.java:741) ~[testng-7.11.0.jar:7.11.0]
	at org.testng.TestRunner.run(TestRunner.java:616) ~[testng-7.11.0.jar:7.11.0]
	at org.testng.SuiteRunner.runTest(SuiteRunner.java:421) ~[testng-7.11.0.jar:7.11.0]
	at org.testng.SuiteRunner$SuiteWorker.run(SuiteRunner.java:463) ~[testng-7.11.0.jar:7.11.0]
	at org.testng.internal.thread.ThreadUtil.lambda$execute$0(ThreadUtil.java:64) ~[testng-7.11.0.jar:7.11.0]
	at java.util.concurrent.FutureTask.run$$$capture(FutureTask.java:264) [?:?]
	at java.util.concurrent.FutureTask.run(FutureTask.java) [?:?]
	at java.util.concurrent.ThreadPoolExecutor.runWorker(ThreadPoolExecutor.java:1128) [?:?]
	at java.util.concurrent.ThreadPoolExecutor$Worker.run(ThreadPoolExecutor.java:628) [?:?]
	at java.lang.Thread.run(Thread.java:834) [?:?]
2025-08-03 02:25:02 WARN  Login:76 - Login failed - Home page not loaded
2025-08-03 02:25:02 INFO  Loginpage:44 - Scenario Passed: Checking login functionality should not work with this user
2025-08-03 02:25:02 INFO  Loginpage:48 - Closing browser and quitting WebDriver
2025-08-03 02:25:03 INFO  BaseClass:25 - WebDriver instance set for thread: 17
2025-08-03 02:25:03 INFO  Loginpage:30 - Launching browser: firefox
2025-08-03 02:25:03 INFO  Login:34 - Navigating to login page: https://www.saucedemo.com
2025-08-03 02:25:04 INFO  Loginpage:29 - Loginpage initialized
2025-08-03 02:25:04 INFO  Homepage:23 - Homepage initialized for driver thread: 17
2025-08-03 02:25:04 INFO  WaitClass:17 - WaitClass initialized for driver: FirefoxDriver: firefox on windows (f6b2a563-933f-4dd8-a15a-116efb0b134f)
2025-08-03 02:25:04 INFO  Login:54 - Entering credentials from scenario: Username = error_user
2025-08-03 02:25:04 INFO  Loginpage:34 - Entering username: error_user
2025-08-03 02:25:04 INFO  Loginpage:40 - Entering password
2025-08-03 02:25:04 INFO  Login:61 - Clicking on Login button
2025-08-03 02:25:04 INFO  Loginpage:46 - Clicking on login button
2025-08-03 02:25:04 INFO  WaitClass:23 - Implicit wait applied: 10 seconds
2025-08-03 02:25:04 INFO  Homepage:29 - Shopping cart link displayed: true
2025-08-03 02:25:04 INFO  Loginpage:44 - Scenario Passed: Checking login functionality should work with multiple users
2025-08-03 02:25:04 INFO  Loginpage:48 - Closing browser and quitting WebDriver
2025-08-03 02:25:04 INFO  Loginpage:25 - ***** Starting Scenario: Checking login functionality should work with multiple users *****
2025-08-03 02:25:09 INFO  BaseClass:25 - WebDriver instance set for thread: 17
2025-08-03 02:25:09 INFO  Loginpage:30 - Launching browser: firefox
2025-08-03 02:25:09 INFO  Login:34 - Navigating to login page: https://www.saucedemo.com
2025-08-03 02:25:10 INFO  Loginpage:29 - Loginpage initialized
2025-08-03 02:25:10 INFO  Homepage:23 - Homepage initialized for driver thread: 17
2025-08-03 02:25:10 INFO  WaitClass:17 - WaitClass initialized for driver: FirefoxDriver: firefox on windows (a9dd9e40-838e-4446-a823-3c3cc4ea624c)
2025-08-03 02:25:10 INFO  Login:54 - Entering credentials from scenario: Username = visual_user
2025-08-03 02:25:10 INFO  Loginpage:34 - Entering username: visual_user
2025-08-03 02:25:10 INFO  Loginpage:40 - Entering password
2025-08-03 02:25:10 INFO  Login:61 - Clicking on Login button
2025-08-03 02:25:10 INFO  Loginpage:46 - Clicking on login button
2025-08-03 02:25:10 INFO  WaitClass:23 - Implicit wait applied: 10 seconds
2025-08-03 02:25:10 INFO  Homepage:29 - Shopping cart link displayed: true
2025-08-03 02:25:10 INFO  Loginpage:44 - Scenario Passed: Checking login functionality should work with multiple users
2025-08-03 02:25:10 INFO  Loginpage:48 - Closing browser and quitting WebDriver
2025-08-03 02:25:10 INFO  Loginpage:25 - ***** Starting Scenario: Checking login functionality should not work with this user *****
2025-08-03 02:25:14 INFO  BaseClass:25 - WebDriver instance set for thread: 17
2025-08-03 02:25:14 INFO  Loginpage:30 - Launching browser: firefox
2025-08-03 02:25:14 INFO  Login:34 - Navigating to login page: https://www.saucedemo.com
2025-08-03 02:25:15 INFO  Loginpage:29 - Loginpage initialized
2025-08-03 02:25:15 INFO  Homepage:23 - Homepage initialized for driver thread: 17
2025-08-03 02:25:15 INFO  WaitClass:17 - WaitClass initialized for driver: FirefoxDriver: firefox on windows (75a47cd0-a681-45cd-859d-1e582b899e15)
2025-08-03 02:25:15 INFO  Login:54 - Entering credentials from scenario: Username = locked_out_user
2025-08-03 02:25:15 INFO  Loginpage:34 - Entering username: locked_out_user
2025-08-03 02:25:15 INFO  Loginpage:40 - Entering password
2025-08-03 02:25:15 INFO  Login:61 - Clicking on Login button
2025-08-03 02:25:15 INFO  Loginpage:46 - Clicking on login button
2025-08-03 02:25:15 WARN  Login:73 - Verifying failed login attempt
2025-08-03 02:25:15 INFO  WaitClass:23 - Implicit wait applied: 10 seconds
2025-08-03 02:25:25 ERROR Homepage:32 - Shopping cart link not found
org.openqa.selenium.NoSuchElementException: Unable to locate element: //a[@class='shopping_cart_link']
For documentation on this error, please visit: https://www.selenium.dev/documentation/webdriver/troubleshooting/errors#no-such-element-exception
Build info: version: '4.34.0', revision: '707dcb4246*'
System info: os.name: 'Windows 11', os.arch: 'amd64', os.version: '10.0', java.version: '11.0.26'
Driver info: org.openqa.selenium.firefox.FirefoxDriver
Command: [75a47cd0-a681-45cd-859d-1e582b899e15, findElement {using=xpath, value=//a[@class='shopping_cart_link']}]
Capabilities {acceptInsecureCerts: true, browserName: firefox, browserVersion: 141.0, moz:accessibilityChecks: false, moz:buildID: 20250717180000, moz:geckodriverVersion: 0.36.0, moz:headless: false, moz:platformVersion: 10.0, moz:processID: 42944, moz:profile: C:\Users\MYPC~1\AppData\Loc..., moz:shutdownTimeout: 60000, moz:webdriverClick: true, moz:windowless: false, pageLoadStrategy: normal, platformName: windows, proxy: Proxy(), setWindowRect: true, strictFileInteractability: false, timeouts: {implicit: 0, pageLoad: 300000, script: 30000}, unhandledPromptBehavior: dismiss and notify, userAgent: Mozilla/5.0 (Windows NT 10....}
Session ID: 75a47cd0-a681-45cd-859d-1e582b899e15
	at jdk.internal.reflect.NativeConstructorAccessorImpl.newInstance0(Native Method) ~[?:?]
	at jdk.internal.reflect.NativeConstructorAccessorImpl.newInstance(NativeConstructorAccessorImpl.java:62) ~[?:?]
	at jdk.internal.reflect.DelegatingConstructorAccessorImpl.newInstance(DelegatingConstructorAccessorImpl.java:45) ~[?:?]
	at java.lang.reflect.Constructor.newInstance(Constructor.java:490) ~[?:?]
	at org.openqa.selenium.remote.ErrorCodec.decode(ErrorCodec.java:167) ~[selenium-remote-driver-4.34.0.jar:?]
	at org.openqa.selenium.remote.codec.w3c.W3CHttpResponseCodec.decode(W3CHttpResponseCodec.java:138) ~[selenium-remote-driver-4.34.0.jar:?]
	at org.openqa.selenium.remote.codec.w3c.W3CHttpResponseCodec.decode(W3CHttpResponseCodec.java:50) ~[selenium-remote-driver-4.34.0.jar:?]
	at org.openqa.selenium.remote.HttpCommandExecutor.execute(HttpCommandExecutor.java:215) ~[selenium-remote-driver-4.34.0.jar:?]
	at org.openqa.selenium.remote.service.DriverCommandExecutor.invokeExecute(DriverCommandExecutor.java:216) ~[selenium-remote-driver-4.34.0.jar:?]
	at org.openqa.selenium.remote.service.DriverCommandExecutor.execute(DriverCommandExecutor.java:174) ~[selenium-remote-driver-4.34.0.jar:?]
	at org.openqa.selenium.remote.RemoteWebDriver.execute(RemoteWebDriver.java:544) ~[selenium-remote-driver-4.34.0.jar:?]
	at org.openqa.selenium.remote.ElementLocation$ElementFinder$2.findElement(ElementLocation.java:165) ~[selenium-remote-driver-4.34.0.jar:?]
	at org.openqa.selenium.remote.ElementLocation.findElement(ElementLocation.java:59) ~[selenium-remote-driver-4.34.0.jar:?]
	at org.openqa.selenium.remote.RemoteWebDriver.findElement(RemoteWebDriver.java:367) ~[selenium-remote-driver-4.34.0.jar:?]
	at org.openqa.selenium.remote.RemoteWebDriver.findElement(RemoteWebDriver.java:361) ~[selenium-remote-driver-4.34.0.jar:?]
	at org.openqa.selenium.support.pagefactory.DefaultElementLocator.findElement(DefaultElementLocator.java:68) ~[selenium-support-4.34.0.jar:?]
	at org.openqa.selenium.support.pagefactory.internal.LocatingElementHandler.invoke(LocatingElementHandler.java:38) ~[selenium-support-4.34.0.jar:?]
	at com.sun.proxy.$Proxy39.isDisplayed(Unknown Source) ~[?:?]
	at basepackage.Homepage.verifyShoppingCartLink(Homepage.java:28) ~[classes/:?]
	at stepdefinitions.Login.user_should_not_navigate_to_home_page(Login.java:75) ~[test-classes/:?]
	at jdk.internal.reflect.NativeMethodAccessorImpl.invoke0(Native Method) ~[?:?]
	at jdk.internal.reflect.NativeMethodAccessorImpl.invoke(NativeMethodAccessorImpl.java:62) ~[?:?]
	at jdk.internal.reflect.DelegatingMethodAccessorImpl.invoke(DelegatingMethodAccessorImpl.java:43) ~[?:?]
	at java.lang.reflect.Method.invoke(Method.java:566) ~[?:?]
	at io.cucumber.java.Invoker.doInvoke(Invoker.java:66) ~[cucumber-java-7.27.0.jar:7.27.0]
	at io.cucumber.java.Invoker.invoke(Invoker.java:24) ~[cucumber-java-7.27.0.jar:7.27.0]
	at io.cucumber.java.AbstractGlueDefinition.invokeMethod(AbstractGlueDefinition.java:47) ~[cucumber-java-7.27.0.jar:7.27.0]
	at io.cucumber.java.JavaStepDefinition.execute(JavaStepDefinition.java:29) ~[cucumber-java-7.27.0.jar:7.27.0]
	at io.cucumber.core.runner.CoreStepDefinition.execute(CoreStepDefinition.java:66) ~[cucumber-core-7.27.0.jar:7.27.0]
	at io.cucumber.core.runner.PickleStepDefinitionMatch.runStep(PickleStepDefinitionMatch.java:62) ~[cucumber-core-7.27.0.jar:7.27.0]
	at io.cucumber.core.runner.ExecutionMode$1.execute(ExecutionMode.java:10) ~[cucumber-core-7.27.0.jar:7.27.0]
	at io.cucumber.core.runner.TestStep.executeStep(TestStep.java:81) ~[cucumber-core-7.27.0.jar:7.27.0]
	at io.cucumber.core.runner.TestStep.run(TestStep.java:53) ~[cucumber-core-7.27.0.jar:7.27.0]
	at io.cucumber.core.runner.PickleStepTestStep.run(PickleStepTestStep.java:51) ~[cucumber-core-7.27.0.jar:7.27.0]
	at io.cucumber.core.runner.TestCase.run(TestCase.java:86) ~[cucumber-core-7.27.0.jar:7.27.0]
	at io.cucumber.core.runner.Runner.runPickle(Runner.java:77) ~[cucumber-core-7.27.0.jar:7.27.0]
	at io.cucumber.testng.TestNGCucumberRunner.lambda$runScenario$1(TestNGCucumberRunner.java:135) ~[cucumber-testng-7.27.0.jar:7.27.0]
	at io.cucumber.core.runtime.CucumberExecutionContext.lambda$runTestCase$5(CucumberExecutionContext.java:136) ~[cucumber-core-7.27.0.jar:7.27.0]
	at io.cucumber.core.runtime.RethrowingThrowableCollector.executeAndThrow(RethrowingThrowableCollector.java:23) ~[cucumber-core-7.27.0.jar:7.27.0]
	at io.cucumber.core.runtime.CucumberExecutionContext.runTestCase(CucumberExecutionContext.java:136) ~[cucumber-core-7.27.0.jar:7.27.0]
	at io.cucumber.testng.TestNGCucumberRunner.runScenario(TestNGCucumberRunner.java:132) ~[cucumber-testng-7.27.0.jar:7.27.0]
	at io.cucumber.testng.AbstractTestNGCucumberTests.runScenario(AbstractTestNGCucumberTests.java:35) ~[cucumber-testng-7.27.0.jar:7.27.0]
	at jdk.internal.reflect.NativeMethodAccessorImpl.invoke0(Native Method) ~[?:?]
	at jdk.internal.reflect.NativeMethodAccessorImpl.invoke(NativeMethodAccessorImpl.java:62) ~[?:?]
	at jdk.internal.reflect.DelegatingMethodAccessorImpl.invoke(DelegatingMethodAccessorImpl.java:43) ~[?:?]
	at java.lang.reflect.Method.invoke(Method.java:566) ~[?:?]
	at org.testng.internal.invokers.MethodInvocationHelper.invokeMethod(MethodInvocationHelper.java:141) ~[testng-7.11.0.jar:7.11.0]
	at org.testng.internal.invokers.TestInvoker.invokeMethod(TestInvoker.java:687) ~[testng-7.11.0.jar:7.11.0]
	at org.testng.internal.invokers.TestInvoker.invokeTestMethod(TestInvoker.java:230) ~[testng-7.11.0.jar:7.11.0]
	at org.testng.internal.invokers.MethodRunner.runInSequence(MethodRunner.java:63) ~[testng-7.11.0.jar:7.11.0]
	at org.testng.internal.invokers.TestInvoker$MethodInvocationAgent.invoke(TestInvoker.java:995) ~[testng-7.11.0.jar:7.11.0]
	at org.testng.internal.invokers.TestInvoker.invokeTestMethods(TestInvoker.java:203) ~[testng-7.11.0.jar:7.11.0]
	at org.testng.internal.invokers.TestMethodWorker.invokeTestMethods(TestMethodWorker.java:154) ~[testng-7.11.0.jar:7.11.0]
	at org.testng.internal.invokers.TestMethodWorker.run(TestMethodWorker.java:134) ~[testng-7.11.0.jar:7.11.0]
	at java.util.ArrayList.forEach(ArrayList.java:1541) ~[?:?]
	at org.testng.TestRunner.privateRun(TestRunner.java:741) ~[testng-7.11.0.jar:7.11.0]
	at org.testng.TestRunner.run(TestRunner.java:616) ~[testng-7.11.0.jar:7.11.0]
	at org.testng.SuiteRunner.runTest(SuiteRunner.java:421) ~[testng-7.11.0.jar:7.11.0]
	at org.testng.SuiteRunner$SuiteWorker.run(SuiteRunner.java:463) ~[testng-7.11.0.jar:7.11.0]
	at org.testng.internal.thread.ThreadUtil.lambda$execute$0(ThreadUtil.java:64) ~[testng-7.11.0.jar:7.11.0]
	at java.util.concurrent.FutureTask.run$$$capture(FutureTask.java:264) [?:?]
	at java.util.concurrent.FutureTask.run(FutureTask.java) [?:?]
	at java.util.concurrent.ThreadPoolExecutor.runWorker(ThreadPoolExecutor.java:1128) [?:?]
	at java.util.concurrent.ThreadPoolExecutor$Worker.run(ThreadPoolExecutor.java:628) [?:?]
	at java.lang.Thread.run(Thread.java:834) [?:?]
2025-08-03 02:25:25 WARN  Login:76 - Login failed - Home page not loaded
2025-08-03 02:25:25 INFO  Loginpage:44 - Scenario Passed: Checking login functionality should not work with this user
2025-08-03 02:25:25 INFO  Loginpage:48 - Closing browser and quitting WebDriver
2025-08-03 02:43:33 INFO  Utils:112 - [TestNG] Running:
  D:\Ideaprojects\MyProjects\POMJavaSeleniumCucumber\testng.xml

2025-08-03 02:43:34 WARN  Utils:133 - The test method 'io.cucumber.testng.AbstractTestNGCucumberTests.runScenario' will be skipped since its data provider 'scenarios' returned an empty array or iterator. 
2025-08-03 02:43:34 WARN  Utils:133 - The test method 'io.cucumber.testng.AbstractTestNGCucumberTests.runScenario' will be skipped since its data provider 'scenarios' returned an empty array or iterator. 
2025-08-03 02:43:56 INFO  Utils:112 - [TestNG] Running:
  D:\Ideaprojects\MyProjects\POMJavaSeleniumCucumber\testng.xml

2025-08-03 02:43:57 WARN  Utils:133 - The test method 'io.cucumber.testng.AbstractTestNGCucumberTests.runScenario' will be skipped since its data provider 'scenarios' returned an empty array or iterator. 
2025-08-03 02:43:57 WARN  Utils:133 - The test method 'io.cucumber.testng.AbstractTestNGCucumberTests.runScenario' will be skipped since its data provider 'scenarios' returned an empty array or iterator. 
2025-08-03 02:44:30 INFO  Utils:112 - [TestNG] Running:
  D:\Ideaprojects\MyProjects\POMJavaSeleniumCucumber\testng.xml

2025-08-03 02:44:31 INFO  ExtentReportManager:17 - Creating Extent Report at: D:\Ideaprojects\MyProjects\POMJavaSeleniumCucumber/test-output/ExtentReport.html
2025-08-03 02:44:31 INFO  ExtentReportManager:21 - Extent Report initialized successfully.
2025-08-03 02:44:31 INFO  Loginpage:25 - ***** Starting Scenario: User should be able to login using data from Excel *****
2025-08-03 02:44:31 INFO  Loginpage:25 - ***** Starting Scenario: User should be able to login using data from Excel *****
2025-08-03 02:44:32 INFO  BaseClass:25 - WebDriver instance set for thread: 18
2025-08-03 02:44:32 INFO  Loginpage:30 - Launching browser: edge
2025-08-03 02:44:32 INFO  ConfigPropertiesReader:19 - Loading configuration from: src/main/java/properties/config.properties
2025-08-03 02:44:32 INFO  ConfigPropertiesReader:24 - Configuration loaded successfully.
2025-08-03 02:44:32 INFO  Login:82 - Reading login data from Excel file: testdata/LoginData.xlsx
2025-08-03 02:44:32 INFO  ExcelReader:19 - Reading Excel file from path: testdata/LoginData.xlsx, sheet: Sheet1
2025-08-03 02:44:33 INFO  ExcelReader:26 - Total rows found (including header): 11
2025-08-03 02:44:33 INFO  Login:89 - Navigating to the login page: https://www.saucedemo.com
2025-08-03 02:44:34 INFO  Loginpage:29 - Loginpage initialized
2025-08-03 02:44:34 INFO  Homepage:23 - Homepage initialized for driver thread: 18
2025-08-03 02:44:34 INFO  WaitClass:17 - WaitClass initialized for driver: EdgeDriver: MicrosoftEdge on windows (1c2941e53d52e2723b0883d1411182a1)
2025-08-03 02:44:34 INFO  Login:89 - Navigating to the login page: https://www.saucedemo.com
2025-08-03 02:44:34 INFO  Loginpage:29 - Loginpage initialized
2025-08-03 02:44:34 INFO  Homepage:23 - Homepage initialized for driver thread: 18
2025-08-03 02:44:34 INFO  WaitClass:17 - WaitClass initialized for driver: EdgeDriver: MicrosoftEdge on windows (1c2941e53d52e2723b0883d1411182a1)
2025-08-03 02:44:34 INFO  Login:89 - Navigating to the login page: https://www.saucedemo.com
2025-08-03 02:44:34 INFO  Loginpage:29 - Loginpage initialized
2025-08-03 02:44:34 INFO  Homepage:23 - Homepage initialized for driver thread: 18
2025-08-03 02:44:34 INFO  WaitClass:17 - WaitClass initialized for driver: EdgeDriver: MicrosoftEdge on windows (1c2941e53d52e2723b0883d1411182a1)
2025-08-03 02:44:34 INFO  Login:89 - Navigating to the login page: https://www.saucedemo.com
2025-08-03 02:44:34 INFO  Loginpage:29 - Loginpage initialized
2025-08-03 02:44:34 INFO  Homepage:23 - Homepage initialized for driver thread: 18
2025-08-03 02:44:34 INFO  WaitClass:17 - WaitClass initialized for driver: EdgeDriver: MicrosoftEdge on windows (1c2941e53d52e2723b0883d1411182a1)
2025-08-03 02:44:34 INFO  Login:89 - Navigating to the login page: https://www.saucedemo.com
2025-08-03 02:44:34 INFO  Loginpage:29 - Loginpage initialized
2025-08-03 02:44:34 INFO  Homepage:23 - Homepage initialized for driver thread: 18
2025-08-03 02:44:34 INFO  WaitClass:17 - WaitClass initialized for driver: EdgeDriver: MicrosoftEdge on windows (1c2941e53d52e2723b0883d1411182a1)
2025-08-03 02:44:34 INFO  Login:89 - Navigating to the login page: https://www.saucedemo.com
2025-08-03 02:44:34 INFO  Loginpage:29 - Loginpage initialized
2025-08-03 02:44:34 INFO  Homepage:23 - Homepage initialized for driver thread: 18
2025-08-03 02:44:34 INFO  WaitClass:17 - WaitClass initialized for driver: EdgeDriver: MicrosoftEdge on windows (1c2941e53d52e2723b0883d1411182a1)
2025-08-03 02:44:34 INFO  Login:89 - Navigating to the login page: https://www.saucedemo.com
2025-08-03 02:44:34 INFO  Loginpage:29 - Loginpage initialized
2025-08-03 02:44:34 INFO  Homepage:23 - Homepage initialized for driver thread: 18
2025-08-03 02:44:34 INFO  WaitClass:17 - WaitClass initialized for driver: EdgeDriver: MicrosoftEdge on windows (1c2941e53d52e2723b0883d1411182a1)
2025-08-03 02:44:34 INFO  Login:89 - Navigating to the login page: https://www.saucedemo.com
2025-08-03 02:44:34 INFO  Loginpage:29 - Loginpage initialized
2025-08-03 02:44:34 INFO  Homepage:23 - Homepage initialized for driver thread: 18
2025-08-03 02:44:34 INFO  WaitClass:17 - WaitClass initialized for driver: EdgeDriver: MicrosoftEdge on windows (1c2941e53d52e2723b0883d1411182a1)
2025-08-03 02:44:34 INFO  Login:89 - Navigating to the login page: https://www.saucedemo.com
2025-08-03 02:44:34 INFO  Loginpage:29 - Loginpage initialized
2025-08-03 02:44:34 INFO  Homepage:23 - Homepage initialized for driver thread: 18
2025-08-03 02:44:34 INFO  WaitClass:17 - WaitClass initialized for driver: EdgeDriver: MicrosoftEdge on windows (1c2941e53d52e2723b0883d1411182a1)
2025-08-03 02:44:34 INFO  Login:89 - Navigating to the login page: https://www.saucedemo.com
2025-08-03 02:44:34 INFO  Loginpage:29 - Loginpage initialized
2025-08-03 02:44:34 INFO  Homepage:23 - Homepage initialized for driver thread: 18
2025-08-03 02:44:34 INFO  WaitClass:17 - WaitClass initialized for driver: EdgeDriver: MicrosoftEdge on windows (1c2941e53d52e2723b0883d1411182a1)
2025-08-03 02:44:34 INFO  Login:47 - Entering username and password from config
2025-08-03 02:44:34 INFO  Loginpage:34 - Entering username: standard_user
2025-08-03 02:44:34 INFO  Loginpage:40 - Entering password
2025-08-03 02:44:34 INFO  BaseClass:25 - WebDriver instance set for thread: 17
2025-08-03 02:44:34 INFO  Loginpage:30 - Launching browser: firefox
2025-08-03 02:44:34 INFO  Login:82 - Reading login data from Excel file: testdata/LoginData.xlsx
2025-08-03 02:44:34 INFO  ExcelReader:19 - Reading Excel file from path: testdata/LoginData.xlsx, sheet: Sheet1
2025-08-03 02:44:34 INFO  ExcelReader:26 - Total rows found (including header): 11
2025-08-03 02:44:34 INFO  Login:89 - Navigating to the login page: https://www.saucedemo.com
2025-08-03 02:44:35 INFO  Login:61 - Clicking on Login button
2025-08-03 02:44:35 INFO  Loginpage:46 - Clicking on login button
2025-08-03 02:44:35 INFO  WaitClass:23 - Implicit wait applied: 10 seconds
2025-08-03 02:44:35 INFO  Homepage:29 - Shopping cart link displayed: true
2025-08-03 02:44:35 INFO  Loginpage:44 - Scenario Passed: User should be able to login using data from Excel
2025-08-03 02:44:35 INFO  Loginpage:48 - Closing browser and quitting WebDriver
2025-08-03 02:44:35 INFO  Loginpage:29 - Loginpage initialized
2025-08-03 02:44:35 INFO  Homepage:23 - Homepage initialized for driver thread: 17
2025-08-03 02:44:35 INFO  WaitClass:17 - WaitClass initialized for driver: FirefoxDriver: firefox on windows (127c5afe-9fa3-4624-b15e-537e33ca8f24)
2025-08-03 02:44:35 INFO  Login:89 - Navigating to the login page: https://www.saucedemo.com
2025-08-03 02:44:36 INFO  Loginpage:29 - Loginpage initialized
2025-08-03 02:44:36 INFO  Homepage:23 - Homepage initialized for driver thread: 17
2025-08-03 02:44:36 INFO  WaitClass:17 - WaitClass initialized for driver: FirefoxDriver: firefox on windows (127c5afe-9fa3-4624-b15e-537e33ca8f24)
2025-08-03 02:44:36 INFO  Login:89 - Navigating to the login page: https://www.saucedemo.com
2025-08-03 02:44:36 INFO  Loginpage:29 - Loginpage initialized
2025-08-03 02:44:36 INFO  Homepage:23 - Homepage initialized for driver thread: 17
2025-08-03 02:44:36 INFO  WaitClass:17 - WaitClass initialized for driver: FirefoxDriver: firefox on windows (127c5afe-9fa3-4624-b15e-537e33ca8f24)
2025-08-03 02:44:36 INFO  Login:89 - Navigating to the login page: https://www.saucedemo.com
2025-08-03 02:44:36 INFO  Loginpage:29 - Loginpage initialized
2025-08-03 02:44:36 INFO  Homepage:23 - Homepage initialized for driver thread: 17
2025-08-03 02:44:36 INFO  WaitClass:17 - WaitClass initialized for driver: FirefoxDriver: firefox on windows (127c5afe-9fa3-4624-b15e-537e33ca8f24)
2025-08-03 02:44:36 INFO  Login:89 - Navigating to the login page: https://www.saucedemo.com
2025-08-03 02:44:36 INFO  Loginpage:29 - Loginpage initialized
2025-08-03 02:44:36 INFO  Homepage:23 - Homepage initialized for driver thread: 17
2025-08-03 02:44:36 INFO  WaitClass:17 - WaitClass initialized for driver: FirefoxDriver: firefox on windows (127c5afe-9fa3-4624-b15e-537e33ca8f24)
2025-08-03 02:44:36 INFO  Login:89 - Navigating to the login page: https://www.saucedemo.com
2025-08-03 02:44:36 INFO  Loginpage:29 - Loginpage initialized
2025-08-03 02:44:36 INFO  Homepage:23 - Homepage initialized for driver thread: 17
2025-08-03 02:44:36 INFO  WaitClass:17 - WaitClass initialized for driver: FirefoxDriver: firefox on windows (127c5afe-9fa3-4624-b15e-537e33ca8f24)
2025-08-03 02:44:36 INFO  Login:89 - Navigating to the login page: https://www.saucedemo.com
2025-08-03 02:44:36 INFO  Loginpage:29 - Loginpage initialized
2025-08-03 02:44:36 INFO  Homepage:23 - Homepage initialized for driver thread: 17
2025-08-03 02:44:36 INFO  WaitClass:17 - WaitClass initialized for driver: FirefoxDriver: firefox on windows (127c5afe-9fa3-4624-b15e-537e33ca8f24)
2025-08-03 02:44:36 INFO  Login:89 - Navigating to the login page: https://www.saucedemo.com
2025-08-03 02:44:36 INFO  Loginpage:29 - Loginpage initialized
2025-08-03 02:44:36 INFO  Homepage:23 - Homepage initialized for driver thread: 17
2025-08-03 02:44:36 INFO  WaitClass:17 - WaitClass initialized for driver: FirefoxDriver: firefox on windows (127c5afe-9fa3-4624-b15e-537e33ca8f24)
2025-08-03 02:44:36 INFO  Login:89 - Navigating to the login page: https://www.saucedemo.com
2025-08-03 02:44:36 INFO  Loginpage:29 - Loginpage initialized
2025-08-03 02:44:36 INFO  Homepage:23 - Homepage initialized for driver thread: 17
2025-08-03 02:44:36 INFO  WaitClass:17 - WaitClass initialized for driver: FirefoxDriver: firefox on windows (127c5afe-9fa3-4624-b15e-537e33ca8f24)
2025-08-03 02:44:36 INFO  Login:89 - Navigating to the login page: https://www.saucedemo.com
2025-08-03 02:44:37 INFO  Loginpage:29 - Loginpage initialized
2025-08-03 02:44:37 INFO  Homepage:23 - Homepage initialized for driver thread: 17
2025-08-03 02:44:37 INFO  WaitClass:17 - WaitClass initialized for driver: FirefoxDriver: firefox on windows (127c5afe-9fa3-4624-b15e-537e33ca8f24)
2025-08-03 02:44:37 INFO  Login:47 - Entering username and password from config
2025-08-03 02:44:37 INFO  Loginpage:34 - Entering username: standard_user
2025-08-03 02:44:37 INFO  Loginpage:40 - Entering password
2025-08-03 02:44:37 INFO  Login:61 - Clicking on Login button
2025-08-03 02:44:37 INFO  Loginpage:46 - Clicking on login button
2025-08-03 02:44:37 INFO  WaitClass:23 - Implicit wait applied: 10 seconds
2025-08-03 02:44:37 INFO  Homepage:29 - Shopping cart link displayed: true
2025-08-03 02:44:37 INFO  Loginpage:44 - Scenario Passed: User should be able to login using data from Excel
2025-08-03 02:44:37 INFO  Loginpage:48 - Closing browser and quitting WebDriver
2025-08-03 02:48:12 INFO  Utils:112 - [TestNG] Running:
  D:\Ideaprojects\MyProjects\POMJavaSeleniumCucumber\testng.xml

2025-08-03 02:48:12 INFO  ExtentReportManager:17 - Creating Extent Report at: D:\Ideaprojects\MyProjects\POMJavaSeleniumCucumber/test-output/ExtentReport.html
2025-08-03 02:48:12 INFO  ExtentReportManager:21 - Extent Report initialized successfully.
2025-08-03 02:48:12 INFO  Loginpage:25 - ***** Starting Scenario: User should be able to login using data from Excel *****
2025-08-03 02:48:12 INFO  Loginpage:25 - ***** Starting Scenario: User should be able to login using data from Excel *****
2025-08-03 02:48:14 INFO  BaseClass:25 - WebDriver instance set for thread: 18
2025-08-03 02:48:14 INFO  Loginpage:30 - Launching browser: edge
2025-08-03 02:48:14 INFO  ConfigPropertiesReader:19 - Loading configuration from: src/main/java/properties/config.properties
2025-08-03 02:48:14 INFO  ConfigPropertiesReader:24 - Configuration loaded successfully.
2025-08-03 02:48:14 INFO  Login:82 - Reading login data from Excel file: testdata/LoginData.xlsx
2025-08-03 02:48:14 INFO  ExcelReader:19 - Reading Excel file from path: testdata/LoginData.xlsx, sheet: Sheet1
2025-08-03 02:48:14 INFO  ExcelReader:26 - Total rows found (including header): 11
2025-08-03 02:48:14 INFO  Login:89 - Navigating to the login page: https://www.saucedemo.com
2025-08-03 02:48:15 INFO  Loginpage:29 - Loginpage initialized
2025-08-03 02:48:15 INFO  Homepage:23 - Homepage initialized for driver thread: 18
2025-08-03 02:48:15 INFO  WaitClass:17 - WaitClass initialized for driver: EdgeDriver: MicrosoftEdge on windows (c2e919132c542f04a8cca1715467a0ed)
2025-08-03 02:48:15 INFO  Loginpage:29 - Loginpage initialized
2025-08-03 02:48:15 INFO  Loginpage:34 - Entering username: standard_user
2025-08-03 02:48:15 INFO  Loginpage:40 - Entering password
2025-08-03 02:48:15 INFO  Loginpage:46 - Clicking on login button
2025-08-03 02:48:15 INFO  Homepage:23 - Homepage initialized for driver thread: 18
2025-08-03 02:48:15 INFO  Homepage:29 - Shopping cart link displayed: true
2025-08-03 02:48:16 INFO  Homepage:29 - Shopping cart link displayed: true
2025-08-03 02:48:16 INFO  Login:110 - Login success: true
2025-08-03 02:48:16 INFO  Login:89 - Navigating to the login page: https://www.saucedemo.com
2025-08-03 02:48:16 INFO  Loginpage:29 - Loginpage initialized
2025-08-03 02:48:16 INFO  Homepage:23 - Homepage initialized for driver thread: 18
2025-08-03 02:48:16 INFO  WaitClass:17 - WaitClass initialized for driver: EdgeDriver: MicrosoftEdge on windows (c2e919132c542f04a8cca1715467a0ed)
2025-08-03 02:48:16 INFO  Loginpage:29 - Loginpage initialized
2025-08-03 02:48:16 INFO  Loginpage:34 - Entering username: problem_user
2025-08-03 02:48:16 INFO  BaseClass:25 - WebDriver instance set for thread: 17
2025-08-03 02:48:16 INFO  Loginpage:30 - Launching browser: firefox
2025-08-03 02:48:16 INFO  Login:82 - Reading login data from Excel file: testdata/LoginData.xlsx
2025-08-03 02:48:16 INFO  ExcelReader:19 - Reading Excel file from path: testdata/LoginData.xlsx, sheet: Sheet1
2025-08-03 02:48:16 INFO  ExcelReader:26 - Total rows found (including header): 11
2025-08-03 02:48:16 INFO  Login:89 - Navigating to the login page: https://www.saucedemo.com
2025-08-03 02:48:16 INFO  Loginpage:40 - Entering password
2025-08-03 02:48:16 INFO  Loginpage:46 - Clicking on login button
2025-08-03 02:48:16 INFO  Homepage:23 - Homepage initialized for driver thread: 18
2025-08-03 02:48:16 INFO  Homepage:29 - Shopping cart link displayed: true
2025-08-03 02:48:16 INFO  Homepage:29 - Shopping cart link displayed: true
2025-08-03 02:48:16 INFO  Login:110 - Login success: true
2025-08-03 02:48:16 INFO  Login:89 - Navigating to the login page: https://www.saucedemo.com
2025-08-03 02:48:16 INFO  Loginpage:29 - Loginpage initialized
2025-08-03 02:48:16 INFO  Homepage:23 - Homepage initialized for driver thread: 18
2025-08-03 02:48:16 INFO  WaitClass:17 - WaitClass initialized for driver: EdgeDriver: MicrosoftEdge on windows (c2e919132c542f04a8cca1715467a0ed)
2025-08-03 02:48:16 INFO  Loginpage:29 - Loginpage initialized
2025-08-03 02:48:16 INFO  Loginpage:34 - Entering username: performance_glitch_user
2025-08-03 02:48:16 INFO  Loginpage:40 - Entering password
2025-08-03 02:48:16 INFO  Loginpage:46 - Clicking on login button
2025-08-03 02:48:20 INFO  Loginpage:29 - Loginpage initialized
2025-08-03 02:48:20 INFO  Homepage:23 - Homepage initialized for driver thread: 17
2025-08-03 02:48:20 INFO  WaitClass:17 - WaitClass initialized for driver: FirefoxDriver: firefox on windows (70bcf2f1-950c-4d02-b164-3f36dced7814)
2025-08-03 02:48:20 INFO  Loginpage:29 - Loginpage initialized
2025-08-03 02:48:20 INFO  Loginpage:34 - Entering username: standard_user
2025-08-03 02:48:22 INFO  Homepage:23 - Homepage initialized for driver thread: 18
2025-08-03 02:48:22 INFO  Loginpage:40 - Entering password
2025-08-03 02:48:22 INFO  Homepage:29 - Shopping cart link displayed: true
2025-08-03 02:48:22 INFO  Homepage:29 - Shopping cart link displayed: true
2025-08-03 02:48:22 INFO  Login:110 - Login success: true
2025-08-03 02:48:22 INFO  Login:89 - Navigating to the login page: https://www.saucedemo.com
2025-08-03 02:48:22 INFO  Loginpage:46 - Clicking on login button
2025-08-03 02:48:23 INFO  Loginpage:29 - Loginpage initialized
2025-08-03 02:48:23 INFO  Homepage:23 - Homepage initialized for driver thread: 18
2025-08-03 02:48:23 INFO  WaitClass:17 - WaitClass initialized for driver: EdgeDriver: MicrosoftEdge on windows (c2e919132c542f04a8cca1715467a0ed)
2025-08-03 02:48:23 INFO  Loginpage:29 - Loginpage initialized
2025-08-03 02:48:23 INFO  Loginpage:34 - Entering username: error_user
2025-08-03 02:48:23 INFO  Homepage:23 - Homepage initialized for driver thread: 17
2025-08-03 02:48:23 INFO  Homepage:29 - Shopping cart link displayed: true
2025-08-03 02:48:23 INFO  Homepage:29 - Shopping cart link displayed: true
2025-08-03 02:48:23 INFO  Login:110 - Login success: true
2025-08-03 02:48:23 INFO  Login:89 - Navigating to the login page: https://www.saucedemo.com
2025-08-03 02:48:23 INFO  Loginpage:40 - Entering password
2025-08-03 02:48:24 INFO  Loginpage:46 - Clicking on login button
2025-08-03 02:48:24 INFO  Loginpage:29 - Loginpage initialized
2025-08-03 02:48:24 INFO  Homepage:23 - Homepage initialized for driver thread: 17
2025-08-03 02:48:24 INFO  WaitClass:17 - WaitClass initialized for driver: FirefoxDriver: firefox on windows (70bcf2f1-950c-4d02-b164-3f36dced7814)
2025-08-03 02:48:24 INFO  Loginpage:29 - Loginpage initialized
2025-08-03 02:48:24 INFO  Loginpage:34 - Entering username: problem_user
2025-08-03 02:48:24 INFO  Loginpage:40 - Entering password
2025-08-03 02:48:24 INFO  Homepage:23 - Homepage initialized for driver thread: 18
2025-08-03 02:48:24 INFO  Loginpage:46 - Clicking on login button
2025-08-03 02:48:24 INFO  Homepage:29 - Shopping cart link displayed: true
2025-08-03 02:48:25 INFO  Homepage:29 - Shopping cart link displayed: true
2025-08-03 02:48:25 INFO  Login:110 - Login success: true
2025-08-03 02:48:25 INFO  Login:89 - Navigating to the login page: https://www.saucedemo.com
2025-08-03 02:48:25 INFO  Homepage:23 - Homepage initialized for driver thread: 17
2025-08-03 02:48:25 INFO  Homepage:29 - Shopping cart link displayed: true
2025-08-03 02:48:25 INFO  Loginpage:29 - Loginpage initialized
2025-08-03 02:48:25 INFO  Homepage:23 - Homepage initialized for driver thread: 18
2025-08-03 02:48:25 INFO  WaitClass:17 - WaitClass initialized for driver: EdgeDriver: MicrosoftEdge on windows (c2e919132c542f04a8cca1715467a0ed)
2025-08-03 02:48:25 INFO  Loginpage:29 - Loginpage initialized
2025-08-03 02:48:25 INFO  Loginpage:34 - Entering username: visual_user
2025-08-03 02:48:25 INFO  Homepage:29 - Shopping cart link displayed: true
2025-08-03 02:48:25 INFO  Login:110 - Login success: true
2025-08-03 02:48:25 INFO  Login:89 - Navigating to the login page: https://www.saucedemo.com
2025-08-03 02:48:25 INFO  Loginpage:40 - Entering password
2025-08-03 02:48:26 INFO  Loginpage:46 - Clicking on login button
2025-08-03 02:48:26 INFO  Loginpage:29 - Loginpage initialized
2025-08-03 02:48:26 INFO  Homepage:23 - Homepage initialized for driver thread: 17
2025-08-03 02:48:26 INFO  WaitClass:17 - WaitClass initialized for driver: FirefoxDriver: firefox on windows (70bcf2f1-950c-4d02-b164-3f36dced7814)
2025-08-03 02:48:26 INFO  Loginpage:29 - Loginpage initialized
2025-08-03 02:48:26 INFO  Loginpage:34 - Entering username: performance_glitch_user
2025-08-03 02:48:26 INFO  Loginpage:40 - Entering password
2025-08-03 02:48:26 INFO  Loginpage:46 - Clicking on login button
2025-08-03 02:48:26 INFO  Homepage:23 - Homepage initialized for driver thread: 18
2025-08-03 02:48:26 INFO  Homepage:29 - Shopping cart link displayed: true
2025-08-03 02:48:26 INFO  Homepage:29 - Shopping cart link displayed: true
2025-08-03 02:48:26 INFO  Login:110 - Login success: true
2025-08-03 02:48:26 INFO  Login:89 - Navigating to the login page: https://www.saucedemo.com
2025-08-03 02:48:27 INFO  Loginpage:29 - Loginpage initialized
2025-08-03 02:48:27 INFO  Homepage:23 - Homepage initialized for driver thread: 18
2025-08-03 02:48:27 INFO  WaitClass:17 - WaitClass initialized for driver: EdgeDriver: MicrosoftEdge on windows (c2e919132c542f04a8cca1715467a0ed)
2025-08-03 02:48:27 INFO  Loginpage:29 - Loginpage initialized
2025-08-03 02:48:27 INFO  Loginpage:34 - Entering username: standard_user
2025-08-03 02:48:27 INFO  Loginpage:40 - Entering password
2025-08-03 02:48:27 INFO  Loginpage:46 - Clicking on login button
2025-08-03 02:48:27 INFO  Homepage:23 - Homepage initialized for driver thread: 18
2025-08-03 02:48:28 INFO  Homepage:29 - Shopping cart link displayed: true
2025-08-03 02:48:28 INFO  Homepage:29 - Shopping cart link displayed: true
2025-08-03 02:48:28 INFO  Login:110 - Login success: true
2025-08-03 02:48:28 INFO  Login:89 - Navigating to the login page: https://www.saucedemo.com
2025-08-03 02:48:28 INFO  Loginpage:29 - Loginpage initialized
2025-08-03 02:48:28 INFO  Homepage:23 - Homepage initialized for driver thread: 18
2025-08-03 02:48:28 INFO  WaitClass:17 - WaitClass initialized for driver: EdgeDriver: MicrosoftEdge on windows (c2e919132c542f04a8cca1715467a0ed)
2025-08-03 02:48:28 INFO  Loginpage:29 - Loginpage initialized
2025-08-03 02:48:28 INFO  Loginpage:34 - Entering username: problem_user
2025-08-03 02:48:28 INFO  Loginpage:40 - Entering password
2025-08-03 02:48:28 INFO  Loginpage:46 - Clicking on login button
2025-08-03 02:48:29 INFO  Homepage:23 - Homepage initialized for driver thread: 18
2025-08-03 02:48:29 INFO  Homepage:29 - Shopping cart link displayed: true
2025-08-03 02:48:29 INFO  Homepage:29 - Shopping cart link displayed: true
2025-08-03 02:48:29 INFO  Login:110 - Login success: true
2025-08-03 02:48:29 INFO  Login:89 - Navigating to the login page: https://www.saucedemo.com
2025-08-03 02:48:29 INFO  Loginpage:29 - Loginpage initialized
2025-08-03 02:48:29 INFO  Homepage:23 - Homepage initialized for driver thread: 18
2025-08-03 02:48:29 INFO  WaitClass:17 - WaitClass initialized for driver: EdgeDriver: MicrosoftEdge on windows (c2e919132c542f04a8cca1715467a0ed)
2025-08-03 02:48:29 INFO  Loginpage:29 - Loginpage initialized
2025-08-03 02:48:29 INFO  Loginpage:34 - Entering username: performance_glitch_user
2025-08-03 02:48:29 INFO  Loginpage:40 - Entering password
2025-08-03 02:48:29 INFO  Loginpage:46 - Clicking on login button
2025-08-03 02:48:31 INFO  Homepage:23 - Homepage initialized for driver thread: 17
2025-08-03 02:48:31 INFO  Homepage:29 - Shopping cart link displayed: true
2025-08-03 02:48:31 INFO  Homepage:29 - Shopping cart link displayed: true
2025-08-03 02:48:31 INFO  Login:110 - Login success: true
2025-08-03 02:48:31 INFO  Login:89 - Navigating to the login page: https://www.saucedemo.com
2025-08-03 02:48:32 INFO  Loginpage:29 - Loginpage initialized
2025-08-03 02:48:32 INFO  Homepage:23 - Homepage initialized for driver thread: 17
2025-08-03 02:48:32 INFO  WaitClass:17 - WaitClass initialized for driver: FirefoxDriver: firefox on windows (70bcf2f1-950c-4d02-b164-3f36dced7814)
2025-08-03 02:48:32 INFO  Loginpage:29 - Loginpage initialized
2025-08-03 02:48:32 INFO  Loginpage:34 - Entering username: error_user
2025-08-03 02:48:32 INFO  Loginpage:40 - Entering password
2025-08-03 02:48:32 INFO  Loginpage:46 - Clicking on login button
2025-08-03 02:48:32 INFO  Homepage:23 - Homepage initialized for driver thread: 17
2025-08-03 02:48:32 INFO  Homepage:29 - Shopping cart link displayed: true
2025-08-03 02:48:32 INFO  Homepage:29 - Shopping cart link displayed: true
2025-08-03 02:48:32 INFO  Login:110 - Login success: true
2025-08-03 02:48:32 INFO  Login:89 - Navigating to the login page: https://www.saucedemo.com
2025-08-03 02:48:33 INFO  Loginpage:29 - Loginpage initialized
2025-08-03 02:48:33 INFO  Homepage:23 - Homepage initialized for driver thread: 17
2025-08-03 02:48:33 INFO  WaitClass:17 - WaitClass initialized for driver: FirefoxDriver: firefox on windows (70bcf2f1-950c-4d02-b164-3f36dced7814)
2025-08-03 02:48:33 INFO  Loginpage:29 - Loginpage initialized
2025-08-03 02:48:33 INFO  Loginpage:34 - Entering username: visual_user
2025-08-03 02:48:33 INFO  Loginpage:40 - Entering password
2025-08-03 02:48:33 INFO  Loginpage:46 - Clicking on login button
2025-08-03 02:48:33 INFO  Homepage:23 - Homepage initialized for driver thread: 17
2025-08-03 02:48:33 INFO  Homepage:29 - Shopping cart link displayed: true
2025-08-03 02:48:33 INFO  Homepage:29 - Shopping cart link displayed: true
2025-08-03 02:48:33 INFO  Login:110 - Login success: true
2025-08-03 02:48:33 INFO  Login:89 - Navigating to the login page: https://www.saucedemo.com
2025-08-03 02:48:33 INFO  Loginpage:29 - Loginpage initialized
2025-08-03 02:48:33 INFO  Homepage:23 - Homepage initialized for driver thread: 17
2025-08-03 02:48:33 INFO  WaitClass:17 - WaitClass initialized for driver: FirefoxDriver: firefox on windows (70bcf2f1-950c-4d02-b164-3f36dced7814)
2025-08-03 02:48:33 INFO  Loginpage:29 - Loginpage initialized
2025-08-03 02:48:33 INFO  Loginpage:34 - Entering username: standard_user
2025-08-03 02:48:34 INFO  Loginpage:40 - Entering password
2025-08-03 02:48:34 INFO  Loginpage:46 - Clicking on login button
2025-08-03 02:48:34 INFO  Homepage:23 - Homepage initialized for driver thread: 17
2025-08-03 02:48:34 INFO  Homepage:29 - Shopping cart link displayed: true
2025-08-03 02:48:34 INFO  Homepage:29 - Shopping cart link displayed: true
2025-08-03 02:48:34 INFO  Login:110 - Login success: true
2025-08-03 02:48:34 INFO  Login:89 - Navigating to the login page: https://www.saucedemo.com
2025-08-03 02:48:35 INFO  Loginpage:29 - Loginpage initialized
2025-08-03 02:48:35 INFO  Homepage:23 - Homepage initialized for driver thread: 17
2025-08-03 02:48:35 INFO  WaitClass:17 - WaitClass initialized for driver: FirefoxDriver: firefox on windows (70bcf2f1-950c-4d02-b164-3f36dced7814)
2025-08-03 02:48:35 INFO  Loginpage:29 - Loginpage initialized
2025-08-03 02:48:35 INFO  Loginpage:34 - Entering username: problem_user
2025-08-03 02:48:35 INFO  Loginpage:40 - Entering password
2025-08-03 02:48:35 INFO  Loginpage:46 - Clicking on login button
2025-08-03 02:48:35 INFO  Homepage:23 - Homepage initialized for driver thread: 18
2025-08-03 02:48:35 INFO  Homepage:23 - Homepage initialized for driver thread: 17
2025-08-03 02:48:35 INFO  Homepage:29 - Shopping cart link displayed: true
2025-08-03 02:48:35 INFO  Homepage:29 - Shopping cart link displayed: true
2025-08-03 02:48:35 INFO  Homepage:29 - Shopping cart link displayed: true
2025-08-03 02:48:35 INFO  Login:110 - Login success: true
2025-08-03 02:48:35 INFO  Login:89 - Navigating to the login page: https://www.saucedemo.com
2025-08-03 02:48:35 INFO  Homepage:29 - Shopping cart link displayed: true
2025-08-03 02:48:35 INFO  Login:110 - Login success: true
2025-08-03 02:48:35 INFO  Login:89 - Navigating to the login page: https://www.saucedemo.com
2025-08-03 02:48:35 INFO  Loginpage:29 - Loginpage initialized
2025-08-03 02:48:35 INFO  Homepage:23 - Homepage initialized for driver thread: 18
2025-08-03 02:48:35 INFO  WaitClass:17 - WaitClass initialized for driver: EdgeDriver: MicrosoftEdge on windows (c2e919132c542f04a8cca1715467a0ed)
2025-08-03 02:48:35 INFO  Loginpage:29 - Loginpage initialized
2025-08-03 02:48:35 INFO  Loginpage:34 - Entering username: error_user
2025-08-03 02:48:36 INFO  Loginpage:40 - Entering password
2025-08-03 02:48:36 INFO  Loginpage:29 - Loginpage initialized
2025-08-03 02:48:36 INFO  Homepage:23 - Homepage initialized for driver thread: 17
2025-08-03 02:48:36 INFO  WaitClass:17 - WaitClass initialized for driver: FirefoxDriver: firefox on windows (70bcf2f1-950c-4d02-b164-3f36dced7814)
2025-08-03 02:48:36 INFO  Loginpage:29 - Loginpage initialized
2025-08-03 02:48:36 INFO  Loginpage:34 - Entering username: performance_glitch_user
2025-08-03 02:48:36 INFO  Loginpage:46 - Clicking on login button
2025-08-03 02:48:36 INFO  Loginpage:40 - Entering password
2025-08-03 02:48:36 INFO  Loginpage:46 - Clicking on login button
2025-08-03 02:48:36 INFO  Homepage:23 - Homepage initialized for driver thread: 18
2025-08-03 02:48:36 INFO  Homepage:29 - Shopping cart link displayed: true
2025-08-03 02:48:36 INFO  Homepage:29 - Shopping cart link displayed: true
2025-08-03 02:48:36 INFO  Login:110 - Login success: true
2025-08-03 02:48:36 INFO  Login:89 - Navigating to the login page: https://www.saucedemo.com
2025-08-03 02:48:36 INFO  Loginpage:29 - Loginpage initialized
2025-08-03 02:48:36 INFO  Homepage:23 - Homepage initialized for driver thread: 18
2025-08-03 02:48:36 INFO  WaitClass:17 - WaitClass initialized for driver: EdgeDriver: MicrosoftEdge on windows (c2e919132c542f04a8cca1715467a0ed)
2025-08-03 02:48:36 INFO  Loginpage:29 - Loginpage initialized
2025-08-03 02:48:36 INFO  Loginpage:34 - Entering username: visual_user
2025-08-03 02:48:36 INFO  Loginpage:40 - Entering password
2025-08-03 02:48:37 INFO  Loginpage:46 - Clicking on login button
2025-08-03 02:48:37 INFO  Homepage:23 - Homepage initialized for driver thread: 18
2025-08-03 02:48:37 INFO  Homepage:29 - Shopping cart link displayed: true
2025-08-03 02:48:37 INFO  Homepage:29 - Shopping cart link displayed: true
2025-08-03 02:48:37 INFO  Login:110 - Login success: true
2025-08-03 02:48:37 INFO  Loginpage:44 - Scenario Passed: User should be able to login using data from Excel
2025-08-03 02:48:37 INFO  Loginpage:48 - Closing browser and quitting WebDriver
2025-08-03 02:48:41 INFO  Homepage:23 - Homepage initialized for driver thread: 17
2025-08-03 02:48:41 INFO  Homepage:29 - Shopping cart link displayed: true
2025-08-03 02:48:41 INFO  Homepage:29 - Shopping cart link displayed: true
2025-08-03 02:48:41 INFO  Login:110 - Login success: true
2025-08-03 02:48:41 INFO  Login:89 - Navigating to the login page: https://www.saucedemo.com
2025-08-03 02:48:41 INFO  Loginpage:29 - Loginpage initialized
2025-08-03 02:48:41 INFO  Homepage:23 - Homepage initialized for driver thread: 17
2025-08-03 02:48:41 INFO  WaitClass:17 - WaitClass initialized for driver: FirefoxDriver: firefox on windows (70bcf2f1-950c-4d02-b164-3f36dced7814)
2025-08-03 02:48:41 INFO  Loginpage:29 - Loginpage initialized
2025-08-03 02:48:41 INFO  Loginpage:34 - Entering username: error_user
2025-08-03 02:48:41 INFO  Loginpage:40 - Entering password
2025-08-03 02:48:41 INFO  Loginpage:46 - Clicking on login button
2025-08-03 02:48:42 INFO  Homepage:23 - Homepage initialized for driver thread: 17
2025-08-03 02:48:42 INFO  Homepage:29 - Shopping cart link displayed: true
2025-08-03 02:48:42 INFO  Homepage:29 - Shopping cart link displayed: true
2025-08-03 02:48:42 INFO  Login:110 - Login success: true
2025-08-03 02:48:42 INFO  Login:89 - Navigating to the login page: https://www.saucedemo.com
2025-08-03 02:48:42 INFO  Loginpage:29 - Loginpage initialized
2025-08-03 02:48:42 INFO  Homepage:23 - Homepage initialized for driver thread: 17
2025-08-03 02:48:42 INFO  WaitClass:17 - WaitClass initialized for driver: FirefoxDriver: firefox on windows (70bcf2f1-950c-4d02-b164-3f36dced7814)
2025-08-03 02:48:42 INFO  Loginpage:29 - Loginpage initialized
2025-08-03 02:48:42 INFO  Loginpage:34 - Entering username: visual_user
2025-08-03 02:48:42 INFO  Loginpage:40 - Entering password
2025-08-03 02:48:42 INFO  Loginpage:46 - Clicking on login button
2025-08-03 02:48:42 INFO  Homepage:23 - Homepage initialized for driver thread: 17
2025-08-03 02:48:42 INFO  Homepage:29 - Shopping cart link displayed: true
2025-08-03 02:48:42 INFO  Homepage:29 - Shopping cart link displayed: true
2025-08-03 02:48:42 INFO  Login:110 - Login success: true
2025-08-03 02:48:42 INFO  Loginpage:44 - Scenario Passed: User should be able to login using data from Excel
2025-08-03 02:48:42 INFO  Loginpage:48 - Closing browser and quitting WebDriver
